#
# There is insufficient memory for the Java Runtime Environment to continue.
# Native memory allocation (malloc) failed to allocate 914656 bytes for Chunk::new
# Possible reasons:
#   The system is out of physical RAM or swap space
#   The process is running with CompressedOops enabled, and the Java Heap may be blocking the growth of the native heap
# Possible solutions:
#   Reduce memory load on the system
#   Increase physical memory or swap space
#   Check if swap backing store is full
#   Decrease Java heap size (-Xmx/-Xms)
#   Decrease number of Java threads
#   Decrease Java thread stack sizes (-Xss)
#   Set larger code cache with -XX:ReservedCodeCacheSize=
#   JVM is running with Unscaled Compressed Oops mode in which the Java heap is
#     placed in the first 4GB address space. The Java Heap base address is the
#     maximum limit for the native heap growth. Please use -XX:HeapBaseMinAddress
#     to set the Java Heap base and to place the Java Heap above 4GB virtual address.
# This output file may be truncated or incomplete.
#
#  Out of Memory Error (./src/hotspot/share/memory/arena.cpp:197), pid=7560, tid=10476
#
# JRE version: OpenJDK Runtime Environment (11.0.8+10) (build 11.0.8+10-b944.6842174)
# Java VM: OpenJDK 64-Bit Server VM (11.0.8+10-b944.6842174, mixed mode, tiered, compressed oops, g1 gc, windows-amd64)
# No core dump will be written. Minidumps are not enabled by default on client versions of Windows
#

---------------  S U M M A R Y ------------

Command Line: --add-opens=java.base/java.util=ALL-UNNAMED --add-opens=java.base/java.lang=ALL-UNNAMED --add-opens=java.base/java.lang.invoke=ALL-UNNAMED --add-opens=java.prefs/java.util.prefs=ALL-UNNAMED -Xmx2048m -Dfile.encoding=windows-1252 -Duser.country=US -Duser.language=en -Duser.variant org.gradle.launcher.daemon.bootstrap.GradleDaemon 6.1.1

Host: Intel(R) Core(TM) i5-8250U CPU @ 1.60GHz, 8 cores, 11G,  Windows 10 , 64 bit Build 19041 (10.0.19041.928)
Time: Thu May 13 17:51:34 2021 SE Asia Standard Time elapsed time: 4193 seconds (0d 1h 9m 53s)

---------------  T H R E A D  ---------------

Current thread (0x0000017918600800):  JavaThread "C2 CompilerThread1" daemon [_thread_in_native, id=10476, stack(0x0000004cd0c00000,0x0000004cd0d00000)]


Current CompileTask:
C2:4193645 15170       4       com.android.tools.r8.dex.n::m (2047 bytes)

Stack: [0x0000004cd0c00000,0x0000004cd0d00000]
Native frames: (J=compiled Java code, j=interpreted, Vv=VM code, C=native code)
V  [jvm.dll+0x5de50a]
V  [jvm.dll+0x7122f5]
V  [jvm.dll+0x71384d]
V  [jvm.dll+0x713f03]
V  [jvm.dll+0x23e728]
V  [jvm.dll+0xb899c]
V  [jvm.dll+0xb8e9c]
V  [jvm.dll+0x2b20e4]
V  [jvm.dll+0x502098]
V  [jvm.dll+0x1ff393]
V  [jvm.dll+0x1f917c]
V  [jvm.dll+0x1f685f]
V  [jvm.dll+0x17f32c]
V  [jvm.dll+0x205047]
V  [jvm.dll+0x203891]
V  [jvm.dll+0x6dad3f]
V  [jvm.dll+0x6d3895]
V  [jvm.dll+0x5dd4a6]
C  [ucrtbase.dll+0x21bb2]
C  [KERNEL32.DLL+0x17034]
C  [ntdll.dll+0x52651]


---------------  P R O C E S S  ---------------

Threads class SMR info:
_java_thread_list=0x00000179116f7030, length=68, elements={
0x0000017975a9b800, 0x000001797edd2000, 0x000001797edd5000, 0x000001797f64e800,
0x000001797f650800, 0x000001797f652800, 0x000001797f656000, 0x000001797f657000,
0x000001797f7c3000, 0x000001797f7d3800, 0x00000179127ef800, 0x00000179129b4800,
0x000001791264a800, 0x0000017912c63800, 0x0000017912c65800, 0x0000017912c66000,
0x0000017912c67000, 0x0000017915718000, 0x000001791571f800, 0x0000017915265000,
0x0000017915270800, 0x0000017915719000, 0x000001791571a000, 0x000001791571a800,
0x000001791571b800, 0x000001791571c800, 0x0000017915716800, 0x000001791571d000,
0x0000017915717800, 0x0000017915723800, 0x000001791571f000, 0x000001791571e000,
0x0000017918600800, 0x00000179197df800, 0x0000017915720800, 0x0000017915721000,
0x0000017915722000, 0x0000017915724800, 0x0000017915723000, 0x0000017915725800,
0x0000017915267000, 0x0000017915267800, 0x0000017915268800, 0x0000017915269800,
0x0000017915264800, 0x000001791526e000, 0x000001791526a000, 0x000001791526f000,
0x000001791526b000, 0x0000017915271800, 0x000001791526c000, 0x0000017915272800,
0x0000017915270000, 0x000001791526c800, 0x0000017915273000, 0x000001791526d800,
0x0000017912c60800, 0x0000017912c62000, 0x0000017912c63000, 0x0000017912c64800,
0x00000179197e2000, 0x00000179197e5800, 0x00000179197e0800, 0x00000179197e3000,
0x00000179197e3800, 0x00000179197e4800, 0x00000179197e8800, 0x00000179197ea000
}

Java Threads: ( => current thread )
  0x0000017975a9b800 JavaThread "main" [_thread_blocked, id=15040, stack(0x0000004cce500000,0x0000004cce600000)]
  0x000001797edd2000 JavaThread "Reference Handler" daemon [_thread_blocked, id=14904, stack(0x0000004ccec00000,0x0000004cced00000)]
  0x000001797edd5000 JavaThread "Finalizer" daemon [_thread_blocked, id=14976, stack(0x0000004cced00000,0x0000004ccee00000)]
  0x000001797f64e800 JavaThread "Signal Dispatcher" daemon [_thread_blocked, id=16272, stack(0x0000004ccee00000,0x0000004ccef00000)]
  0x000001797f650800 JavaThread "Attach Listener" daemon [_thread_blocked, id=280, stack(0x0000004ccef00000,0x0000004ccf000000)]
  0x000001797f652800 JavaThread "C2 CompilerThread0" daemon [_thread_in_native, id=13888, stack(0x0000004ccf000000,0x0000004ccf100000)]
  0x000001797f656000 JavaThread "C1 CompilerThread0" daemon [_thread_blocked, id=9388, stack(0x0000004ccf100000,0x0000004ccf200000)]
  0x000001797f657000 JavaThread "Sweeper thread" daemon [_thread_blocked, id=4328, stack(0x0000004ccf200000,0x0000004ccf300000)]
  0x000001797f7c3000 JavaThread "Common-Cleaner" daemon [_thread_blocked, id=14728, stack(0x0000004ccf300000,0x0000004ccf400000)]
  0x000001797f7d3800 JavaThread "Service Thread" daemon [_thread_blocked, id=11652, stack(0x0000004ccf400000,0x0000004ccf500000)]
  0x00000179127ef800 JavaThread "Daemon health stats" [_thread_blocked, id=1544, stack(0x0000004ccfb00000,0x0000004ccfc00000)]
  0x00000179129b4800 JavaThread "Incoming local TCP Connector on port 61035" [_thread_in_native, id=16252, stack(0x0000004ccf600000,0x0000004ccf700000)]
  0x000001791264a800 JavaThread "Daemon periodic checks" [_thread_blocked, id=1808, stack(0x0000004ccfa00000,0x0000004ccfb00000)]
  0x0000017912c63800 JavaThread "Cache worker for journal cache (C:\Users\COMPUTER\.gradle\caches\journal-1)" [_thread_blocked, id=15576, stack(0x0000004cd0300000,0x0000004cd0400000)]
  0x0000017912c65800 JavaThread "File lock request listener" [_thread_in_native, id=11752, stack(0x0000004cd0400000,0x0000004cd0500000)]
  0x0000017912c66000 JavaThread "Cache worker for file hash cache (C:\Users\COMPUTER\.gradle\caches\6.1.1\fileHashes)" [_thread_blocked, id=9932, stack(0x0000004cd0500000,0x0000004cd0600000)]
  0x0000017912c67000 JavaThread "Cache worker for execution history cache (C:\Users\COMPUTER\.gradle\caches\6.1.1\executionHistory)" [_thread_blocked, id=10404, stack(0x0000004cd1100000,0x0000004cd1200000)]
  0x0000017915718000 JavaThread "Memory manager" [_thread_blocked, id=13608, stack(0x0000004cd1b00000,0x0000004cd1c00000)]
  0x000001791571f800 JavaThread "Cache worker for file content cache (C:\Users\COMPUTER\.gradle\caches\6.1.1\fileContent)" [_thread_blocked, id=13544, stack(0x0000004cd1c00000,0x0000004cd1d00000)]
  0x0000017915265000 JavaThread "Cache worker for Java compile cache (C:\Users\COMPUTER\.gradle\caches\6.1.1\javaCompile)" [_thread_blocked, id=15316, stack(0x0000004cd2c00000,0x0000004cd2d00000)]
  0x0000017915270800 JavaThread "ForkJoinPool.commonPool-worker-11" daemon [_thread_blocked, id=15216, stack(0x0000004cd3400000,0x0000004cd3500000)]
  0x0000017915719000 JavaThread "Daemon Thread 2" [_thread_blocked, id=4680, stack(0x0000004cce200000,0x0000004cce300000)]
  0x000001791571a000 JavaThread "Handler for socket connection from /127.0.0.1:61035 to /127.0.0.1:61489" [_thread_in_native, id=2688, stack(0x0000004cce300000,0x0000004cce400000)]
  0x000001791571a800 JavaThread "Cancel handler" [_thread_blocked, id=14924, stack(0x0000004cce400000,0x0000004cce500000)]
  0x000001791571b800 JavaThread "Daemon worker Thread 2" [_thread_blocked, id=1036, stack(0x0000004ccfc00000,0x0000004ccfd00000)]
  0x000001791571c800 JavaThread "Asynchronous log dispatcher for DefaultDaemonConnection: socket connection from /127.0.0.1:61035 to /127.0.0.1:61489" [_thread_blocked, id=6800, stack(0x0000004ccfd00000,0x0000004ccfe00000)]
  0x0000017915716800 JavaThread "Stdin handler" [_thread_blocked, id=9972, stack(0x0000004ccfe00000,0x0000004ccff00000)]
  0x000001791571d000 JavaThread "Thread-51" [_thread_blocked, id=9232, stack(0x0000004ccff00000,0x0000004cd0000000)]
  0x0000017915717800 JavaThread "Cache worker for checksums cache (C:\Users\COMPUTER\Desktop\LEARN\newver\.gradle\checksums)" [_thread_blocked, id=1924, stack(0x0000004cd0000000,0x0000004cd0100000)]
  0x0000017915723800 JavaThread "Cache worker for file hash cache (C:\Users\COMPUTER\Desktop\LEARN\newver\.gradle\6.1.1\fileHashes)" [_thread_blocked, id=16068, stack(0x0000004cd0100000,0x0000004cd0200000)]
  0x000001791571f000 JavaThread "Cache worker for cache directory md-supplier (C:\Users\COMPUTER\.gradle\caches\6.1.1\md-supplier)" [_thread_blocked, id=5128, stack(0x0000004cd0200000,0x0000004cd0300000)]
  0x000001791571e000 JavaThread "Cache worker for cache directory md-rule (C:\Users\COMPUTER\.gradle\caches\6.1.1\md-rule)" [_thread_blocked, id=13676, stack(0x0000004cd0b00000,0x0000004cd0c00000)]
=>0x0000017918600800 JavaThread "C2 CompilerThread1" daemon [_thread_in_native, id=10476, stack(0x0000004cd0c00000,0x0000004cd0d00000)]
  0x00000179197df800 JavaThread "C2 CompilerThread2" daemon [_thread_in_native, id=3524, stack(0x0000004cd0d00000,0x0000004cd0e00000)]
  0x0000017915720800 JavaThread "Build operations" [_thread_blocked, id=16284, stack(0x0000004cd0e00000,0x0000004cd0f00000)]
  0x0000017915721000 JavaThread "Build operations Thread 2" [_thread_blocked, id=15668, stack(0x0000004cd0f00000,0x0000004cd1000000)]
  0x0000017915722000 JavaThread "Build operations Thread 3" [_thread_blocked, id=12076, stack(0x0000004cd1000000,0x0000004cd1100000)]
  0x0000017915724800 JavaThread "Build operations Thread 4" [_thread_blocked, id=76, stack(0x0000004cd1200000,0x0000004cd1300000)]
  0x0000017915723000 JavaThread "Build operations Thread 5" [_thread_blocked, id=8132, stack(0x0000004cd1300000,0x0000004cd1400000)]
  0x0000017915725800 JavaThread "Build operations Thread 6" [_thread_blocked, id=12916, stack(0x0000004cd1400000,0x0000004cd1500000)]
  0x0000017915267000 JavaThread "Build operations Thread 7" [_thread_blocked, id=10436, stack(0x0000004cd1500000,0x0000004cd1600000)]
  0x0000017915267800 JavaThread "Build operations Thread 8" [_thread_blocked, id=4484, stack(0x0000004cd1600000,0x0000004cd1700000)]
  0x0000017915268800 JavaThread "Cache worker for Build Output Cleanup Cache (C:\Users\COMPUTER\Desktop\LEARN\newver\.gradle\buildOutputCleanup)" [_thread_blocked, id=4640, stack(0x0000004cd1700000,0x0000004cd1800000)]
  0x0000017915269800 JavaThread "Cache worker for file content cache (C:\Users\COMPUTER\Desktop\LEARN\newver\.gradle\6.1.1\fileContent)" [_thread_blocked, id=15924, stack(0x0000004cd1800000,0x0000004cd1900000)]
  0x0000017915264800 JavaThread "Execution worker for ':'" [_thread_blocked, id=9584, stack(0x0000004cd1900000,0x0000004cd1a00000)]
  0x000001791526e000 JavaThread "Execution worker for ':' Thread 2" [_thread_blocked, id=9164, stack(0x0000004cd1a00000,0x0000004cd1b00000)]
  0x000001791526a000 JavaThread "Execution worker for ':' Thread 3" [_thread_in_vm, id=4160, stack(0x0000004cd1d00000,0x0000004cd1e00000)]
  0x000001791526f000 JavaThread "Execution worker for ':' Thread 4" [_thread_blocked, id=2824, stack(0x0000004cd1e00000,0x0000004cd1f00000)]
  0x000001791526b000 JavaThread "Execution worker for ':' Thread 5" [_thread_blocked, id=15544, stack(0x0000004cd1f00000,0x0000004cd2000000)]
  0x0000017915271800 JavaThread "Execution worker for ':' Thread 6" [_thread_blocked, id=6828, stack(0x0000004cd2000000,0x0000004cd2100000)]
  0x000001791526c000 JavaThread "Execution worker for ':' Thread 7" [_thread_blocked, id=15344, stack(0x0000004cd2100000,0x0000004cd2200000)]
  0x0000017915272800 JavaThread "Cache worker for execution history cache (C:\Users\COMPUTER\Desktop\LEARN\newver\.gradle\6.1.1\executionHistory)" [_thread_blocked, id=12748, stack(0x0000004cd2200000,0x0000004cd2300000)]
  0x0000017915270000 JavaThread "WorkerExecutor Queue" [_thread_blocked, id=15184, stack(0x0000004cd2300000,0x0000004cd2400000)]
  0x000001791526c800 JavaThread "pool-5-thread-1" [_thread_blocked, id=9124, stack(0x0000004cd2400000,0x0000004cd2500000)]
  0x0000017915273000 JavaThread "stderr" [_thread_in_native, id=9188, stack(0x0000004cd2500000,0x0000004cd2600000)]
  0x000001791526d800 JavaThread "stdout" [_thread_in_native, id=15896, stack(0x0000004cd2600000,0x0000004cd2700000)]
  0x0000017912c60800 JavaThread "WorkerExecutor Queue Thread 2" [_thread_blocked, id=7672, stack(0x0000004cd2700000,0x0000004cd2800000)]
  0x0000017912c62000 JavaThread "Cache worker for Java compile cache (C:\Users\COMPUTER\Desktop\LEARN\newver\.gradle\6.1.1\javaCompile)" [_thread_blocked, id=13460, stack(0x0000004cd2800000,0x0000004cd2900000)]
  0x0000017912c63000 JavaThread "WorkerExecutor Queue Thread 3" [_thread_blocked, id=4496, stack(0x0000004cd2900000,0x0000004cd2a00000)]
  0x0000017912c64800 JavaThread "WorkerExecutor Queue Thread 4" [_thread_blocked, id=13408, stack(0x0000004cd2a00000,0x0000004cd2b00000)]
  0x00000179197e2000 JavaThread "WorkerExecutor Queue Thread 5" [_thread_blocked, id=6676, stack(0x0000004cd2b00000,0x0000004cd2c00000)]
  0x00000179197e5800 JavaThread "WorkerExecutor Queue Thread 6" [_thread_blocked, id=2444, stack(0x0000004cd2d00000,0x0000004cd2e00000)]
  0x00000179197e0800 JavaThread "WorkerExecutor Queue Thread 7" [_thread_blocked, id=5376, stack(0x0000004cd2e00000,0x0000004cd2f00000)]
  0x00000179197e3000 JavaThread "WorkerExecutor Queue Thread 8" [_thread_blocked, id=14784, stack(0x0000004cd2f00000,0x0000004cd3000000)]
  0x00000179197e3800 JavaThread "WorkerExecutor Queue Thread 9" [_thread_blocked, id=7504, stack(0x0000004cd3000000,0x0000004cd3100000)]

Other Threads:
  0x000001797f5f6800 VMThread "VM Thread" [stack: 0x0000004cceb00000,0x0000004ccec00000] [id=15264]
  0x000001797f7d4800 WatcherThread [stack: 0x0000004ccf500000,0x0000004ccf600000] [id=2644]
  0x0000017975ab7000 GCTaskThread "GC Thread#0" [stack: 0x0000004cce600000,0x0000004cce700000] [id=11536]
  0x00000179117d0000 GCTaskThread "GC Thread#1" [stack: 0x0000004ccf700000,0x0000004ccf800000] [id=3696]
  0x00000179117e5800 GCTaskThread "GC Thread#2" [stack: 0x0000004ccf800000,0x0000004ccf900000] [id=16044]
  0x0000017911950800 GCTaskThread "GC Thread#3" [stack: 0x0000004ccf900000,0x0000004ccfa00000] [id=13012]
  0x0000017912b95000 GCTaskThread "GC Thread#4" [stack: 0x0000004cd0600000,0x0000004cd0700000] [id=5216]
  0x0000017912f8f000 GCTaskThread "GC Thread#5" [stack: 0x0000004cd0700000,0x0000004cd0800000] [id=9200]
  0x00000179124bf000 GCTaskThread "GC Thread#6" [stack: 0x0000004cd0800000,0x0000004cd0900000] [id=12192]
  0x0000017912c0e800 GCTaskThread "GC Thread#7" [stack: 0x0000004cd0900000,0x0000004cd0a00000] [id=12752]
  0x0000017975ae7800 ConcurrentGCThread "G1 Main Marker" [stack: 0x0000004cce700000,0x0000004cce800000] [id=11304]
  0x0000017975ae9000 ConcurrentGCThread "G1 Conc#0" [stack: 0x0000004cce800000,0x0000004cce900000] [id=1936]
  0x0000017912c04000 ConcurrentGCThread "G1 Conc#1" [stack: 0x0000004cd0a00000,0x0000004cd0b00000] [id=8540]
  0x000001797ec20800 ConcurrentGCThread "G1 Refine#0" [stack: 0x0000004cce900000,0x0000004ccea00000] [id=11352]
  0x000001797ec21800 ConcurrentGCThread "G1 Young RemSet Sampling" [stack: 0x0000004ccea00000,0x0000004cceb00000] [id=14640]

Threads with active compile tasks:
C2 CompilerThread04193686 14326       4       org.gradle.internal.fingerprint.classpath.impl.ClasspathFingerprintingStrategy$ClasspathFingerprintVisitor::visit (61 bytes)
C2 CompilerThread14193686 15170       4       com.android.tools.r8.dex.n::m (2047 bytes)
C2 CompilerThread24193686 15150       4       java.io.ObjectOutputStream::writeClassDesc (60 bytes)

VM state:not at safepoint (normal execution)

VM Mutex/Monitor currently owned by a thread: None

Heap address: 0x0000000080000000, size: 2048 MB, Compressed Oops mode: 32-bit
Narrow klass base: 0x0000000000000000, Narrow klass shift: 3
Compressed class space size: 1073741824 Address: 0x0000000100000000

Heap:
 garbage-first heap   total 196608K, used 154436K [0x0000000080000000, 0x0000000100000000)
  region size 1024K, 65 young (66560K), 2 survivors (2048K)
 Metaspace       used 103486K, capacity 105735K, committed 107048K, reserved 1142784K
  class space    used 13038K, capacity 13798K, committed 14156K, reserved 1048576K
Heap Regions: E=young(eden), S=young(survivor), O=old, HS=humongous(starts), HC=humongous(continues), CS=collection set, F=free, A=archive, TAMS=top-at-mark-start (previous, next)
|   0|0x0000000080000000, 0x0000000080100000, 0x0000000080100000|100%|HS|  |TAMS 0x0000000080100000, 0x0000000080000000| Complete 
|   1|0x0000000080100000, 0x0000000080200000, 0x0000000080200000|100%|HC|  |TAMS 0x0000000080200000, 0x0000000080100000| Complete 
|   2|0x0000000080200000, 0x0000000080300000, 0x0000000080300000|100%| O|  |TAMS 0x0000000080300000, 0x0000000080200000| Untracked 
|   3|0x0000000080300000, 0x0000000080400000, 0x0000000080400000|100%|HS|  |TAMS 0x0000000080400000, 0x0000000080300000| Complete 
|   4|0x0000000080400000, 0x0000000080500000, 0x0000000080500000|100%|HC|  |TAMS 0x0000000080500000, 0x0000000080400000| Complete 
|   5|0x0000000080500000, 0x0000000080600000, 0x0000000080600000|100%|HC|  |TAMS 0x0000000080600000, 0x0000000080500000| Complete 
|   6|0x0000000080600000, 0x0000000080700000, 0x0000000080700000|100%| O|  |TAMS 0x0000000080700000, 0x0000000080600000| Untracked 
|   7|0x0000000080700000, 0x0000000080800000, 0x0000000080800000|100%| O|  |TAMS 0x0000000080800000, 0x0000000080700000| Untracked 
|   8|0x0000000080800000, 0x0000000080900000, 0x0000000080900000|100%| O|  |TAMS 0x0000000080900000, 0x0000000080800000| Untracked 
|   9|0x0000000080900000, 0x0000000080a00000, 0x0000000080a00000|100%|HS|  |TAMS 0x0000000080a00000, 0x0000000080900000| Complete 
|  10|0x0000000080a00000, 0x0000000080b00000, 0x0000000080b00000|100%|HC|  |TAMS 0x0000000080b00000, 0x0000000080a00000| Complete 
|  11|0x0000000080b00000, 0x0000000080c00000, 0x0000000080c00000|100%|HC|  |TAMS 0x0000000080c00000, 0x0000000080b00000| Complete 
|  12|0x0000000080c00000, 0x0000000080d00000, 0x0000000080d00000|100%|HS|  |TAMS 0x0000000080d00000, 0x0000000080c00000| Complete 
|  13|0x0000000080d00000, 0x0000000080e00000, 0x0000000080e00000|100%|HC|  |TAMS 0x0000000080e00000, 0x0000000080d00000| Complete 
|  14|0x0000000080e00000, 0x0000000080f00000, 0x0000000080f00000|100%|HC|  |TAMS 0x0000000080f00000, 0x0000000080e00000| Complete 
|  15|0x0000000080f00000, 0x0000000081000000, 0x0000000081000000|100%|HC|  |TAMS 0x0000000081000000, 0x0000000080f00000| Complete 
|  16|0x0000000081000000, 0x0000000081100000, 0x0000000081100000|100%| O|  |TAMS 0x0000000081100000, 0x0000000081000000| Untracked 
|  17|0x0000000081100000, 0x0000000081200000, 0x0000000081200000|100%| O|  |TAMS 0x0000000081200000, 0x0000000081100000| Untracked 
|  18|0x0000000081200000, 0x0000000081300000, 0x0000000081300000|100%| O|  |TAMS 0x0000000081300000, 0x0000000081200000| Untracked 
|  19|0x0000000081300000, 0x0000000081400000, 0x0000000081400000|100%| O|  |TAMS 0x0000000081400000, 0x0000000081300000| Complete 
|  20|0x0000000081400000, 0x0000000081500000, 0x0000000081500000|100%| O|  |TAMS 0x0000000081500000, 0x0000000081400000| Untracked 
|  21|0x0000000081500000, 0x0000000081600000, 0x0000000081600000|100%| O|  |TAMS 0x0000000081600000, 0x0000000081500000| Complete 
|  22|0x0000000081600000, 0x0000000081700000, 0x0000000081700000|100%| O|  |TAMS 0x0000000081700000, 0x0000000081600000| Untracked 
|  23|0x0000000081700000, 0x0000000081800000, 0x0000000081800000|100%| O|  |TAMS 0x0000000081800000, 0x0000000081700000| Complete 
|  24|0x0000000081800000, 0x0000000081900000, 0x0000000081900000|100%| O|  |TAMS 0x0000000081900000, 0x0000000081800000| Untracked 
|  25|0x0000000081900000, 0x0000000081a00000, 0x0000000081a00000|100%|HS|  |TAMS 0x0000000081a00000, 0x0000000081900000| Complete 
|  26|0x0000000081a00000, 0x0000000081b00000, 0x0000000081b00000|100%|HC|  |TAMS 0x0000000081b00000, 0x0000000081a00000| Complete 
|  27|0x0000000081b00000, 0x0000000081c00000, 0x0000000081c00000|100%|HC|  |TAMS 0x0000000081c00000, 0x0000000081b00000| Complete 
|  28|0x0000000081c00000, 0x0000000081d00000, 0x0000000081d00000|100%|HS|  |TAMS 0x0000000081d00000, 0x0000000081c00000| Complete 
|  29|0x0000000081d00000, 0x0000000081e00000, 0x0000000081e00000|100%|HC|  |TAMS 0x0000000081e00000, 0x0000000081d00000| Complete 
|  30|0x0000000081e00000, 0x0000000081f00000, 0x0000000081f00000|100%| O|  |TAMS 0x0000000081f00000, 0x0000000081e00000| Complete 
|  31|0x0000000081f00000, 0x0000000082000000, 0x0000000082000000|100%| O|  |TAMS 0x0000000082000000, 0x0000000081f00000| Untracked 
|  32|0x0000000082000000, 0x0000000082100000, 0x0000000082100000|100%| O|  |TAMS 0x0000000082100000, 0x0000000082000000| Untracked 
|  33|0x0000000082100000, 0x0000000082200000, 0x0000000082200000|100%| O|  |TAMS 0x0000000082200000, 0x0000000082100000| Complete 
|  34|0x0000000082200000, 0x0000000082300000, 0x0000000082300000|100%| O|  |TAMS 0x0000000082300000, 0x0000000082200000| Complete 
|  35|0x0000000082300000, 0x0000000082400000, 0x0000000082400000|100%| O|  |TAMS 0x0000000082400000, 0x0000000082300000| Complete 
|  36|0x0000000082400000, 0x0000000082500000, 0x0000000082500000|100%| O|  |TAMS 0x0000000082500000, 0x0000000082400000| Complete 
|  37|0x0000000082500000, 0x0000000082600000, 0x0000000082600000|100%| O|  |TAMS 0x0000000082600000, 0x0000000082500000| Complete 
|  38|0x0000000082600000, 0x0000000082700000, 0x0000000082700000|100%| O|  |TAMS 0x0000000082700000, 0x0000000082600000| Complete 
|  39|0x0000000082700000, 0x0000000082800000, 0x0000000082800000|100%| O|  |TAMS 0x0000000082800000, 0x0000000082700000| Untracked 
|  40|0x0000000082800000, 0x0000000082900000, 0x0000000082900000|100%| O|  |TAMS 0x0000000082900000, 0x0000000082800000| Untracked 
|  41|0x0000000082900000, 0x0000000082a00000, 0x0000000082a00000|100%|HS|  |TAMS 0x0000000082a00000, 0x0000000082900000| Complete 
|  42|0x0000000082a00000, 0x0000000082b00000, 0x0000000082b00000|100%| O|  |TAMS 0x0000000082b00000, 0x0000000082a00000| Untracked 
|  43|0x0000000082b00000, 0x0000000082c00000, 0x0000000082c00000|100%|HS|  |TAMS 0x0000000082b00000, 0x0000000082b00000| Complete 
|  44|0x0000000082c00000, 0x0000000082d00000, 0x0000000082d00000|100%| O|  |TAMS 0x0000000082d00000, 0x0000000082c00000| Complete 
|  45|0x0000000082d00000, 0x0000000082e00000, 0x0000000082e00000|100%| O|  |TAMS 0x0000000082e00000, 0x0000000082d00000| Complete 
|  46|0x0000000082e00000, 0x0000000082f00000, 0x0000000082f00000|100%| O|  |TAMS 0x0000000082f00000, 0x0000000082e00000| Complete 
|  47|0x0000000082f00000, 0x0000000083000000, 0x0000000083000000|100%| O|  |TAMS 0x0000000083000000, 0x0000000082f00000| Complete 
|  48|0x0000000083000000, 0x0000000083100000, 0x0000000083100000|100%| O|  |TAMS 0x0000000083100000, 0x0000000083000000| Complete 
|  49|0x0000000083100000, 0x0000000083200000, 0x0000000083200000|100%| O|  |TAMS 0x0000000083200000, 0x0000000083100000| Complete 
|  50|0x0000000083200000, 0x0000000083300000, 0x0000000083300000|100%| O|  |TAMS 0x0000000083300000, 0x0000000083200000| Complete 
|  51|0x0000000083300000, 0x0000000083400000, 0x0000000083400000|100%| O|  |TAMS 0x0000000083400000, 0x0000000083300000| Complete 
|  52|0x0000000083400000, 0x0000000083500000, 0x0000000083500000|100%| O|  |TAMS 0x0000000083500000, 0x0000000083400000| Complete 
|  53|0x0000000083500000, 0x0000000083600000, 0x0000000083600000|100%| O|  |TAMS 0x0000000083600000, 0x0000000083500000| Complete 
|  54|0x0000000083600000, 0x0000000083700000, 0x0000000083700000|100%|HS|  |TAMS 0x0000000083600000, 0x0000000083600000| Complete 
|  55|0x0000000083700000, 0x0000000083800000, 0x0000000083800000|100%| O|  |TAMS 0x0000000083800000, 0x0000000083700000| Complete 
|  56|0x0000000083800000, 0x0000000083900000, 0x0000000083900000|100%|HS|  |TAMS 0x0000000083900000, 0x0000000083800000| Complete 
|  57|0x0000000083900000, 0x0000000083a00000, 0x0000000083a00000|100%|HC|  |TAMS 0x0000000083a00000, 0x0000000083900000| Complete 
|  58|0x0000000083a00000, 0x0000000083b00000, 0x0000000083b00000|100%| O|  |TAMS 0x0000000083b00000, 0x0000000083a00000| Complete 
|  59|0x0000000083b00000, 0x0000000083c00000, 0x0000000083c00000|100%| O|  |TAMS 0x0000000083c00000, 0x0000000083b00000| Complete 
|  60|0x0000000083c00000, 0x0000000083c00000, 0x0000000083d00000|  0%| F|  |TAMS 0x0000000083c00000, 0x0000000083c00000| Untracked 
|  61|0x0000000083d00000, 0x0000000083d00000, 0x0000000083e00000|  0%| F|  |TAMS 0x0000000083d00000, 0x0000000083d00000| Untracked 
|  62|0x0000000083e00000, 0x0000000083e00000, 0x0000000083f00000|  0%| F|  |TAMS 0x0000000083e00000, 0x0000000083e00000| Untracked 
|  63|0x0000000083f00000, 0x0000000084000000, 0x0000000084000000|100%| O|  |TAMS 0x0000000084000000, 0x0000000083f00000| Untracked 
|  64|0x0000000084000000, 0x0000000084000000, 0x0000000084100000|  0%| F|  |TAMS 0x0000000084000000, 0x0000000084000000| Untracked 
|  65|0x0000000084100000, 0x0000000084100000, 0x0000000084200000|  0%| F|  |TAMS 0x0000000084100000, 0x0000000084100000| Untracked 
|  66|0x0000000084200000, 0x0000000084300000, 0x0000000084300000|100%| O|  |TAMS 0x0000000084300000, 0x0000000084200000| Complete 
|  67|0x0000000084300000, 0x0000000084400000, 0x0000000084400000|100%| O|  |TAMS 0x0000000084400000, 0x0000000084300000| Complete 
|  68|0x0000000084400000, 0x0000000084500000, 0x0000000084500000|100%| O|  |TAMS 0x0000000084500000, 0x0000000084400000| Complete 
|  69|0x0000000084500000, 0x0000000084500000, 0x0000000084600000|  0%| F|  |TAMS 0x0000000084500000, 0x0000000084500000| Untracked 
|  70|0x0000000084600000, 0x0000000084600000, 0x0000000084700000|  0%| F|  |TAMS 0x0000000084600000, 0x0000000084600000| Untracked 
|  71|0x0000000084700000, 0x0000000084700000, 0x0000000084800000|  0%| F|  |TAMS 0x0000000084700000, 0x0000000084700000| Untracked 
|  72|0x0000000084800000, 0x0000000084900000, 0x0000000084900000|100%| O|  |TAMS 0x0000000084900000, 0x0000000084800000| Complete 
|  73|0x0000000084900000, 0x0000000084900000, 0x0000000084a00000|  0%| F|  |TAMS 0x0000000084900000, 0x0000000084900000| Untracked 
|  74|0x0000000084a00000, 0x0000000084b00000, 0x0000000084b00000|100%| O|  |TAMS 0x0000000084b00000, 0x0000000084a00000| Complete 
|  75|0x0000000084b00000, 0x0000000084b00000, 0x0000000084c00000|  0%| F|  |TAMS 0x0000000084b00000, 0x0000000084b00000| Untracked 
|  76|0x0000000084c00000, 0x0000000084c00000, 0x0000000084d00000|  0%| F|  |TAMS 0x0000000084c00000, 0x0000000084c00000| Untracked 
|  77|0x0000000084d00000, 0x0000000084d00000, 0x0000000084e00000|  0%| F|  |TAMS 0x0000000084d00000, 0x0000000084d00000| Untracked 
|  78|0x0000000084e00000, 0x0000000084e00000, 0x0000000084f00000|  0%| F|  |TAMS 0x0000000084e00000, 0x0000000084e00000| Untracked 
|  79|0x0000000084f00000, 0x0000000084f00000, 0x0000000085000000|  0%| F|  |TAMS 0x0000000084f00000, 0x0000000084f00000| Untracked 
|  80|0x0000000085000000, 0x0000000085000000, 0x0000000085100000|  0%| F|  |TAMS 0x0000000085000000, 0x0000000085000000| Untracked 
|  81|0x0000000085100000, 0x0000000085200000, 0x0000000085200000|100%| O|  |TAMS 0x0000000085200000, 0x0000000085100000| Complete 
|  82|0x0000000085200000, 0x0000000085300000, 0x0000000085300000|100%| O|  |TAMS 0x0000000085300000, 0x0000000085200000| Complete 
|  83|0x0000000085300000, 0x0000000085300000, 0x0000000085400000|  0%| F|  |TAMS 0x0000000085300000, 0x0000000085300000| Untracked 
|  84|0x0000000085400000, 0x0000000085500000, 0x0000000085500000|100%| O|  |TAMS 0x0000000085500000, 0x0000000085400000| Complete 
|  85|0x0000000085500000, 0x0000000085600000, 0x0000000085600000|100%| O|  |TAMS 0x0000000085600000, 0x0000000085500000| Untracked 
|  86|0x0000000085600000, 0x0000000085700000, 0x0000000085700000|100%| O|  |TAMS 0x0000000085700000, 0x0000000085600000| Untracked 
|  87|0x0000000085700000, 0x0000000085800000, 0x0000000085800000|100%| O|  |TAMS 0x0000000085800000, 0x0000000085700000| Untracked 
|  88|0x0000000085800000, 0x0000000085900000, 0x0000000085900000|100%| O|  |TAMS 0x0000000085900000, 0x0000000085800000| Untracked 
|  89|0x0000000085900000, 0x0000000085a00000, 0x0000000085a00000|100%| O|  |TAMS 0x0000000085a00000, 0x0000000085900000| Untracked 
|  90|0x0000000085a00000, 0x0000000085b00000, 0x0000000085b00000|100%| O|  |TAMS 0x0000000085b00000, 0x0000000085a00000| Untracked 
|  91|0x0000000085b00000, 0x0000000085c00000, 0x0000000085c00000|100%| O|  |TAMS 0x0000000085c00000, 0x0000000085b00000| Untracked 
|  92|0x0000000085c00000, 0x0000000085d00000, 0x0000000085d00000|100%| O|  |TAMS 0x0000000085d00000, 0x0000000085c00000| Complete 
|  93|0x0000000085d00000, 0x0000000085e00000, 0x0000000085e00000|100%| O|  |TAMS 0x0000000085e00000, 0x0000000085d00000| Complete 
|  94|0x0000000085e00000, 0x0000000085f00000, 0x0000000085f00000|100%| O|  |TAMS 0x0000000085f00000, 0x0000000085e00000| Untracked 
|  95|0x0000000085f00000, 0x0000000086000000, 0x0000000086000000|100%| O|  |TAMS 0x0000000086000000, 0x0000000085f00000| Untracked 
|  96|0x0000000086000000, 0x0000000086100000, 0x0000000086100000|100%| O|  |TAMS 0x0000000086100000, 0x0000000086000000| Untracked 
|  97|0x0000000086100000, 0x0000000086200000, 0x0000000086200000|100%| O|  |TAMS 0x0000000086200000, 0x0000000086100000| Untracked 
|  98|0x0000000086200000, 0x0000000086300000, 0x0000000086300000|100%| O|  |TAMS 0x0000000086300000, 0x0000000086200000| Untracked 
|  99|0x0000000086300000, 0x0000000086400000, 0x0000000086400000|100%| O|  |TAMS 0x0000000086400000, 0x0000000086300000| Untracked 
| 100|0x0000000086400000, 0x0000000086500000, 0x0000000086500000|100%| O|  |TAMS 0x0000000086500000, 0x0000000086400000| Untracked 
| 101|0x0000000086500000, 0x0000000086600000, 0x0000000086600000|100%| O|  |TAMS 0x0000000086600000, 0x0000000086500000| Complete 
| 102|0x0000000086600000, 0x0000000086700000, 0x0000000086700000|100%| O|  |TAMS 0x0000000086700000, 0x0000000086600000| Untracked 
| 103|0x0000000086700000, 0x0000000086800000, 0x0000000086800000|100%| O|  |TAMS 0x0000000086800000, 0x0000000086700000| Complete 
| 104|0x0000000086800000, 0x0000000086800000, 0x0000000086900000|  0%| F|  |TAMS 0x0000000086800000, 0x0000000086800000| Untracked 
| 105|0x0000000086900000, 0x0000000086900000, 0x0000000086a00000|  0%| F|  |TAMS 0x0000000086900000, 0x0000000086900000| Untracked 
| 106|0x0000000086a00000, 0x0000000086a00000, 0x0000000086b00000|  0%| F|  |TAMS 0x0000000086a00000, 0x0000000086a00000| Untracked 
| 107|0x0000000086b00000, 0x0000000086b00000, 0x0000000086c00000|  0%| F|  |TAMS 0x0000000086b00000, 0x0000000086b00000| Untracked 
| 108|0x0000000086c00000, 0x0000000086c00000, 0x0000000086d00000|  0%| F|  |TAMS 0x0000000086c00000, 0x0000000086c00000| Untracked 
| 109|0x0000000086d00000, 0x0000000086d00000, 0x0000000086e00000|  0%| F|  |TAMS 0x0000000086d00000, 0x0000000086d00000| Untracked 
| 110|0x0000000086e00000, 0x0000000086e00000, 0x0000000086f00000|  0%| F|  |TAMS 0x0000000086e00000, 0x0000000086e00000| Untracked 
| 111|0x0000000086f00000, 0x0000000086f00000, 0x0000000087000000|  0%| F|  |TAMS 0x0000000086f00000, 0x0000000086f00000| Untracked 
| 112|0x0000000087000000, 0x0000000087000000, 0x0000000087100000|  0%| F|  |TAMS 0x0000000087000000, 0x0000000087000000| Untracked 
| 113|0x0000000087100000, 0x0000000087100000, 0x0000000087200000|  0%| F|  |TAMS 0x0000000087100000, 0x0000000087100000| Untracked 
| 114|0x0000000087200000, 0x0000000087200000, 0x0000000087300000|  0%| F|  |TAMS 0x0000000087200000, 0x0000000087200000| Untracked 
| 115|0x0000000087300000, 0x0000000087300000, 0x0000000087400000|  0%| F|  |TAMS 0x0000000087300000, 0x0000000087300000| Untracked 
| 116|0x0000000087400000, 0x0000000087400000, 0x0000000087500000|  0%| F|  |TAMS 0x0000000087400000, 0x0000000087400000| Untracked 
| 117|0x0000000087500000, 0x0000000087500000, 0x0000000087600000|  0%| F|  |TAMS 0x0000000087500000, 0x0000000087500000| Untracked 
| 118|0x0000000087600000, 0x0000000087600000, 0x0000000087700000|  0%| F|  |TAMS 0x0000000087600000, 0x0000000087600000| Untracked 
| 119|0x0000000087700000, 0x0000000087700000, 0x0000000087800000|  0%| F|  |TAMS 0x0000000087700000, 0x0000000087700000| Untracked 
| 120|0x0000000087800000, 0x0000000087800000, 0x0000000087900000|  0%| F|  |TAMS 0x0000000087800000, 0x0000000087800000| Untracked 
| 121|0x0000000087900000, 0x0000000087900000, 0x0000000087a00000|  0%| F|  |TAMS 0x0000000087900000, 0x0000000087900000| Untracked 
| 122|0x0000000087a00000, 0x0000000087a00000, 0x0000000087b00000|  0%| F|  |TAMS 0x0000000087a00000, 0x0000000087a00000| Untracked 
| 123|0x0000000087b00000, 0x0000000087b00000, 0x0000000087c00000|  0%| F|  |TAMS 0x0000000087b00000, 0x0000000087b00000| Untracked 
| 124|0x0000000087c00000, 0x0000000087c00000, 0x0000000087d00000|  0%| F|  |TAMS 0x0000000087c00000, 0x0000000087c00000| Untracked 
| 125|0x0000000087d00000, 0x0000000087d00000, 0x0000000087e00000|  0%| F|  |TAMS 0x0000000087d00000, 0x0000000087d00000| Untracked 
| 126|0x0000000087e00000, 0x0000000087e00000, 0x0000000087f00000|  0%| F|  |TAMS 0x0000000087e00000, 0x0000000087e00000| Untracked 
| 127|0x0000000087f00000, 0x0000000087f79280, 0x0000000088000000| 47%| E|  |TAMS 0x0000000087f00000, 0x0000000087f00000| Complete 
| 128|0x0000000088000000, 0x0000000088100000, 0x0000000088100000|100%| E|CS|TAMS 0x0000000088000000, 0x0000000088000000| Complete 
| 129|0x0000000088100000, 0x0000000088200000, 0x0000000088200000|100%| E|CS|TAMS 0x0000000088100000, 0x0000000088100000| Complete 
| 130|0x0000000088200000, 0x0000000088300000, 0x0000000088300000|100%| E|  |TAMS 0x0000000088200000, 0x0000000088200000| Complete 
| 131|0x0000000088300000, 0x0000000088400000, 0x0000000088400000|100%| E|CS|TAMS 0x0000000088300000, 0x0000000088300000| Complete 
| 132|0x0000000088400000, 0x0000000088500000, 0x0000000088500000|100%| E|CS|TAMS 0x0000000088400000, 0x0000000088400000| Complete 
| 133|0x0000000088500000, 0x0000000088600000, 0x0000000088600000|100%| E|CS|TAMS 0x0000000088500000, 0x0000000088500000| Complete 
| 134|0x0000000088600000, 0x0000000088700000, 0x0000000088700000|100%| E|CS|TAMS 0x0000000088600000, 0x0000000088600000| Complete 
| 135|0x0000000088700000, 0x0000000088800000, 0x0000000088800000|100%| E|CS|TAMS 0x0000000088700000, 0x0000000088700000| Complete 
| 136|0x0000000088800000, 0x0000000088900000, 0x0000000088900000|100%| E|CS|TAMS 0x0000000088800000, 0x0000000088800000| Complete 
| 137|0x0000000088900000, 0x0000000088a00000, 0x0000000088a00000|100%| E|CS|TAMS 0x0000000088900000, 0x0000000088900000| Complete 
| 138|0x0000000088a00000, 0x0000000088b00000, 0x0000000088b00000|100%| E|CS|TAMS 0x0000000088a00000, 0x0000000088a00000| Complete 
| 139|0x0000000088b00000, 0x0000000088c00000, 0x0000000088c00000|100%| E|CS|TAMS 0x0000000088b00000, 0x0000000088b00000| Complete 
| 140|0x0000000088c00000, 0x0000000088d00000, 0x0000000088d00000|100%| E|CS|TAMS 0x0000000088c00000, 0x0000000088c00000| Complete 
| 141|0x0000000088d00000, 0x0000000088e00000, 0x0000000088e00000|100%| E|CS|TAMS 0x0000000088d00000, 0x0000000088d00000| Complete 
| 142|0x0000000088e00000, 0x0000000088f00000, 0x0000000088f00000|100%| E|CS|TAMS 0x0000000088e00000, 0x0000000088e00000| Complete 
| 143|0x0000000088f00000, 0x0000000089000000, 0x0000000089000000|100%| E|CS|TAMS 0x0000000088f00000, 0x0000000088f00000| Complete 
| 144|0x0000000089000000, 0x0000000089100000, 0x0000000089100000|100%| E|CS|TAMS 0x0000000089000000, 0x0000000089000000| Complete 
| 145|0x0000000089100000, 0x0000000089200000, 0x0000000089200000|100%| E|CS|TAMS 0x0000000089100000, 0x0000000089100000| Complete 
| 146|0x0000000089200000, 0x00000000892d1380, 0x0000000089300000| 81%| S|CS|TAMS 0x0000000089200000, 0x0000000089200000| Complete 
| 147|0x0000000089300000, 0x0000000089400000, 0x0000000089400000|100%| S|CS|TAMS 0x0000000089300000, 0x0000000089300000| Complete 
| 148|0x0000000089400000, 0x0000000089500000, 0x0000000089500000|100%| E|CS|TAMS 0x0000000089400000, 0x0000000089400000| Complete 
| 149|0x0000000089500000, 0x0000000089600000, 0x0000000089600000|100%| E|CS|TAMS 0x0000000089500000, 0x0000000089500000| Complete 
| 150|0x0000000089600000, 0x0000000089700000, 0x0000000089700000|100%| E|CS|TAMS 0x0000000089600000, 0x0000000089600000| Complete 
| 151|0x0000000089700000, 0x0000000089800000, 0x0000000089800000|100%| E|CS|TAMS 0x0000000089700000, 0x0000000089700000| Complete 
| 152|0x0000000089800000, 0x0000000089900000, 0x0000000089900000|100%| E|CS|TAMS 0x0000000089800000, 0x0000000089800000| Complete 
| 153|0x0000000089900000, 0x0000000089a00000, 0x0000000089a00000|100%| E|CS|TAMS 0x0000000089900000, 0x0000000089900000| Complete 
| 154|0x0000000089a00000, 0x0000000089b00000, 0x0000000089b00000|100%| E|CS|TAMS 0x0000000089a00000, 0x0000000089a00000| Complete 
| 155|0x0000000089b00000, 0x0000000089c00000, 0x0000000089c00000|100%| E|CS|TAMS 0x0000000089b00000, 0x0000000089b00000| Complete 
| 156|0x0000000089c00000, 0x0000000089d00000, 0x0000000089d00000|100%| E|CS|TAMS 0x0000000089c00000, 0x0000000089c00000| Complete 
| 157|0x0000000089d00000, 0x0000000089e00000, 0x0000000089e00000|100%| E|CS|TAMS 0x0000000089d00000, 0x0000000089d00000| Complete 
| 158|0x0000000089e00000, 0x0000000089f00000, 0x0000000089f00000|100%| E|CS|TAMS 0x0000000089e00000, 0x0000000089e00000| Complete 
| 159|0x0000000089f00000, 0x000000008a000000, 0x000000008a000000|100%| E|CS|TAMS 0x0000000089f00000, 0x0000000089f00000| Complete 
| 160|0x000000008a000000, 0x000000008a100000, 0x000000008a100000|100%| E|CS|TAMS 0x000000008a000000, 0x000000008a000000| Complete 
| 161|0x000000008a100000, 0x000000008a200000, 0x000000008a200000|100%| E|CS|TAMS 0x000000008a100000, 0x000000008a100000| Complete 
| 162|0x000000008a200000, 0x000000008a300000, 0x000000008a300000|100%| E|CS|TAMS 0x000000008a200000, 0x000000008a200000| Complete 
| 163|0x000000008a300000, 0x000000008a400000, 0x000000008a400000|100%| E|CS|TAMS 0x000000008a300000, 0x000000008a300000| Complete 
| 164|0x000000008a400000, 0x000000008a500000, 0x000000008a500000|100%| E|CS|TAMS 0x000000008a400000, 0x000000008a400000| Complete 
| 165|0x000000008a500000, 0x000000008a600000, 0x000000008a600000|100%| E|CS|TAMS 0x000000008a500000, 0x000000008a500000| Complete 
| 166|0x000000008a600000, 0x000000008a700000, 0x000000008a700000|100%| E|CS|TAMS 0x000000008a600000, 0x000000008a600000| Complete 
| 167|0x000000008a700000, 0x000000008a800000, 0x000000008a800000|100%| E|CS|TAMS 0x000000008a700000, 0x000000008a700000| Complete 
| 168|0x000000008a800000, 0x000000008a900000, 0x000000008a900000|100%| E|CS|TAMS 0x000000008a800000, 0x000000008a800000| Complete 
| 169|0x000000008a900000, 0x000000008aa00000, 0x000000008aa00000|100%| E|CS|TAMS 0x000000008a900000, 0x000000008a900000| Complete 
| 170|0x000000008aa00000, 0x000000008ab00000, 0x000000008ab00000|100%| E|CS|TAMS 0x000000008aa00000, 0x000000008aa00000| Complete 
| 171|0x000000008ab00000, 0x000000008ac00000, 0x000000008ac00000|100%| E|CS|TAMS 0x000000008ab00000, 0x000000008ab00000| Complete 
| 172|0x000000008ac00000, 0x000000008ad00000, 0x000000008ad00000|100%| E|CS|TAMS 0x000000008ac00000, 0x000000008ac00000| Complete 
| 173|0x000000008ad00000, 0x000000008ae00000, 0x000000008ae00000|100%| E|CS|TAMS 0x000000008ad00000, 0x000000008ad00000| Complete 
| 174|0x000000008ae00000, 0x000000008af00000, 0x000000008af00000|100%| E|CS|TAMS 0x000000008ae00000, 0x000000008ae00000| Complete 
| 175|0x000000008af00000, 0x000000008b000000, 0x000000008b000000|100%| E|CS|TAMS 0x000000008af00000, 0x000000008af00000| Complete 
| 176|0x000000008b000000, 0x000000008b100000, 0x000000008b100000|100%| E|CS|TAMS 0x000000008b000000, 0x000000008b000000| Complete 
| 177|0x000000008b100000, 0x000000008b200000, 0x000000008b200000|100%| E|CS|TAMS 0x000000008b100000, 0x000000008b100000| Complete 
| 178|0x000000008b200000, 0x000000008b300000, 0x000000008b300000|100%| E|CS|TAMS 0x000000008b200000, 0x000000008b200000| Complete 
| 179|0x000000008b300000, 0x000000008b400000, 0x000000008b400000|100%| E|CS|TAMS 0x000000008b300000, 0x000000008b300000| Complete 
| 180|0x000000008b400000, 0x000000008b500000, 0x000000008b500000|100%| E|CS|TAMS 0x000000008b400000, 0x000000008b400000| Complete 
| 181|0x000000008b500000, 0x000000008b600000, 0x000000008b600000|100%| E|CS|TAMS 0x000000008b500000, 0x000000008b500000| Complete 
| 182|0x000000008b600000, 0x000000008b700000, 0x000000008b700000|100%| E|CS|TAMS 0x000000008b600000, 0x000000008b600000| Complete 
| 183|0x000000008b700000, 0x000000008b800000, 0x000000008b800000|100%| E|CS|TAMS 0x000000008b700000, 0x000000008b700000| Complete 
| 184|0x000000008b800000, 0x000000008b900000, 0x000000008b900000|100%| E|CS|TAMS 0x000000008b800000, 0x000000008b800000| Complete 
| 185|0x000000008b900000, 0x000000008ba00000, 0x000000008ba00000|100%| E|CS|TAMS 0x000000008b900000, 0x000000008b900000| Complete 
| 186|0x000000008ba00000, 0x000000008bb00000, 0x000000008bb00000|100%| E|CS|TAMS 0x000000008ba00000, 0x000000008ba00000| Complete 
| 187|0x000000008bb00000, 0x000000008bc00000, 0x000000008bc00000|100%| E|CS|TAMS 0x000000008bb00000, 0x000000008bb00000| Complete 
| 188|0x000000008bc00000, 0x000000008bd00000, 0x000000008bd00000|100%| E|CS|TAMS 0x000000008bc00000, 0x000000008bc00000| Complete 
| 189|0x000000008bd00000, 0x000000008be00000, 0x000000008be00000|100%| E|CS|TAMS 0x000000008bd00000, 0x000000008bd00000| Complete 
| 190|0x000000008be00000, 0x000000008bf00000, 0x000000008bf00000|100%| E|CS|TAMS 0x000000008be00000, 0x000000008be00000| Complete 
| 191|0x000000008bf00000, 0x000000008c000000, 0x000000008c000000|100%| E|CS|TAMS 0x000000008bf00000, 0x000000008bf00000| Complete 

Card table byte_map: [0x0000017979b50000,0x0000017979f50000] _byte_map_base: 0x0000017979750000

Marking Bits (Prev, Next): (CMBitMap*) 0x0000017975adec48, (CMBitMap*) 0x0000017975adec80
 Prev Bits: [0x000001797a350000, 0x000001797c350000)
 Next Bits: [0x000001797c350000, 0x000001797e350000)

Polling page: 0x0000017973a60000

Metaspace:

Usage:
  Non-class:     89.78 MB capacity,    88.33 MB ( 98%) used,     1.20 MB (  1%) free+waste,   258.31 KB ( <1%) overhead. 
      Class:     13.47 MB capacity,    12.73 MB ( 94%) used,   649.06 KB (  5%) free+waste,   110.94 KB ( <1%) overhead. 
       Both:    103.26 MB capacity,   101.06 MB ( 98%) used,     1.84 MB (  2%) free+waste,   369.25 KB ( <1%) overhead. 

Virtual space:
  Non-class space:       92.00 MB reserved,      90.71 MB ( 99%) committed 
      Class space:        1.00 GB reserved,      13.82 MB (  1%) committed 
             Both:        1.09 GB reserved,     104.54 MB (  9%) committed 

Chunk freelists:
   Non-Class:  763.00 KB
       Class:  346.00 KB
        Both:  1.08 MB

MaxMetaspaceSize: 17179869184.00 GB
CompressedClassSpaceSize: 1.00 GB

CodeHeap 'non-profiled nmethods': size=120000Kb used=8450Kb max_used=8450Kb free=111549Kb
 bounds [0x0000017907ad0000, 0x0000017908320000, 0x000001790f000000]
CodeHeap 'profiled nmethods': size=120000Kb used=27535Kb max_used=27535Kb free=92464Kb
 bounds [0x00000179005a0000, 0x00000179020b0000, 0x0000017907ad0000]
CodeHeap 'non-nmethods': size=5760Kb used=2311Kb max_used=2367Kb free=3448Kb
 bounds [0x0000017900000000, 0x0000017900270000, 0x00000179005a0000]
 total_blobs=14078 nmethods=13154 adapters=834
 compilation: enabled
              stopped_count=0, restarted_count=0
 full_count=0

Compilation events (20 events):
Event: 4193.640 Thread 0x000001797f656000 15380       2       com.android.tools.r8.dex.D::a (9 bytes)
Event: 4193.640 Thread 0x000001797f656000 nmethod 15380 0x000001790209d710 code [0x000001790209d8c0, 0x000001790209d9f8]
Event: 4193.640 Thread 0x000001797f656000 15381       2       com.android.tools.r8.graph.T::W (10 bytes)
Event: 4193.640 Thread 0x000001797f656000 nmethod 15381 0x000001790209db10 code [0x000001790209dcc0, 0x000001790209ddd8]
Event: 4193.640 Thread 0x000001797f656000 15374       2       com.android.tools.r8.code.b3::a (7 bytes)
Event: 4193.640 Thread 0x000001797f656000 nmethod 15374 0x000001790209de90 code [0x000001790209e040, 0x000001790209e168]
Event: 4193.640 Thread 0x000001797f656000 15384       2       com.android.tools.r8.dex.r$$Lambda$1025/0x0000000100ca1840::accept (12 bytes)
Event: 4193.641 Thread 0x000001797f656000 nmethod 15384 0x000001790209e210 code [0x000001790209e3c0, 0x000001790209e508]
Event: 4193.641 Thread 0x000001797f656000 15385       2       com.android.tools.r8.dex.r::a (122 bytes)
Event: 4193.642 Thread 0x000001797f656000 nmethod 15385 0x000001790209e610 code [0x000001790209e8c0, 0x000001790209f048]
Event: 4193.642 Thread 0x000001797f656000 15386       2       com.android.tools.r8.dex.t::a (13 bytes)
Event: 4193.642 Thread 0x000001797f656000 nmethod 15386 0x000001790209f810 code [0x000001790209f9c0, 0x000001790209fae8]
Event: 4193.642 Thread 0x000001797f656000 15387       2       com.android.tools.r8.graph.v::a (8 bytes)
Event: 4193.642 Thread 0x000001797f656000 nmethod 15387 0x000001790209fb90 code [0x000001790209fd40, 0x000001790209fe38]
Event: 4193.642 Thread 0x000001797f656000 15388       2       com.android.tools.r8.dex.r$$Lambda$1062/0x0000000100cbd840::get$Lambda (9 bytes)
Event: 4193.642 Thread 0x000001797f656000 nmethod 15388 0x000001790209ff10 code [0x00000179020a00c0, 0x00000179020a0238]
Event: 4193.642 Thread 0x000001797f656000 15389       2       com.android.tools.r8.dex.r$$Lambda$1062/0x0000000100cbd840::<init> (10 bytes)
Event: 4193.643 Thread 0x000001797f656000 nmethod 15389 0x00000179020a0310 code [0x00000179020a04c0, 0x00000179020a05f8]
Event: 4193.643 Thread 0x000001797f656000 15377       2       com.android.tools.r8.code.D1::j (8 bytes)
Event: 4193.643 Thread 0x000001797f656000 nmethod 15377 0x00000179020a0690 code [0x00000179020a0840, 0x00000179020a0978]

GC Heap History (20 events):
Event: 19.781 GC heap before
{Heap before GC invocations=13 (full 0):
 garbage-first heap   total 196608K, used 147493K [0x0000000080000000, 0x0000000100000000)
  region size 1024K, 79 young (80896K), 5 survivors (5120K)
 Metaspace       used 77877K, capacity 79963K, committed 80336K, reserved 1118208K
  class space    used 10045K, capacity 10754K, committed 10880K, reserved 1048576K
}
Event: 19.790 GC heap after
{Heap after GC invocations=14 (full 0):
 garbage-first heap   total 196608K, used 76323K [0x0000000080000000, 0x0000000100000000)
  region size 1024K, 9 young (9216K), 9 survivors (9216K)
 Metaspace       used 77877K, capacity 79963K, committed 80336K, reserved 1118208K
  class space    used 10045K, capacity 10754K, committed 10880K, reserved 1048576K
}
Event: 23.872 GC heap before
{Heap before GC invocations=14 (full 0):
 garbage-first heap   total 196608K, used 153123K [0x0000000080000000, 0x0000000100000000)
  region size 1024K, 83 young (84992K), 9 survivors (9216K)
 Metaspace       used 86087K, capacity 88331K, committed 88528K, reserved 1126400K
  class space    used 11064K, capacity 11837K, committed 11904K, reserved 1048576K
}
Event: 23.889 GC heap after
{Heap after GC invocations=15 (full 0):
 garbage-first heap   total 196608K, used 86991K [0x0000000080000000, 0x0000000100000000)
  region size 1024K, 11 young (11264K), 11 survivors (11264K)
 Metaspace       used 86087K, capacity 88331K, committed 88528K, reserved 1126400K
  class space    used 11064K, capacity 11837K, committed 11904K, reserved 1048576K
}
Event: 27.270 GC heap before
{Heap before GC invocations=15 (full 0):
 garbage-first heap   total 196608K, used 153551K [0x0000000080000000, 0x0000000100000000)
  region size 1024K, 76 young (77824K), 11 survivors (11264K)
 Metaspace       used 95195K, capacity 97755K, committed 98000K, reserved 1134592K
  class space    used 12433K, capacity 13348K, committed 13440K, reserved 1048576K
}
Event: 27.287 GC heap after
{Heap after GC invocations=16 (full 0):
 garbage-first heap   total 196608K, used 87569K [0x0000000080000000, 0x0000000100000000)
  region size 1024K, 3 young (3072K), 3 survivors (3072K)
 Metaspace       used 95195K, capacity 97755K, committed 98000K, reserved 1134592K
  class space    used 12433K, capacity 13348K, committed 13440K, reserved 1048576K
}
Event: 29.555 GC heap before
{Heap before GC invocations=16 (full 0):
 garbage-first heap   total 196608K, used 126481K [0x0000000080000000, 0x0000000100000000)
  region size 1024K, 42 young (43008K), 3 survivors (3072K)
 Metaspace       used 98087K, capacity 100721K, committed 100828K, reserved 1136640K
  class space    used 12892K, capacity 13789K, committed 13824K, reserved 1048576K
}
Event: 29.564 GC heap after
{Heap after GC invocations=17 (full 0):
 garbage-first heap   total 196608K, used 89462K [0x0000000080000000, 0x0000000100000000)
  region size 1024K, 5 young (5120K), 5 survivors (5120K)
 Metaspace       used 98087K, capacity 100721K, committed 100828K, reserved 1136640K
  class space    used 12892K, capacity 13789K, committed 13824K, reserved 1048576K
}
Event: 2196.353 GC heap before
{Heap before GC invocations=18 (full 0):
 garbage-first heap   total 196608K, used 146806K [0x0000000080000000, 0x0000000100000000)
  region size 1024K, 62 young (63488K), 5 survivors (5120K)
 Metaspace       used 101306K, capacity 103922K, committed 104232K, reserved 1140736K
  class space    used 13079K, capacity 13975K, committed 14156K, reserved 1048576K
}
Event: 2196.358 GC heap after
{Heap after GC invocations=19 (full 0):
 garbage-first heap   total 196608K, used 89738K [0x0000000080000000, 0x0000000100000000)
  region size 1024K, 3 young (3072K), 3 survivors (3072K)
 Metaspace       used 101306K, capacity 103922K, committed 104232K, reserved 1140736K
  class space    used 13079K, capacity 13975K, committed 14156K, reserved 1048576K
}
Event: 4190.014 GC heap before
{Heap before GC invocations=19 (full 0):
 garbage-first heap   total 196608K, used 151178K [0x0000000080000000, 0x0000000100000000)
  region size 1024K, 63 young (64512K), 3 survivors (3072K)
 Metaspace       used 101804K, capacity 104500K, committed 105000K, reserved 1140736K
  class space    used 13083K, capacity 13983K, committed 14156K, reserved 1048576K
}
Event: 4190.023 GC heap after
{Heap after GC invocations=20 (full 0):
 garbage-first heap   total 196608K, used 94046K [0x0000000080000000, 0x0000000100000000)
  region size 1024K, 8 young (8192K), 8 survivors (8192K)
 Metaspace       used 101804K, capacity 104500K, committed 105000K, reserved 1140736K
  class space    used 13083K, capacity 13983K, committed 14156K, reserved 1048576K
}
Event: 4190.406 GC heap before
{Heap before GC invocations=20 (full 0):
 garbage-first heap   total 196608K, used 146270K [0x0000000080000000, 0x0000000100000000)
  region size 1024K, 60 young (61440K), 8 survivors (8192K)
 Metaspace       used 101949K, capacity 104593K, committed 105000K, reserved 1140736K
  class space    used 13083K, capacity 13983K, committed 14156K, reserved 1048576K
}
Event: 4190.454 GC heap after
{Heap after GC invocations=21 (full 0):
 garbage-first heap   total 196608K, used 104643K [0x0000000080000000, 0x0000000100000000)
  region size 1024K, 9 young (9216K), 9 survivors (9216K)
 Metaspace       used 101949K, capacity 104593K, committed 105000K, reserved 1140736K
  class space    used 13083K, capacity 13983K, committed 14156K, reserved 1048576K
}
Event: 4191.755 GC heap before
{Heap before GC invocations=22 (full 0):
 garbage-first heap   total 196608K, used 160963K [0x0000000080000000, 0x0000000100000000)
  region size 1024K, 58 young (59392K), 9 survivors (9216K)
 Metaspace       used 101678K, capacity 104030K, committed 105256K, reserved 1140736K
  class space    used 12964K, capacity 13760K, committed 14156K, reserved 1048576K
}
Event: 4191.763 GC heap after
{Heap after GC invocations=23 (full 0):
 garbage-first heap   total 196608K, used 98954K [0x0000000080000000, 0x0000000100000000)
  region size 1024K, 2 young (2048K), 2 survivors (2048K)
 Metaspace       used 101678K, capacity 104030K, committed 105256K, reserved 1140736K
  class space    used 12964K, capacity 13760K, committed 14156K, reserved 1048576K
}
Event: 4192.055 GC heap before
{Heap before GC invocations=23 (full 0):
 garbage-first heap   total 196608K, used 105098K [0x0000000080000000, 0x0000000100000000)
  region size 1024K, 9 young (9216K), 2 survivors (2048K)
 Metaspace       used 101977K, capacity 104231K, committed 105512K, reserved 1140736K
  class space    used 12990K, capacity 13763K, committed 14156K, reserved 1048576K
}
Event: 4192.067 GC heap after
{Heap after GC invocations=24 (full 0):
 garbage-first heap   total 196608K, used 86512K [0x0000000080000000, 0x0000000100000000)
  region size 1024K, 2 young (2048K), 2 survivors (2048K)
 Metaspace       used 101977K, capacity 104231K, committed 105512K, reserved 1140736K
  class space    used 12990K, capacity 13763K, committed 14156K, reserved 1048576K
}
Event: 4192.719 GC heap before
{Heap before GC invocations=24 (full 0):
 garbage-first heap   total 196608K, used 130544K [0x0000000080000000, 0x0000000100000000)
  region size 1024K, 44 young (45056K), 2 survivors (2048K)
 Metaspace       used 102376K, capacity 104683K, committed 105768K, reserved 1140736K
  class space    used 13012K, capacity 13804K, committed 14156K, reserved 1048576K
}
Event: 4192.724 GC heap after
{Heap after GC invocations=25 (full 0):
 garbage-first heap   total 196608K, used 89924K [0x0000000080000000, 0x0000000100000000)
  region size 1024K, 2 young (2048K), 2 survivors (2048K)
 Metaspace       used 102376K, capacity 104683K, committed 105768K, reserved 1140736K
  class space    used 13012K, capacity 13804K, committed 14156K, reserved 1048576K
}

Deoptimization events (20 events):
Event: 4193.561 Thread 0x00000179197e0800 DEOPT PACKING pc=0x00000179014b0748 sp=0x0000004cd2efd420
Event: 4193.561 Thread 0x00000179197e0800 DEOPT UNPACKING pc=0x00000179000272ce sp=0x0000004cd2efc908 mode 0
Event: 4193.564 Thread 0x00000179197e0800 DEOPT PACKING pc=0x00000179014b0748 sp=0x0000004cd2efd420
Event: 4193.564 Thread 0x00000179197e0800 DEOPT UNPACKING pc=0x00000179000272ce sp=0x0000004cd2efc908 mode 0
Event: 4193.572 Thread 0x00000179197e0800 DEOPT PACKING pc=0x00000179014b0748 sp=0x0000004cd2efd420
Event: 4193.572 Thread 0x00000179197e0800 DEOPT UNPACKING pc=0x00000179000272ce sp=0x0000004cd2efc908 mode 0
Event: 4193.574 Thread 0x00000179197e0800 DEOPT PACKING pc=0x00000179014b0748 sp=0x0000004cd2efd420
Event: 4193.574 Thread 0x00000179197e0800 DEOPT UNPACKING pc=0x00000179000272ce sp=0x0000004cd2efc908 mode 0
Event: 4193.587 Thread 0x00000179197ec800 DEOPT PACKING pc=0x00000179014b0748 sp=0x0000004cd38fe960
Event: 4193.588 Thread 0x00000179197ec800 DEOPT UNPACKING pc=0x00000179000272ce sp=0x0000004cd38fde48 mode 0
Event: 4193.590 Thread 0x00000179197ec800 DEOPT PACKING pc=0x00000179014b0748 sp=0x0000004cd38fe960
Event: 4193.590 Thread 0x00000179197ec800 DEOPT UNPACKING pc=0x00000179000272ce sp=0x0000004cd38fde48 mode 0
Event: 4193.592 Thread 0x00000179197ec800 DEOPT PACKING pc=0x00000179014b0748 sp=0x0000004cd38fe960
Event: 4193.592 Thread 0x00000179197ec800 DEOPT UNPACKING pc=0x00000179000272ce sp=0x0000004cd38fde48 mode 0
Event: 4193.595 Thread 0x00000179197ec800 DEOPT PACKING pc=0x00000179014b0748 sp=0x0000004cd38fe960
Event: 4193.595 Thread 0x00000179197ec800 DEOPT UNPACKING pc=0x00000179000272ce sp=0x0000004cd38fde48 mode 0
Event: 4193.597 Thread 0x00000179197ec800 DEOPT PACKING pc=0x00000179014b0748 sp=0x0000004cd38fe960
Event: 4193.597 Thread 0x00000179197ec800 DEOPT UNPACKING pc=0x00000179000272ce sp=0x0000004cd38fde48 mode 0
Event: 4193.605 Thread 0x00000179197ec800 DEOPT PACKING pc=0x00000179014b0748 sp=0x0000004cd38fe980
Event: 4193.605 Thread 0x00000179197ec800 DEOPT UNPACKING pc=0x00000179000272ce sp=0x0000004cd38fde68 mode 0

Classes redefined (0 events):
No events

Internal exceptions (20 events):
Event: 4192.404 Thread 0x000001791526e000 Exception <a 'sun/nio/fs/WindowsException'{0x000000008a449e70}> (0x000000008a449e70) thrown at [./src/hotspot/share/prims/jni.cpp, line 615]
Event: 4192.404 Thread 0x000001791526e000 Exception <a 'sun/nio/fs/WindowsException'{0x000000008a449fc0}> (0x000000008a449fc0) thrown at [./src/hotspot/share/prims/jni.cpp, line 615]
Event: 4192.404 Thread 0x000001791526e000 Exception <a 'sun/nio/fs/WindowsException'{0x000000008a44bc78}> (0x000000008a44bc78) thrown at [./src/hotspot/share/prims/jni.cpp, line 615]
Event: 4192.404 Thread 0x000001791526e000 Exception <a 'sun/nio/fs/WindowsException'{0x000000008a44bdb8}> (0x000000008a44bdb8) thrown at [./src/hotspot/share/prims/jni.cpp, line 615]
Event: 4192.404 Thread 0x000001791526e000 Exception <a 'sun/nio/fs/WindowsException'{0x000000008a44da68}> (0x000000008a44da68) thrown at [./src/hotspot/share/prims/jni.cpp, line 615]
Event: 4192.439 Thread 0x000001791526e000 Exception <a 'sun/nio/fs/WindowsException'{0x000000008a4e5660}> (0x000000008a4e5660) thrown at [./src/hotspot/share/prims/jni.cpp, line 615]
Event: 4192.445 Thread 0x000001791526e000 Exception <a 'sun/nio/fs/WindowsException'{0x000000008a301170}> (0x000000008a301170) thrown at [./src/hotspot/share/prims/jni.cpp, line 615]
Event: 4192.449 Thread 0x000001791526e000 Exception <a 'sun/nio/fs/WindowsException'{0x000000008a3099d8}> (0x000000008a3099d8) thrown at [./src/hotspot/share/prims/jni.cpp, line 615]
Event: 4192.500 Thread 0x000001791526e000 Exception <a 'sun/nio/fs/WindowsException'{0x000000008a03e940}> (0x000000008a03e940) thrown at [./src/hotspot/share/prims/jni.cpp, line 615]
Event: 4192.504 Thread 0x000001791526e000 Exception <a 'sun/nio/fs/WindowsException'{0x000000008a045570}> (0x000000008a045570) thrown at [./src/hotspot/share/prims/jni.cpp, line 615]
Event: 4192.510 Thread 0x000001791526e000 Exception <a 'sun/nio/fs/WindowsException'{0x000000008a0515c8}> (0x000000008a0515c8) thrown at [./src/hotspot/share/prims/jni.cpp, line 615]
Event: 4192.515 Thread 0x000001791526e000 Exception <a 'sun/nio/fs/WindowsException'{0x000000008a0618c8}> (0x000000008a0618c8) thrown at [./src/hotspot/share/prims/jni.cpp, line 615]
Event: 4192.556 Thread 0x000001791571d000 Exception <a 'java/lang/NoSuchMethodError'{0x0000000089f4d4b0}: <clinit>> (0x0000000089f4d4b0) thrown at [./src/hotspot/share/prims/jni.cpp, line 1362]
Event: 4192.738 Thread 0x000001791526f000 Exception <a 'java/lang/NoSuchMethodError'{0x000000008bf3bd10}: <clinit>> (0x000000008bf3bd10) thrown at [./src/hotspot/share/prims/jni.cpp, line 1362]
Event: 4192.750 Thread 0x0000017912c60800 Exception <a 'sun/nio/fs/WindowsException'{0x000000008be0fa40}> (0x000000008be0fa40) thrown at [./src/hotspot/share/prims/jni.cpp, line 615]
Event: 4192.826 Thread 0x0000017912c60800 Exception <a 'sun/nio/fs/WindowsException'{0x000000008b805aa0}> (0x000000008b805aa0) thrown at [./src/hotspot/share/prims/jni.cpp, line 615]
Event: 4192.922 Thread 0x0000017912c60800 Exception <a 'sun/nio/fs/WindowsException'{0x000000008a9532d0}> (0x000000008a9532d0) thrown at [./src/hotspot/share/prims/jni.cpp, line 615]
Event: 4192.925 Thread 0x0000017912c60800 Exception <a 'sun/nio/fs/WindowsException'{0x000000008a9d75f8}> (0x000000008a9d75f8) thrown at [./src/hotspot/share/prims/jni.cpp, line 615]
Event: 4193.352 Thread 0x000001791526a000 Exception <a 'java/lang/NoSuchMethodError'{0x0000000089073e08}: <clinit>> (0x0000000089073e08) thrown at [./src/hotspot/share/prims/jni.cpp, line 1362]
Event: 4193.384 Thread 0x00000179197e0800 Exception <a 'sun/nio/fs/WindowsException'{0x0000000088fbbff0}> (0x0000000088fbbff0) thrown at [./src/hotspot/share/prims/jni.cpp, line 615]

Events (20 events):
Event: 4193.316 Executing VM operation: RevokeBias
Event: 4193.317 Executing VM operation: RevokeBias done
Event: 4193.357 Executing VM operation: RevokeBias
Event: 4193.369 Executing VM operation: RevokeBias done
Event: 4193.372 Executing VM operation: RevokeBias
Event: 4193.372 Executing VM operation: RevokeBias done
Event: 4193.476 Thread 0x00000179197e1800 Thread added: 0x00000179197e1800
Event: 4193.477 Thread 0x00000179197e9800 Thread added: 0x00000179197e9800
Event: 4193.480 Executing VM operation: RevokeBias
Event: 4193.485 Executing VM operation: RevokeBias done
Event: 4193.485 Thread 0x00000179197e6000 Thread added: 0x00000179197e6000
Event: 4193.485 Thread 0x00000179197e4800 Thread added: 0x00000179197e4800
Event: 4193.485 Executing VM operation: RevokeBias
Event: 4193.486 Executing VM operation: RevokeBias done
Event: 4193.517 Executing VM operation: RevokeBias
Event: 4193.517 Executing VM operation: RevokeBias done
Event: 4193.518 Thread 0x00000179197e8800 Thread added: 0x00000179197e8800
Event: 4193.518 Thread 0x00000179197e8000 Thread added: 0x00000179197e8000
Event: 4193.518 Thread 0x00000179197ec800 Thread added: 0x00000179197ec800
Event: 4193.519 Thread 0x00000179197ea000 Thread added: 0x00000179197ea000


Dynamic libraries:
0x00007ff711530000 - 0x00007ff71153a000 	C:\Program Files\Android\Android Studio\jre\bin\java.exe
0x00007ffdb3b30000 - 0x00007ffdb3d25000 	C:\WINDOWS\SYSTEM32\ntdll.dll
0x00007ffdb2fd0000 - 0x00007ffdb308d000 	C:\WINDOWS\System32\KERNEL32.DLL
0x00007ffdb13d0000 - 0x00007ffdb1698000 	C:\WINDOWS\System32\KERNELBASE.dll
0x00007ffdb16a0000 - 0x00007ffdb17a0000 	C:\WINDOWS\System32\ucrtbase.dll
0x00007ffd92670000 - 0x00007ffd92687000 	C:\Program Files\Android\Android Studio\jre\bin\VCRUNTIME140.dll
0x00007ffd9b570000 - 0x00007ffd9b589000 	C:\Program Files\Android\Android Studio\jre\bin\jli.dll
0x00007ffdb2010000 - 0x00007ffdb21b0000 	C:\WINDOWS\System32\USER32.dll
0x00007ffdb17a0000 - 0x00007ffdb17c2000 	C:\WINDOWS\System32\win32u.dll
0x00007ffd8bff0000 - 0x00007ffd8c28a000 	C:\WINDOWS\WinSxS\amd64_microsoft.windows.common-controls_6595b64144ccf1df_6.0.19041.844_none_ca00b6081b84eb1d\COMCTL32.dll
0x00007ffdb39b0000 - 0x00007ffdb39da000 	C:\WINDOWS\System32\GDI32.dll
0x00007ffdb1d40000 - 0x00007ffdb1dde000 	C:\WINDOWS\System32\msvcrt.dll
0x00007ffdb1900000 - 0x00007ffdb1a0b000 	C:\WINDOWS\System32\gdi32full.dll
0x00007ffdb1a70000 - 0x00007ffdb1b0d000 	C:\WINDOWS\System32\msvcp_win.dll
0x00007ffdb2900000 - 0x00007ffdb2930000 	C:\WINDOWS\System32\IMM32.DLL
0x00007ffd733c0000 - 0x00007ffd7345d000 	C:\Program Files\Android\Android Studio\jre\bin\msvcp140.dll
0x00007ffd55840000 - 0x00007ffd562fc000 	C:\Program Files\Android\Android Studio\jre\bin\server\jvm.dll
0x00007ffdb2ec0000 - 0x00007ffdb2f6c000 	C:\WINDOWS\System32\ADVAPI32.dll
0x00007ffdb1f70000 - 0x00007ffdb200b000 	C:\WINDOWS\System32\sechost.dll
0x00007ffdb2930000 - 0x00007ffdb2a5b000 	C:\WINDOWS\System32\RPCRT4.dll
0x00007ffdb2d40000 - 0x00007ffdb2d48000 	C:\WINDOWS\System32\PSAPI.DLL
0x00007ffd9e410000 - 0x00007ffd9e419000 	C:\WINDOWS\SYSTEM32\WSOCK32.dll
0x00007ffda55e0000 - 0x00007ffda5607000 	C:\WINDOWS\SYSTEM32\WINMM.dll
0x00007ffda9910000 - 0x00007ffda991a000 	C:\WINDOWS\SYSTEM32\VERSION.dll
0x00007ffdb1f00000 - 0x00007ffdb1f6b000 	C:\WINDOWS\System32\WS2_32.dll
0x00007ffdafb30000 - 0x00007ffdafb42000 	C:\WINDOWS\SYSTEM32\kernel.appcore.dll
0x00007ffdabdc0000 - 0x00007ffdabdd1000 	C:\Program Files\Android\Android Studio\jre\bin\verify.dll
0x00007ffdaf060000 - 0x00007ffdaf244000 	C:\WINDOWS\SYSTEM32\DBGHELP.DLL
0x00007ffda59c0000 - 0x00007ffda59ec000 	C:\WINDOWS\SYSTEM32\dbgcore.DLL
0x00007ffdb1b10000 - 0x00007ffdb1b90000 	C:\WINDOWS\System32\bcryptPrimitives.dll
0x00007ffdaa420000 - 0x00007ffdaa449000 	C:\Program Files\Android\Android Studio\jre\bin\java.dll
0x00007ffdabda0000 - 0x00007ffdabdab000 	C:\Program Files\Android\Android Studio\jre\bin\jimage.dll
0x00007ffdaa160000 - 0x00007ffdaa178000 	C:\Program Files\Android\Android Studio\jre\bin\zip.dll
0x00007ffdb21b0000 - 0x00007ffdb28f2000 	C:\WINDOWS\System32\SHELL32.dll
0x00007ffdaf350000 - 0x00007ffdafae1000 	C:\WINDOWS\SYSTEM32\windows.storage.dll
0x00007ffdb3560000 - 0x00007ffdb38b5000 	C:\WINDOWS\System32\combase.dll
0x00007ffdb0ba0000 - 0x00007ffdb0bcc000 	C:\WINDOWS\SYSTEM32\Wldp.dll
0x00007ffdb3a40000 - 0x00007ffdb3aee000 	C:\WINDOWS\System32\SHCORE.dll
0x00007ffdb2ce0000 - 0x00007ffdb2d35000 	C:\WINDOWS\System32\shlwapi.dll
0x00007ffdb11b0000 - 0x00007ffdb11cf000 	C:\WINDOWS\SYSTEM32\profapi.dll
0x00007ffda9ec0000 - 0x00007ffda9eda000 	C:\Program Files\Android\Android Studio\jre\bin\net.dll
0x00007ffda9620000 - 0x00007ffda972b000 	C:\WINDOWS\SYSTEM32\WINHTTP.dll
0x00007ffdb0980000 - 0x00007ffdb09ea000 	C:\WINDOWS\system32\mswsock.dll
0x00007ffda6a40000 - 0x00007ffda6a54000 	C:\Program Files\Android\Android Studio\jre\bin\nio.dll
0x00007ffd9dc10000 - 0x00007ffd9dc36000 	C:\Users\COMPUTER\.gradle\native\31\windows-amd64\native-platform.dll
0x00007ffdaa550000 - 0x00007ffdaa55a000 	C:\Program Files\Android\Android Studio\jre\bin\management.dll
0x00007ffdaa330000 - 0x00007ffdaa33c000 	C:\Program Files\Android\Android Studio\jre\bin\management_ext.dll
0x00007ffdb0c50000 - 0x00007ffdb0c68000 	C:\WINDOWS\SYSTEM32\CRYPTSP.dll
0x00007ffdb02e0000 - 0x00007ffdb0314000 	C:\WINDOWS\system32\rsaenh.dll
0x00007ffdb17d0000 - 0x00007ffdb17f7000 	C:\WINDOWS\System32\bcrypt.dll
0x00007ffdb1170000 - 0x00007ffdb119e000 	C:\WINDOWS\SYSTEM32\USERENV.dll
0x00007ffdb0b00000 - 0x00007ffdb0b0c000 	C:\WINDOWS\SYSTEM32\CRYPTBASE.dll
0x00007ffdb0690000 - 0x00007ffdb06cb000 	C:\WINDOWS\SYSTEM32\IPHLPAPI.DLL
0x00007ffdb2d50000 - 0x00007ffdb2d58000 	C:\WINDOWS\System32\NSI.dll
0x00007ffda9f50000 - 0x00007ffda9f67000 	C:\WINDOWS\SYSTEM32\dhcpcsvc6.DLL
0x00007ffdaab20000 - 0x00007ffdaab3d000 	C:\WINDOWS\SYSTEM32\dhcpcsvc.DLL
0x00007ffdb06d0000 - 0x00007ffdb079c000 	C:\WINDOWS\SYSTEM32\DNSAPI.dll

dbghelp: loaded successfully - version: 4.0.5 - missing functions: none
symbol engine: initialized successfully - sym options: 0x614 - pdb path: .;C:\Program Files\Android\Android Studio\jre\bin;C:\WINDOWS\SYSTEM32;C:\WINDOWS\WinSxS\amd64_microsoft.windows.common-controls_6595b64144ccf1df_6.0.19041.844_none_ca00b6081b84eb1d;C:\Program Files\Android\Android Studio\jre\bin\server;C:\Users\COMPUTER\.gradle\native\31\windows-amd64

VM Arguments:
jvm_args: --add-opens=java.base/java.util=ALL-UNNAMED --add-opens=java.base/java.lang=ALL-UNNAMED --add-opens=java.base/java.lang.invoke=ALL-UNNAMED --add-opens=java.prefs/java.util.prefs=ALL-UNNAMED -Xmx2048m -Dfile.encoding=windows-1252 -Duser.country=US -Duser.language=en -Duser.variant 
java_command: org.gradle.launcher.daemon.bootstrap.GradleDaemon 6.1.1
java_class_path (initial): C:\Users\COMPUTER\.gradle\wrapper\dists\gradle-6.1.1-all\cfmwm155h49vnt3hynmlrsdst\gradle-6.1.1\lib\gradle-launcher-6.1.1.jar
Launcher Type: SUN_STANDARD

[Global flags]
     intx CICompilerCount                          = 4                                         {product} {ergonomic}
     uint ConcGCThreads                            = 2                                         {product} {ergonomic}
     uint G1ConcRefinementThreads                  = 8                                         {product} {ergonomic}
   size_t G1HeapRegionSize                         = 1048576                                   {product} {ergonomic}
    uintx GCDrainStackTargetSize                   = 64                                        {product} {ergonomic}
   size_t InitialHeapSize                          = 201326592                                 {product} {ergonomic}
   size_t MarkStackSize                            = 4194304                                   {product} {ergonomic}
   size_t MaxHeapSize                              = 2147483648                                {product} {command line}
   size_t MaxNewSize                               = 1287651328                                {product} {ergonomic}
   size_t MinHeapDeltaBytes                        = 1048576                                   {product} {ergonomic}
    uintx NonNMethodCodeHeapSize                   = 5836300                                {pd product} {ergonomic}
    uintx NonProfiledCodeHeapSize                  = 122910970                              {pd product} {ergonomic}
    uintx ProfiledCodeHeapSize                     = 122910970                              {pd product} {ergonomic}
    uintx ReservedCodeCacheSize                    = 251658240                              {pd product} {ergonomic}
     bool SegmentedCodeCache                       = true                                      {product} {ergonomic}
     bool UseCompressedClassPointers               = true                                 {lp64_product} {ergonomic}
     bool UseCompressedOops                        = true                                 {lp64_product} {ergonomic}
     bool UseG1GC                                  = true                                      {product} {ergonomic}
     bool UseLargePagesIndividualAllocation        = false                                  {pd product} {ergonomic}

Logging:
Log output configuration:
 #0: stdout all=warning uptime,level,tags
 #1: stderr all=off uptime,level,tags

Environment Variables:
JAVA_HOME=C:\Program Files\Java\jdk-15
CLASSPATH=C:\antlr\antlr-4.8-complete.jar
PATH=C:\Program Files\Common Files\Oracle\Java\javapath;C:\Program Files (x86)\Python38-32\Scripts\;C:\Program Files (x86)\Python38-32\;C:\Program Files (x86)\Intel\iCLS Client\;C:\Program Files\Intel\iCLS Client\;C:\Windows\system32;C:\Windows;C:\Windows\System32\Wbem;C:\Windows\System32\WindowsPowerShell\v1.0\;C:\Windows\System32\OpenSSH\;C:\Program Files (x86)\Intel\Intel(R) Management Engine Components\DAL;C:\Program Files\Intel\Intel(R) Management Engine Components\DAL;C:\Program Files (x86)\Intel\Intel(R) Management Engine Components\IPT;C:\Program Files\Intel\Intel(R) Management Engine Components\IPT;C:\Program Files (x86)\NVIDIA Corporation\PhysX\Common;C:\Program Files\NVIDIA Corporation\NVIDIA NvDLISR;C:\Program Files\Intel\WiFi\bin\;C:\Program Files\Common Files\Intel\WirelessCommon\;C:\WINDOWS\system32;C:\WINDOWS;C:\WINDOWS\System32\Wbem;C:\WINDOWS\System32\WindowsPowerShell\v1.0\;C:\WINDOWS\System32\OpenSSH\;C:\src\dart-sdk\bin;C:\Program Files\dotnet\;C:\Program Files\Java\jdk-15\bin;C:\Program Files\Git\cmd;C:\Program Files\nodejs\;C:\Program Files\Microsoft SQL Server\130\Tools\Binn\;C:\Program Files\Microsoft SQL Server\Client SDK\ODBC\170\Tools\Binn\;C:\Program Files\Microsoft SQL Server\120\Tools\Binn\;C:\Program Files\Microsoft SQL Server\Client SDK\ODBC\110\Tools\Binn\;C:\Program Files (x86)\Microsoft SQL Server\120\Tools\Binn\;C:\Program Files\Microsoft SQL Server\120\DTS\Binn\;C:\Program Files (x86)\Microsoft SQL Server\120\Tools\Binn\ManagementStudio\;C:\Program Files (x86)\Microsoft SQL Server\120\DTS\Binn\;C:\Program Files\PuTTY\;C:\Users\COMPUTER\AppData\Local\Programs\Python\Python36-32\Scripts\;C:\Users\COMPUTER\AppData\Local\Programs\Python\Python36-32\;C:\Users\COMPUTER\AppData\Local\Microsoft\WindowsApps;C:\Program Files\Intel\WiFi\bin\;C:\Program Files\Common Files\Intel\WirelessCommon\;C:\src\flutter\bin;C:\Program Files\dotnet\sdk\3.1.401;C:\antlr\antlr-4.8-complete.jar;C:\antlr;C:\Users\COMPUTER\AppData\Local\Programs\Microsoft VS Co
USERNAME=COMPUTER
OS=Windows_NT
PROCESSOR_IDENTIFIER=Intel64 Family 6 Model 142 Stepping 10, GenuineIntel



---------------  S Y S T E M  ---------------

OS: Windows 10 , 64 bit Build 19041 (10.0.19041.928)
OS uptime: 1 days 10:03 hours
HyperV virtualization detected

CPU:total 8 (initial active 8) (4 cores per cpu, 2 threads per core) family 6 model 142 stepping 10, cmov, cx8, fxsr, mmx, sse, sse2, sse3, ssse3, sse4.1, sse4.2, popcnt, avx, avx2, aes, clmul, erms, 3dnowpref, lzcnt, ht, tsc, tscinvbit, bmi1, bmi2, adx, fma

Memory: 4k page, system-wide physical 12170M (1971M free)
TotalPageFile size 14954M (AvailPageFile size 5M)
current process WorkingSet (physical memory assigned to process): 428M, peak: 480M
current process commit charge ("private bytes"): 542M, peak: 544M

vm_info: OpenJDK 64-Bit Server VM (11.0.8+10-b944.6842174) for windows-amd64 JRE (11.0.8+10-b944.6842174), built on Sep 19 2020 01:11:42 by "builder" with MS VC++ 14.0 (VS2015)

END.
