#
# There is insufficient memory for the Java Runtime Environment to continue.
# Native memory allocation (malloc) failed to allocate 1382256 bytes for Chunk::new
# Possible reasons:
#   The system is out of physical RAM or swap space
#   The process is running with CompressedOops enabled, and the Java Heap may be blocking the growth of the native heap
# Possible solutions:
#   Reduce memory load on the system
#   Increase physical memory or swap space
#   Check if swap backing store is full
#   Decrease Java heap size (-Xmx/-Xms)
#   Decrease number of Java threads
#   Decrease Java thread stack sizes (-Xss)
#   Set larger code cache with -XX:ReservedCodeCacheSize=
#   JVM is running with Unscaled Compressed Oops mode in which the Java heap is
#     placed in the first 4GB address space. The Java Heap base address is the
#     maximum limit for the native heap growth. Please use -XX:HeapBaseMinAddress
#     to set the Java Heap base and to place the Java Heap above 4GB virtual address.
# This output file may be truncated or incomplete.
#
#  Out of Memory Error (./src/hotspot/share/memory/arena.cpp:197), pid=9876, tid=13640
#
# JRE version: OpenJDK Runtime Environment (11.0.8+10) (build 11.0.8+10-b944.6842174)
# Java VM: OpenJDK 64-Bit Server VM (11.0.8+10-b944.6842174, mixed mode, tiered, compressed oops, g1 gc, windows-amd64)
# No core dump will be written. Minidumps are not enabled by default on client versions of Windows
#

---------------  S U M M A R Y ------------

Command Line: --add-opens=java.base/java.util=ALL-UNNAMED --add-opens=java.base/java.lang=ALL-UNNAMED --add-opens=java.base/java.lang.invoke=ALL-UNNAMED --add-opens=java.prefs/java.util.prefs=ALL-UNNAMED -Xmx2048m -Dfile.encoding=windows-1252 -Duser.country=US -Duser.language=en -Duser.variant org.gradle.launcher.daemon.bootstrap.GradleDaemon 6.7.1

Host: Intel(R) Core(TM) i5-8250U CPU @ 1.60GHz, 8 cores, 11G,  Windows 10 , 64 bit Build 19041 (10.0.19041.928)
Time: Fri May 21 16:08:55 2021 SE Asia Standard Time elapsed time: 2 seconds (0d 0h 0m 2s)

---------------  T H R E A D  ---------------

Current thread (0x000001e92a130000):  JavaThread "C2 CompilerThread0" daemon [_thread_in_native, id=13640, stack(0x0000005c3dd00000,0x0000005c3de00000)]


Current CompileTask:
C2:   2383 1917   !   4       java.lang.ClassLoader::loadClass (122 bytes)

Stack: [0x0000005c3dd00000,0x0000005c3de00000]
Native frames: (J=compiled Java code, j=interpreted, Vv=VM code, C=native code)
V  [jvm.dll+0x5de50a]
V  [jvm.dll+0x7122f5]
V  [jvm.dll+0x71384d]
V  [jvm.dll+0x713f03]
V  [jvm.dll+0x23e728]
V  [jvm.dll+0xb899c]
V  [jvm.dll+0xb8e9c]
V  [jvm.dll+0x35020b]
V  [jvm.dll+0x31dea3]
V  [jvm.dll+0x31d39a]
V  [jvm.dll+0x1f7702]
V  [jvm.dll+0x1f68d4]
V  [jvm.dll+0x17f32c]
V  [jvm.dll+0x205047]
V  [jvm.dll+0x203891]
V  [jvm.dll+0x6dad3f]
V  [jvm.dll+0x6d3895]
V  [jvm.dll+0x5dd4a6]
C  [ucrtbase.dll+0x21bb2]
C  [KERNEL32.DLL+0x17034]
C  [ntdll.dll+0x52651]


---------------  P R O C E S S  ---------------

Threads class SMR info:
_java_thread_list=0x000001e92a272fa0, length=25, elements={
0x000001e90ed8c800, 0x000001e92a0cc800, 0x000001e92a0cf800, 0x000001e92a12c000,
0x000001e92a12e000, 0x000001e92a130000, 0x000001e92a133000, 0x000001e92a134000,
0x000001e92a2a2800, 0x000001e92a2ac800, 0x000001e92bbfe800, 0x000001e92bf1f800,
0x000001e92bf1b000, 0x000001e92bf20000, 0x000001e92bf21000, 0x000001e92bf21800,
0x000001e92bf1c000, 0x000001e92bf1d000, 0x000001e92bf1d800, 0x000001e92bf1e800,
0x000001e92cea5000, 0x000001e92cea6800, 0x000001e92cea7800, 0x000001e92c746000,
0x000001e92c74a000
}

Java Threads: ( => current thread )
  0x000001e90ed8c800 JavaThread "main" [_thread_blocked, id=13748, stack(0x0000005c3d200000,0x0000005c3d300000)]
  0x000001e92a0cc800 JavaThread "Reference Handler" daemon [_thread_blocked, id=3008, stack(0x0000005c3d900000,0x0000005c3da00000)]
  0x000001e92a0cf800 JavaThread "Finalizer" daemon [_thread_blocked, id=11484, stack(0x0000005c3da00000,0x0000005c3db00000)]
  0x000001e92a12c000 JavaThread "Signal Dispatcher" daemon [_thread_blocked, id=4140, stack(0x0000005c3db00000,0x0000005c3dc00000)]
  0x000001e92a12e000 JavaThread "Attach Listener" daemon [_thread_blocked, id=11388, stack(0x0000005c3dc00000,0x0000005c3dd00000)]
=>0x000001e92a130000 JavaThread "C2 CompilerThread0" daemon [_thread_in_native, id=13640, stack(0x0000005c3dd00000,0x0000005c3de00000)]
  0x000001e92a133000 JavaThread "C1 CompilerThread0" daemon [_thread_in_native, id=8820, stack(0x0000005c3de00000,0x0000005c3df00000)]
  0x000001e92a134000 JavaThread "Sweeper thread" daemon [_thread_blocked, id=12652, stack(0x0000005c3df00000,0x0000005c3e000000)]
  0x000001e92a2a2800 JavaThread "Common-Cleaner" daemon [_thread_blocked, id=8196, stack(0x0000005c3e000000,0x0000005c3e100000)]
  0x000001e92a2ac800 JavaThread "Service Thread" daemon [_thread_blocked, id=13672, stack(0x0000005c3e100000,0x0000005c3e200000)]
  0x000001e92bbfe800 JavaThread "Daemon health stats" [_thread_blocked, id=1520, stack(0x0000005c3e800000,0x0000005c3e900000)]
  0x000001e92bf1f800 JavaThread "Incoming local TCP Connector on port 50270" [_thread_in_native, id=14232, stack(0x0000005c3e900000,0x0000005c3ea00000)]
  0x000001e92bf1b000 JavaThread "Daemon periodic checks" [_thread_blocked, id=13028, stack(0x0000005c3ea00000,0x0000005c3eb00000)]
  0x000001e92bf20000 JavaThread "Daemon" [_thread_blocked, id=13084, stack(0x0000005c3eb00000,0x0000005c3ec00000)]
  0x000001e92bf21000 JavaThread "Handler for socket connection from /127.0.0.1:50270 to /127.0.0.1:50271" [_thread_in_native, id=8948, stack(0x0000005c3ec00000,0x0000005c3ed00000)]
  0x000001e92bf21800 JavaThread "Cancel handler" [_thread_blocked, id=3564, stack(0x0000005c3ed00000,0x0000005c3ee00000)]
  0x000001e92bf1c000 JavaThread "Daemon worker" [_thread_in_Java, id=3024, stack(0x0000005c3ee00000,0x0000005c3ef00000)]
  0x000001e92bf1d000 JavaThread "Asynchronous log dispatcher for DefaultDaemonConnection: socket connection from /127.0.0.1:50270 to /127.0.0.1:50271" [_thread_blocked, id=1492, stack(0x0000005c3ef00000,0x0000005c3f000000)]
  0x000001e92bf1d800 JavaThread "Stdin handler" [_thread_blocked, id=7648, stack(0x0000005c3f000000,0x0000005c3f100000)]
  0x000001e92bf1e800 JavaThread "Thread-8" [_thread_blocked, id=10656, stack(0x0000005c3f100000,0x0000005c3f200000)]
  0x000001e92cea5000 JavaThread "Cache worker for file hash cache (C:\Users\COMPUTER\.gradle\caches\6.7.1\fileHashes)" [_thread_blocked, id=4952, stack(0x0000005c3f200000,0x0000005c3f300000)]
  0x000001e92cea6800 JavaThread "File lock request listener" [_thread_in_native, id=7412, stack(0x0000005c3f300000,0x0000005c3f400000)]
  0x000001e92cea7800 JavaThread "Cache worker for journal cache (C:\Users\COMPUTER\.gradle\caches\journal-1)" [_thread_blocked, id=9304, stack(0x0000005c3f900000,0x0000005c3fa00000)]
  0x000001e92c746000 JavaThread "C2 CompilerThread1" daemon [_thread_in_native, id=5556, stack(0x0000005c3fa00000,0x0000005c3fb00000)]
  0x000001e92c74a000 JavaThread "C2 CompilerThread2" daemon [_thread_in_native, id=2172, stack(0x0000005c3fb00000,0x0000005c3fc00000)]

Other Threads:
  0x000001e92a0ca800 VMThread "VM Thread" [stack: 0x0000005c3d800000,0x0000005c3d900000] [id=12116]
  0x000001e92a2ad800 WatcherThread [stack: 0x0000005c3e200000,0x0000005c3e300000] [id=5400]
  0x000001e90eda5000 GCTaskThread "GC Thread#0" [stack: 0x0000005c3d300000,0x0000005c3d400000] [id=10564]
  0x000001e92b3aa000 GCTaskThread "GC Thread#1" [stack: 0x0000005c3e500000,0x0000005c3e600000] [id=9668]
  0x000001e92b3ab000 GCTaskThread "GC Thread#2" [stack: 0x0000005c3e600000,0x0000005c3e700000] [id=11876]
  0x000001e92afb6800 GCTaskThread "GC Thread#3" [stack: 0x0000005c3e700000,0x0000005c3e800000] [id=11936]
  0x000001e92b9fc000 GCTaskThread "GC Thread#4" [stack: 0x0000005c3f400000,0x0000005c3f500000] [id=2116]
  0x000001e92bd03000 GCTaskThread "GC Thread#5" [stack: 0x0000005c3f500000,0x0000005c3f600000] [id=5992]
  0x000001e92cebc000 GCTaskThread "GC Thread#6" [stack: 0x0000005c3f600000,0x0000005c3f700000] [id=8456]
  0x000001e92d626800 GCTaskThread "GC Thread#7" [stack: 0x0000005c3f700000,0x0000005c3f800000] [id=4928]
  0x000001e90edd7800 ConcurrentGCThread "G1 Main Marker" [stack: 0x0000005c3d400000,0x0000005c3d500000] [id=11032]
  0x000001e90edd9000 ConcurrentGCThread "G1 Conc#0" [stack: 0x0000005c3d500000,0x0000005c3d600000] [id=1532]
  0x000001e92c3e0000 ConcurrentGCThread "G1 Conc#1" [stack: 0x0000005c3f800000,0x0000005c3f900000] [id=10680]
  0x000001e929710800 ConcurrentGCThread "G1 Refine#0" [stack: 0x0000005c3d600000,0x0000005c3d700000] [id=3856]
  0x000001e929711800 ConcurrentGCThread "G1 Young RemSet Sampling" [stack: 0x0000005c3d700000,0x0000005c3d800000] [id=5484]

Threads with active compile tasks:
C2 CompilerThread0   2408 1917   !   4       java.lang.ClassLoader::loadClass (122 bytes)
C1 CompilerThread0   2408 2036       3       sun.reflect.generics.visitor.Reifier::visitClassTypeSignature (381 bytes)
C2 CompilerThread1   2408 2034       4       java.net.URLClassLoader$1::run (5 bytes)
C2 CompilerThread2   2408 2032 %     4       sun.nio.cs.UTF_8$Decoder::decodeArrayLoop @ 73 (691 bytes)

VM state:not at safepoint (normal execution)

VM Mutex/Monitor currently owned by a thread: None

Heap address: 0x0000000080000000, size: 2048 MB, Compressed Oops mode: 32-bit
Narrow klass base: 0x0000000000000000, Narrow klass shift: 3
Compressed class space size: 1073741824 Address: 0x0000000100000000

Heap:
 garbage-first heap   total 196608K, used 36648K [0x0000000080000000, 0x0000000100000000)
  region size 1024K, 32 young (32768K), 11 survivors (11264K)
 Metaspace       used 22418K, capacity 22952K, committed 23168K, reserved 1069056K
  class space    used 2876K, capacity 3076K, committed 3200K, reserved 1048576K
Heap Regions: E=young(eden), S=young(survivor), O=old, HS=humongous(starts), HC=humongous(continues), CS=collection set, F=free, A=archive, TAMS=top-at-mark-start (previous, next)
|   0|0x0000000080000000, 0x0000000080000000, 0x0000000080100000|  0%| F|  |TAMS 0x0000000080000000, 0x0000000080000000| Untracked 
|   1|0x0000000080100000, 0x0000000080100000, 0x0000000080200000|  0%| F|  |TAMS 0x0000000080100000, 0x0000000080100000| Untracked 
|   2|0x0000000080200000, 0x0000000080200000, 0x0000000080300000|  0%| F|  |TAMS 0x0000000080200000, 0x0000000080200000| Untracked 
|   3|0x0000000080300000, 0x0000000080400000, 0x0000000080400000|100%|HS|  |TAMS 0x0000000080400000, 0x0000000080300000| Complete 
|   4|0x0000000080400000, 0x0000000080500000, 0x0000000080500000|100%|HC|  |TAMS 0x0000000080500000, 0x0000000080400000| Complete 
|   5|0x0000000080500000, 0x0000000080600000, 0x0000000080600000|100%|HC|  |TAMS 0x0000000080600000, 0x0000000080500000| Complete 
|   6|0x0000000080600000, 0x0000000080700000, 0x0000000080700000|100%| O|  |TAMS 0x0000000080700000, 0x0000000080600000| Untracked 
|   7|0x0000000080700000, 0x0000000080800000, 0x0000000080800000|100%| O|  |TAMS 0x0000000080800000, 0x0000000080700000| Untracked 
|   8|0x0000000080800000, 0x0000000080856a00, 0x0000000080900000| 33%| O|  |TAMS 0x0000000080856a00, 0x0000000080800000| Untracked 
|   9|0x0000000080900000, 0x0000000080900000, 0x0000000080a00000|  0%| F|  |TAMS 0x0000000080900000, 0x0000000080900000| Untracked 
|  10|0x0000000080a00000, 0x0000000080a00000, 0x0000000080b00000|  0%| F|  |TAMS 0x0000000080a00000, 0x0000000080a00000| Untracked 
|  11|0x0000000080b00000, 0x0000000080b00000, 0x0000000080c00000|  0%| F|  |TAMS 0x0000000080b00000, 0x0000000080b00000| Untracked 
|  12|0x0000000080c00000, 0x0000000080c00000, 0x0000000080d00000|  0%| F|  |TAMS 0x0000000080c00000, 0x0000000080c00000| Untracked 
|  13|0x0000000080d00000, 0x0000000080d00000, 0x0000000080e00000|  0%| F|  |TAMS 0x0000000080d00000, 0x0000000080d00000| Untracked 
|  14|0x0000000080e00000, 0x0000000080e00000, 0x0000000080f00000|  0%| F|  |TAMS 0x0000000080e00000, 0x0000000080e00000| Untracked 
|  15|0x0000000080f00000, 0x0000000080f00000, 0x0000000081000000|  0%| F|  |TAMS 0x0000000080f00000, 0x0000000080f00000| Untracked 
|  16|0x0000000081000000, 0x0000000081000000, 0x0000000081100000|  0%| F|  |TAMS 0x0000000081000000, 0x0000000081000000| Untracked 
|  17|0x0000000081100000, 0x0000000081100000, 0x0000000081200000|  0%| F|  |TAMS 0x0000000081100000, 0x0000000081100000| Untracked 
|  18|0x0000000081200000, 0x0000000081200000, 0x0000000081300000|  0%| F|  |TAMS 0x0000000081200000, 0x0000000081200000| Untracked 
|  19|0x0000000081300000, 0x0000000081300000, 0x0000000081400000|  0%| F|  |TAMS 0x0000000081300000, 0x0000000081300000| Untracked 
|  20|0x0000000081400000, 0x0000000081400000, 0x0000000081500000|  0%| F|  |TAMS 0x0000000081400000, 0x0000000081400000| Untracked 
|  21|0x0000000081500000, 0x0000000081500000, 0x0000000081600000|  0%| F|  |TAMS 0x0000000081500000, 0x0000000081500000| Untracked 
|  22|0x0000000081600000, 0x0000000081600000, 0x0000000081700000|  0%| F|  |TAMS 0x0000000081600000, 0x0000000081600000| Untracked 
|  23|0x0000000081700000, 0x0000000081700000, 0x0000000081800000|  0%| F|  |TAMS 0x0000000081700000, 0x0000000081700000| Untracked 
|  24|0x0000000081800000, 0x0000000081800000, 0x0000000081900000|  0%| F|  |TAMS 0x0000000081800000, 0x0000000081800000| Untracked 
|  25|0x0000000081900000, 0x0000000081900000, 0x0000000081a00000|  0%| F|  |TAMS 0x0000000081900000, 0x0000000081900000| Untracked 
|  26|0x0000000081a00000, 0x0000000081a00000, 0x0000000081b00000|  0%| F|  |TAMS 0x0000000081a00000, 0x0000000081a00000| Untracked 
|  27|0x0000000081b00000, 0x0000000081b00000, 0x0000000081c00000|  0%| F|  |TAMS 0x0000000081b00000, 0x0000000081b00000| Untracked 
|  28|0x0000000081c00000, 0x0000000081c00000, 0x0000000081d00000|  0%| F|  |TAMS 0x0000000081c00000, 0x0000000081c00000| Untracked 
|  29|0x0000000081d00000, 0x0000000081d00000, 0x0000000081e00000|  0%| F|  |TAMS 0x0000000081d00000, 0x0000000081d00000| Untracked 
|  30|0x0000000081e00000, 0x0000000081e00000, 0x0000000081f00000|  0%| F|  |TAMS 0x0000000081e00000, 0x0000000081e00000| Untracked 
|  31|0x0000000081f00000, 0x0000000081f00000, 0x0000000082000000|  0%| F|  |TAMS 0x0000000081f00000, 0x0000000081f00000| Untracked 
|  32|0x0000000082000000, 0x0000000082000000, 0x0000000082100000|  0%| F|  |TAMS 0x0000000082000000, 0x0000000082000000| Untracked 
|  33|0x0000000082100000, 0x0000000082100000, 0x0000000082200000|  0%| F|  |TAMS 0x0000000082100000, 0x0000000082100000| Untracked 
|  34|0x0000000082200000, 0x0000000082200000, 0x0000000082300000|  0%| F|  |TAMS 0x0000000082200000, 0x0000000082200000| Untracked 
|  35|0x0000000082300000, 0x0000000082300000, 0x0000000082400000|  0%| F|  |TAMS 0x0000000082300000, 0x0000000082300000| Untracked 
|  36|0x0000000082400000, 0x0000000082400000, 0x0000000082500000|  0%| F|  |TAMS 0x0000000082400000, 0x0000000082400000| Untracked 
|  37|0x0000000082500000, 0x0000000082500000, 0x0000000082600000|  0%| F|  |TAMS 0x0000000082500000, 0x0000000082500000| Untracked 
|  38|0x0000000082600000, 0x0000000082600000, 0x0000000082700000|  0%| F|  |TAMS 0x0000000082600000, 0x0000000082600000| Untracked 
|  39|0x0000000082700000, 0x0000000082700000, 0x0000000082800000|  0%| F|  |TAMS 0x0000000082700000, 0x0000000082700000| Untracked 
|  40|0x0000000082800000, 0x0000000082800000, 0x0000000082900000|  0%| F|  |TAMS 0x0000000082800000, 0x0000000082800000| Untracked 
|  41|0x0000000082900000, 0x0000000082900000, 0x0000000082a00000|  0%| F|  |TAMS 0x0000000082900000, 0x0000000082900000| Untracked 
|  42|0x0000000082a00000, 0x0000000082a00000, 0x0000000082b00000|  0%| F|  |TAMS 0x0000000082a00000, 0x0000000082a00000| Untracked 
|  43|0x0000000082b00000, 0x0000000082b00000, 0x0000000082c00000|  0%| F|  |TAMS 0x0000000082b00000, 0x0000000082b00000| Untracked 
|  44|0x0000000082c00000, 0x0000000082c00000, 0x0000000082d00000|  0%| F|  |TAMS 0x0000000082c00000, 0x0000000082c00000| Untracked 
|  45|0x0000000082d00000, 0x0000000082d00000, 0x0000000082e00000|  0%| F|  |TAMS 0x0000000082d00000, 0x0000000082d00000| Untracked 
|  46|0x0000000082e00000, 0x0000000082e00000, 0x0000000082f00000|  0%| F|  |TAMS 0x0000000082e00000, 0x0000000082e00000| Untracked 
|  47|0x0000000082f00000, 0x0000000082f00000, 0x0000000083000000|  0%| F|  |TAMS 0x0000000082f00000, 0x0000000082f00000| Untracked 
|  48|0x0000000083000000, 0x0000000083000000, 0x0000000083100000|  0%| F|  |TAMS 0x0000000083000000, 0x0000000083000000| Untracked 
|  49|0x0000000083100000, 0x0000000083100000, 0x0000000083200000|  0%| F|  |TAMS 0x0000000083100000, 0x0000000083100000| Untracked 
|  50|0x0000000083200000, 0x0000000083200000, 0x0000000083300000|  0%| F|  |TAMS 0x0000000083200000, 0x0000000083200000| Untracked 
|  51|0x0000000083300000, 0x0000000083300000, 0x0000000083400000|  0%| F|  |TAMS 0x0000000083300000, 0x0000000083300000| Untracked 
|  52|0x0000000083400000, 0x0000000083400000, 0x0000000083500000|  0%| F|  |TAMS 0x0000000083400000, 0x0000000083400000| Untracked 
|  53|0x0000000083500000, 0x0000000083500000, 0x0000000083600000|  0%| F|  |TAMS 0x0000000083500000, 0x0000000083500000| Untracked 
|  54|0x0000000083600000, 0x0000000083600000, 0x0000000083700000|  0%| F|  |TAMS 0x0000000083600000, 0x0000000083600000| Untracked 
|  55|0x0000000083700000, 0x0000000083700000, 0x0000000083800000|  0%| F|  |TAMS 0x0000000083700000, 0x0000000083700000| Untracked 
|  56|0x0000000083800000, 0x0000000083800000, 0x0000000083900000|  0%| F|  |TAMS 0x0000000083800000, 0x0000000083800000| Untracked 
|  57|0x0000000083900000, 0x0000000083900000, 0x0000000083a00000|  0%| F|  |TAMS 0x0000000083900000, 0x0000000083900000| Untracked 
|  58|0x0000000083a00000, 0x0000000083a00000, 0x0000000083b00000|  0%| F|  |TAMS 0x0000000083a00000, 0x0000000083a00000| Untracked 
|  59|0x0000000083b00000, 0x0000000083b00000, 0x0000000083c00000|  0%| F|  |TAMS 0x0000000083b00000, 0x0000000083b00000| Untracked 
|  60|0x0000000083c00000, 0x0000000083c00000, 0x0000000083d00000|  0%| F|  |TAMS 0x0000000083c00000, 0x0000000083c00000| Untracked 
|  61|0x0000000083d00000, 0x0000000083d00000, 0x0000000083e00000|  0%| F|  |TAMS 0x0000000083d00000, 0x0000000083d00000| Untracked 
|  62|0x0000000083e00000, 0x0000000083e00000, 0x0000000083f00000|  0%| F|  |TAMS 0x0000000083e00000, 0x0000000083e00000| Untracked 
|  63|0x0000000083f00000, 0x0000000083f00000, 0x0000000084000000|  0%| F|  |TAMS 0x0000000083f00000, 0x0000000083f00000| Untracked 
|  64|0x0000000084000000, 0x0000000084000000, 0x0000000084100000|  0%| F|  |TAMS 0x0000000084000000, 0x0000000084000000| Untracked 
|  65|0x0000000084100000, 0x0000000084100000, 0x0000000084200000|  0%| F|  |TAMS 0x0000000084100000, 0x0000000084100000| Untracked 
|  66|0x0000000084200000, 0x0000000084200000, 0x0000000084300000|  0%| F|  |TAMS 0x0000000084200000, 0x0000000084200000| Untracked 
|  67|0x0000000084300000, 0x0000000084300000, 0x0000000084400000|  0%| F|  |TAMS 0x0000000084300000, 0x0000000084300000| Untracked 
|  68|0x0000000084400000, 0x0000000084400000, 0x0000000084500000|  0%| F|  |TAMS 0x0000000084400000, 0x0000000084400000| Untracked 
|  69|0x0000000084500000, 0x0000000084500000, 0x0000000084600000|  0%| F|  |TAMS 0x0000000084500000, 0x0000000084500000| Untracked 
|  70|0x0000000084600000, 0x0000000084600000, 0x0000000084700000|  0%| F|  |TAMS 0x0000000084600000, 0x0000000084600000| Untracked 
|  71|0x0000000084700000, 0x0000000084700000, 0x0000000084800000|  0%| F|  |TAMS 0x0000000084700000, 0x0000000084700000| Untracked 
|  72|0x0000000084800000, 0x0000000084800000, 0x0000000084900000|  0%| F|  |TAMS 0x0000000084800000, 0x0000000084800000| Untracked 
|  73|0x0000000084900000, 0x0000000084900000, 0x0000000084a00000|  0%| F|  |TAMS 0x0000000084900000, 0x0000000084900000| Untracked 
|  74|0x0000000084a00000, 0x0000000084a00000, 0x0000000084b00000|  0%| F|  |TAMS 0x0000000084a00000, 0x0000000084a00000| Untracked 
|  75|0x0000000084b00000, 0x0000000084b00000, 0x0000000084c00000|  0%| F|  |TAMS 0x0000000084b00000, 0x0000000084b00000| Untracked 
|  76|0x0000000084c00000, 0x0000000084c00000, 0x0000000084d00000|  0%| F|  |TAMS 0x0000000084c00000, 0x0000000084c00000| Untracked 
|  77|0x0000000084d00000, 0x0000000084d00000, 0x0000000084e00000|  0%| F|  |TAMS 0x0000000084d00000, 0x0000000084d00000| Untracked 
|  78|0x0000000084e00000, 0x0000000084e00000, 0x0000000084f00000|  0%| F|  |TAMS 0x0000000084e00000, 0x0000000084e00000| Untracked 
|  79|0x0000000084f00000, 0x0000000084f00000, 0x0000000085000000|  0%| F|  |TAMS 0x0000000084f00000, 0x0000000084f00000| Untracked 
|  80|0x0000000085000000, 0x0000000085000000, 0x0000000085100000|  0%| F|  |TAMS 0x0000000085000000, 0x0000000085000000| Untracked 
|  81|0x0000000085100000, 0x0000000085100000, 0x0000000085200000|  0%| F|  |TAMS 0x0000000085100000, 0x0000000085100000| Untracked 
|  82|0x0000000085200000, 0x0000000085200000, 0x0000000085300000|  0%| F|  |TAMS 0x0000000085200000, 0x0000000085200000| Untracked 
|  83|0x0000000085300000, 0x0000000085300000, 0x0000000085400000|  0%| F|  |TAMS 0x0000000085300000, 0x0000000085300000| Untracked 
|  84|0x0000000085400000, 0x0000000085400000, 0x0000000085500000|  0%| F|  |TAMS 0x0000000085400000, 0x0000000085400000| Untracked 
|  85|0x0000000085500000, 0x0000000085500000, 0x0000000085600000|  0%| F|  |TAMS 0x0000000085500000, 0x0000000085500000| Untracked 
|  86|0x0000000085600000, 0x0000000085600000, 0x0000000085700000|  0%| F|  |TAMS 0x0000000085600000, 0x0000000085600000| Untracked 
|  87|0x0000000085700000, 0x0000000085700000, 0x0000000085800000|  0%| F|  |TAMS 0x0000000085700000, 0x0000000085700000| Untracked 
|  88|0x0000000085800000, 0x0000000085800000, 0x0000000085900000|  0%| F|  |TAMS 0x0000000085800000, 0x0000000085800000| Untracked 
|  89|0x0000000085900000, 0x0000000085900000, 0x0000000085a00000|  0%| F|  |TAMS 0x0000000085900000, 0x0000000085900000| Untracked 
|  90|0x0000000085a00000, 0x0000000085a00000, 0x0000000085b00000|  0%| F|  |TAMS 0x0000000085a00000, 0x0000000085a00000| Untracked 
|  91|0x0000000085b00000, 0x0000000085b00000, 0x0000000085c00000|  0%| F|  |TAMS 0x0000000085b00000, 0x0000000085b00000| Untracked 
|  92|0x0000000085c00000, 0x0000000085c00000, 0x0000000085d00000|  0%| F|  |TAMS 0x0000000085c00000, 0x0000000085c00000| Untracked 
|  93|0x0000000085d00000, 0x0000000085d73600, 0x0000000085e00000| 45%| S|CS|TAMS 0x0000000085d00000, 0x0000000085d00000| Complete 
|  94|0x0000000085e00000, 0x0000000085f00000, 0x0000000085f00000|100%| S|CS|TAMS 0x0000000085e00000, 0x0000000085e00000| Complete 
|  95|0x0000000085f00000, 0x0000000086000000, 0x0000000086000000|100%| S|CS|TAMS 0x0000000085f00000, 0x0000000085f00000| Complete 
|  96|0x0000000086000000, 0x0000000086100000, 0x0000000086100000|100%| S|CS|TAMS 0x0000000086000000, 0x0000000086000000| Complete 
|  97|0x0000000086100000, 0x0000000086200000, 0x0000000086200000|100%| S|CS|TAMS 0x0000000086100000, 0x0000000086100000| Complete 
|  98|0x0000000086200000, 0x0000000086300000, 0x0000000086300000|100%| S|CS|TAMS 0x0000000086200000, 0x0000000086200000| Complete 
|  99|0x0000000086300000, 0x0000000086400000, 0x0000000086400000|100%| S|CS|TAMS 0x0000000086300000, 0x0000000086300000| Complete 
| 100|0x0000000086400000, 0x0000000086500000, 0x0000000086500000|100%| S|CS|TAMS 0x0000000086400000, 0x0000000086400000| Complete 
| 101|0x0000000086500000, 0x0000000086600000, 0x0000000086600000|100%| S|CS|TAMS 0x0000000086500000, 0x0000000086500000| Complete 
| 102|0x0000000086600000, 0x0000000086700000, 0x0000000086700000|100%| S|CS|TAMS 0x0000000086600000, 0x0000000086600000| Complete 
| 103|0x0000000086700000, 0x0000000086800000, 0x0000000086800000|100%| S|CS|TAMS 0x0000000086700000, 0x0000000086700000| Complete 
| 104|0x0000000086800000, 0x0000000086800000, 0x0000000086900000|  0%| F|  |TAMS 0x0000000086800000, 0x0000000086800000| Untracked 
| 105|0x0000000086900000, 0x0000000086900000, 0x0000000086a00000|  0%| F|  |TAMS 0x0000000086900000, 0x0000000086900000| Untracked 
| 106|0x0000000086a00000, 0x0000000086a00000, 0x0000000086b00000|  0%| F|  |TAMS 0x0000000086a00000, 0x0000000086a00000| Untracked 
| 107|0x0000000086b00000, 0x0000000086b00000, 0x0000000086c00000|  0%| F|  |TAMS 0x0000000086b00000, 0x0000000086b00000| Untracked 
| 108|0x0000000086c00000, 0x0000000086c00000, 0x0000000086d00000|  0%| F|  |TAMS 0x0000000086c00000, 0x0000000086c00000| Untracked 
| 109|0x0000000086d00000, 0x0000000086d00000, 0x0000000086e00000|  0%| F|  |TAMS 0x0000000086d00000, 0x0000000086d00000| Untracked 
| 110|0x0000000086e00000, 0x0000000086e00000, 0x0000000086f00000|  0%| F|  |TAMS 0x0000000086e00000, 0x0000000086e00000| Untracked 
| 111|0x0000000086f00000, 0x0000000086f00000, 0x0000000087000000|  0%| F|  |TAMS 0x0000000086f00000, 0x0000000086f00000| Untracked 
| 112|0x0000000087000000, 0x0000000087000000, 0x0000000087100000|  0%| F|  |TAMS 0x0000000087000000, 0x0000000087000000| Untracked 
| 113|0x0000000087100000, 0x0000000087100000, 0x0000000087200000|  0%| F|  |TAMS 0x0000000087100000, 0x0000000087100000| Untracked 
| 114|0x0000000087200000, 0x0000000087200000, 0x0000000087300000|  0%| F|  |TAMS 0x0000000087200000, 0x0000000087200000| Untracked 
| 115|0x0000000087300000, 0x0000000087300000, 0x0000000087400000|  0%| F|  |TAMS 0x0000000087300000, 0x0000000087300000| Untracked 
| 116|0x0000000087400000, 0x0000000087400000, 0x0000000087500000|  0%| F|  |TAMS 0x0000000087400000, 0x0000000087400000| Untracked 
| 117|0x0000000087500000, 0x0000000087500000, 0x0000000087600000|  0%| F|  |TAMS 0x0000000087500000, 0x0000000087500000| Untracked 
| 118|0x0000000087600000, 0x0000000087600000, 0x0000000087700000|  0%| F|  |TAMS 0x0000000087600000, 0x0000000087600000| Untracked 
| 119|0x0000000087700000, 0x0000000087700000, 0x0000000087800000|  0%| F|  |TAMS 0x0000000087700000, 0x0000000087700000| Untracked 
| 120|0x0000000087800000, 0x0000000087800000, 0x0000000087900000|  0%| F|  |TAMS 0x0000000087800000, 0x0000000087800000| Untracked 
| 121|0x0000000087900000, 0x0000000087900000, 0x0000000087a00000|  0%| F|  |TAMS 0x0000000087900000, 0x0000000087900000| Untracked 
| 122|0x0000000087a00000, 0x0000000087a00000, 0x0000000087b00000|  0%| F|  |TAMS 0x0000000087a00000, 0x0000000087a00000| Untracked 
| 123|0x0000000087b00000, 0x0000000087b00000, 0x0000000087c00000|  0%| F|  |TAMS 0x0000000087b00000, 0x0000000087b00000| Untracked 
| 124|0x0000000087c00000, 0x0000000087c00000, 0x0000000087d00000|  0%| F|  |TAMS 0x0000000087c00000, 0x0000000087c00000| Untracked 
| 125|0x0000000087d00000, 0x0000000087d00000, 0x0000000087e00000|  0%| F|  |TAMS 0x0000000087d00000, 0x0000000087d00000| Untracked 
| 126|0x0000000087e00000, 0x0000000087e00000, 0x0000000087f00000|  0%| F|  |TAMS 0x0000000087e00000, 0x0000000087e00000| Untracked 
| 127|0x0000000087f00000, 0x0000000087f00000, 0x0000000088000000|  0%| F|  |TAMS 0x0000000087f00000, 0x0000000087f00000| Untracked 
| 128|0x0000000088000000, 0x0000000088000000, 0x0000000088100000|  0%| F|  |TAMS 0x0000000088000000, 0x0000000088000000| Untracked 
| 129|0x0000000088100000, 0x0000000088100000, 0x0000000088200000|  0%| F|  |TAMS 0x0000000088100000, 0x0000000088100000| Untracked 
| 130|0x0000000088200000, 0x0000000088200000, 0x0000000088300000|  0%| F|  |TAMS 0x0000000088200000, 0x0000000088200000| Untracked 
| 131|0x0000000088300000, 0x0000000088300000, 0x0000000088400000|  0%| F|  |TAMS 0x0000000088300000, 0x0000000088300000| Untracked 
| 132|0x0000000088400000, 0x0000000088400000, 0x0000000088500000|  0%| F|  |TAMS 0x0000000088400000, 0x0000000088400000| Untracked 
| 133|0x0000000088500000, 0x0000000088500000, 0x0000000088600000|  0%| F|  |TAMS 0x0000000088500000, 0x0000000088500000| Untracked 
| 134|0x0000000088600000, 0x0000000088600000, 0x0000000088700000|  0%| F|  |TAMS 0x0000000088600000, 0x0000000088600000| Untracked 
| 135|0x0000000088700000, 0x0000000088700000, 0x0000000088800000|  0%| F|  |TAMS 0x0000000088700000, 0x0000000088700000| Untracked 
| 136|0x0000000088800000, 0x0000000088800000, 0x0000000088900000|  0%| F|  |TAMS 0x0000000088800000, 0x0000000088800000| Untracked 
| 137|0x0000000088900000, 0x0000000088900000, 0x0000000088a00000|  0%| F|  |TAMS 0x0000000088900000, 0x0000000088900000| Untracked 
| 138|0x0000000088a00000, 0x0000000088a00000, 0x0000000088b00000|  0%| F|  |TAMS 0x0000000088a00000, 0x0000000088a00000| Untracked 
| 139|0x0000000088b00000, 0x0000000088b00000, 0x0000000088c00000|  0%| F|  |TAMS 0x0000000088b00000, 0x0000000088b00000| Untracked 
| 140|0x0000000088c00000, 0x0000000088c00000, 0x0000000088d00000|  0%| F|  |TAMS 0x0000000088c00000, 0x0000000088c00000| Untracked 
| 141|0x0000000088d00000, 0x0000000088d00000, 0x0000000088e00000|  0%| F|  |TAMS 0x0000000088d00000, 0x0000000088d00000| Untracked 
| 142|0x0000000088e00000, 0x0000000088e00000, 0x0000000088f00000|  0%| F|  |TAMS 0x0000000088e00000, 0x0000000088e00000| Untracked 
| 143|0x0000000088f00000, 0x0000000088f00000, 0x0000000089000000|  0%| F|  |TAMS 0x0000000088f00000, 0x0000000088f00000| Untracked 
| 144|0x0000000089000000, 0x0000000089000000, 0x0000000089100000|  0%| F|  |TAMS 0x0000000089000000, 0x0000000089000000| Untracked 
| 145|0x0000000089100000, 0x0000000089100000, 0x0000000089200000|  0%| F|  |TAMS 0x0000000089100000, 0x0000000089100000| Untracked 
| 146|0x0000000089200000, 0x0000000089200000, 0x0000000089300000|  0%| F|  |TAMS 0x0000000089200000, 0x0000000089200000| Untracked 
| 147|0x0000000089300000, 0x0000000089300000, 0x0000000089400000|  0%| F|  |TAMS 0x0000000089300000, 0x0000000089300000| Untracked 
| 148|0x0000000089400000, 0x0000000089400000, 0x0000000089500000|  0%| F|  |TAMS 0x0000000089400000, 0x0000000089400000| Untracked 
| 149|0x0000000089500000, 0x0000000089500000, 0x0000000089600000|  0%| F|  |TAMS 0x0000000089500000, 0x0000000089500000| Untracked 
| 150|0x0000000089600000, 0x0000000089600000, 0x0000000089700000|  0%| F|  |TAMS 0x0000000089600000, 0x0000000089600000| Untracked 
| 151|0x0000000089700000, 0x0000000089700000, 0x0000000089800000|  0%| F|  |TAMS 0x0000000089700000, 0x0000000089700000| Untracked 
| 152|0x0000000089800000, 0x0000000089800000, 0x0000000089900000|  0%| F|  |TAMS 0x0000000089800000, 0x0000000089800000| Untracked 
| 153|0x0000000089900000, 0x0000000089900000, 0x0000000089a00000|  0%| F|  |TAMS 0x0000000089900000, 0x0000000089900000| Untracked 
| 154|0x0000000089a00000, 0x0000000089a00000, 0x0000000089b00000|  0%| F|  |TAMS 0x0000000089a00000, 0x0000000089a00000| Untracked 
| 155|0x0000000089b00000, 0x0000000089b00000, 0x0000000089c00000|  0%| F|  |TAMS 0x0000000089b00000, 0x0000000089b00000| Untracked 
| 156|0x0000000089c00000, 0x0000000089c00000, 0x0000000089d00000|  0%| F|  |TAMS 0x0000000089c00000, 0x0000000089c00000| Untracked 
| 157|0x0000000089d00000, 0x0000000089d00000, 0x0000000089e00000|  0%| F|  |TAMS 0x0000000089d00000, 0x0000000089d00000| Untracked 
| 158|0x0000000089e00000, 0x0000000089e00000, 0x0000000089f00000|  0%| F|  |TAMS 0x0000000089e00000, 0x0000000089e00000| Untracked 
| 159|0x0000000089f00000, 0x0000000089f00000, 0x000000008a000000|  0%| F|  |TAMS 0x0000000089f00000, 0x0000000089f00000| Untracked 
| 160|0x000000008a000000, 0x000000008a000000, 0x000000008a100000|  0%| F|  |TAMS 0x000000008a000000, 0x000000008a000000| Untracked 
| 161|0x000000008a100000, 0x000000008a100000, 0x000000008a200000|  0%| F|  |TAMS 0x000000008a100000, 0x000000008a100000| Untracked 
| 162|0x000000008a200000, 0x000000008a200000, 0x000000008a300000|  0%| F|  |TAMS 0x000000008a200000, 0x000000008a200000| Untracked 
| 163|0x000000008a300000, 0x000000008a300000, 0x000000008a400000|  0%| F|  |TAMS 0x000000008a300000, 0x000000008a300000| Untracked 
| 164|0x000000008a400000, 0x000000008a400000, 0x000000008a500000|  0%| F|  |TAMS 0x000000008a400000, 0x000000008a400000| Untracked 
| 165|0x000000008a500000, 0x000000008a500000, 0x000000008a600000|  0%| F|  |TAMS 0x000000008a500000, 0x000000008a500000| Untracked 
| 166|0x000000008a600000, 0x000000008a600000, 0x000000008a700000|  0%| F|  |TAMS 0x000000008a600000, 0x000000008a600000| Untracked 
| 167|0x000000008a700000, 0x000000008a700000, 0x000000008a800000|  0%| F|  |TAMS 0x000000008a700000, 0x000000008a700000| Untracked 
| 168|0x000000008a800000, 0x000000008a800000, 0x000000008a900000|  0%| F|  |TAMS 0x000000008a800000, 0x000000008a800000| Untracked 
| 169|0x000000008a900000, 0x000000008a900000, 0x000000008aa00000|  0%| F|  |TAMS 0x000000008a900000, 0x000000008a900000| Untracked 
| 170|0x000000008aa00000, 0x000000008aa00000, 0x000000008ab00000|  0%| F|  |TAMS 0x000000008aa00000, 0x000000008aa00000| Untracked 
| 171|0x000000008ab00000, 0x000000008abf2130, 0x000000008ac00000| 94%| E|  |TAMS 0x000000008ab00000, 0x000000008ab00000| Complete 
| 172|0x000000008ac00000, 0x000000008ad00000, 0x000000008ad00000|100%| E|CS|TAMS 0x000000008ac00000, 0x000000008ac00000| Complete 
| 173|0x000000008ad00000, 0x000000008ae00000, 0x000000008ae00000|100%| E|CS|TAMS 0x000000008ad00000, 0x000000008ad00000| Complete 
| 174|0x000000008ae00000, 0x000000008af00000, 0x000000008af00000|100%| E|CS|TAMS 0x000000008ae00000, 0x000000008ae00000| Complete 
| 175|0x000000008af00000, 0x000000008b000000, 0x000000008b000000|100%| E|CS|TAMS 0x000000008af00000, 0x000000008af00000| Complete 
| 176|0x000000008b000000, 0x000000008b100000, 0x000000008b100000|100%| E|CS|TAMS 0x000000008b000000, 0x000000008b000000| Complete 
| 177|0x000000008b100000, 0x000000008b200000, 0x000000008b200000|100%| E|CS|TAMS 0x000000008b100000, 0x000000008b100000| Complete 
| 178|0x000000008b200000, 0x000000008b300000, 0x000000008b300000|100%| E|CS|TAMS 0x000000008b200000, 0x000000008b200000| Complete 
| 179|0x000000008b300000, 0x000000008b400000, 0x000000008b400000|100%| E|CS|TAMS 0x000000008b300000, 0x000000008b300000| Complete 
| 180|0x000000008b400000, 0x000000008b500000, 0x000000008b500000|100%| E|CS|TAMS 0x000000008b400000, 0x000000008b400000| Complete 
| 181|0x000000008b500000, 0x000000008b600000, 0x000000008b600000|100%| E|CS|TAMS 0x000000008b500000, 0x000000008b500000| Complete 
| 182|0x000000008b600000, 0x000000008b700000, 0x000000008b700000|100%| E|CS|TAMS 0x000000008b600000, 0x000000008b600000| Complete 
| 183|0x000000008b700000, 0x000000008b800000, 0x000000008b800000|100%| E|CS|TAMS 0x000000008b700000, 0x000000008b700000| Complete 
| 184|0x000000008b800000, 0x000000008b900000, 0x000000008b900000|100%| E|CS|TAMS 0x000000008b800000, 0x000000008b800000| Complete 
| 185|0x000000008b900000, 0x000000008ba00000, 0x000000008ba00000|100%| E|CS|TAMS 0x000000008b900000, 0x000000008b900000| Complete 
| 186|0x000000008ba00000, 0x000000008bb00000, 0x000000008bb00000|100%| E|CS|TAMS 0x000000008ba00000, 0x000000008ba00000| Complete 
| 187|0x000000008bb00000, 0x000000008bc00000, 0x000000008bc00000|100%| E|CS|TAMS 0x000000008bb00000, 0x000000008bb00000| Complete 
| 188|0x000000008bc00000, 0x000000008bd00000, 0x000000008bd00000|100%| E|CS|TAMS 0x000000008bc00000, 0x000000008bc00000| Complete 
| 189|0x000000008bd00000, 0x000000008be00000, 0x000000008be00000|100%| E|CS|TAMS 0x000000008bd00000, 0x000000008bd00000| Complete 
| 190|0x000000008be00000, 0x000000008bf00000, 0x000000008bf00000|100%| E|CS|TAMS 0x000000008be00000, 0x000000008be00000| Complete 
| 191|0x000000008bf00000, 0x000000008c000000, 0x000000008c000000|100%| E|CS|TAMS 0x000000008bf00000, 0x000000008bf00000| Complete 

Card table byte_map: [0x000001e922570000,0x000001e922970000] _byte_map_base: 0x000001e922170000

Marking Bits (Prev, Next): (CMBitMap*) 0x000001e90edcea20, (CMBitMap*) 0x000001e90edce9e8
 Prev Bits: [0x000001e924d70000, 0x000001e926d70000)
 Next Bits: [0x000001e922d70000, 0x000001e924d70000)

Polling page: 0x000001e90d560000

Metaspace:

Usage:
  Non-class:     19.54 MB capacity,    19.16 MB ( 98%) used,   347.50 KB (  2%) free+waste,    39.38 KB ( <1%) overhead. 
      Class:      3.00 MB capacity,     2.82 MB ( 94%) used,   170.98 KB (  6%) free+waste,    19.75 KB ( <1%) overhead. 
       Both:     22.54 MB capacity,    21.97 MB ( 97%) used,   518.48 KB (  2%) free+waste,    59.13 KB ( <1%) overhead. 

Virtual space:
  Non-class space:       20.00 MB reserved,      19.75 MB ( 99%) committed 
      Class space:        1.00 GB reserved,       3.13 MB ( <1%) committed 
             Both:        1.02 GB reserved,      22.88 MB (  2%) committed 

Chunk freelists:
   Non-Class:  28.00 KB
       Class:  28.00 KB
        Both:  56.00 KB

MaxMetaspaceSize: 17179869184.00 GB
CompressedClassSpaceSize: 1.00 GB

CodeHeap 'non-profiled nmethods': size=120000Kb used=845Kb max_used=845Kb free=119154Kb
 bounds [0x000001e91a1e0000, 0x000001e91a450000, 0x000001e921710000]
CodeHeap 'profiled nmethods': size=120000Kb used=3629Kb max_used=3629Kb free=116370Kb
 bounds [0x000001e912cb0000, 0x000001e913040000, 0x000001e91a1e0000]
CodeHeap 'non-nmethods': size=5760Kb used=1127Kb max_used=1161Kb free=4632Kb
 bounds [0x000001e912710000, 0x000001e912980000, 0x000001e912cb0000]
 total_blobs=2258 nmethods=1794 adapters=375
 compilation: enabled
              stopped_count=0, restarted_count=0
 full_count=0

Compilation events (20 events):
Event: 2.360 Thread 0x000001e92a133000 1972       3       org.gradle.internal.service.DefaultServiceRegistry$ManagedObjectServiceProvider::fromSameRegistry (27 bytes)
Event: 2.360 Thread 0x000001e92a133000 nmethod 1972 0x000001e913021290 code [0x000001e913021460, 0x000001e9130217d8]
Event: 2.360 Thread 0x000001e92a133000 1973       1       java.util.Collections$EmptyIterator::hasNext (2 bytes)
Event: 2.361 Thread 0x000001e92a133000 nmethod 1973 0x000001e91a2ad690 code [0x000001e91a2ad840, 0x000001e91a2ad8f8]
Event: 2.366 Thread 0x000001e92a133000 1974       3       java.lang.invoke.VarHandleGuards::guard_LL_V (103 bytes)
Event: 2.368 Thread 0x000001e92a133000 nmethod 1974 0x000001e913021890 code [0x000001e913021c00, 0x000001e9130236a8]
Event: 2.368 Thread 0x000001e92a133000 1976       2       java.lang.Throwable::<init> (39 bytes)
Event: 2.369 Thread 0x000001e92a133000 nmethod 1976 0x000001e913023f90 code [0x000001e913024160, 0x000001e913024488]
Event: 2.369 Thread 0x000001e92a133000 1975       3       java.lang.invoke.VarHandleObjects$FieldInstanceReadWrite::set (30 bytes)
Event: 2.369 Thread 0x000001e92a133000 nmethod 1975 0x000001e913024510 code [0x000001e913024740, 0x000001e913024e48]
Event: 2.369 Thread 0x000001e92a133000 1977       3       jdk.internal.jimage.ImageStringsReader::hashCode (8 bytes)
Event: 2.369 Thread 0x000001e92a133000 nmethod 1977 0x000001e913025110 code [0x000001e913025300, 0x000001e913025518]
Event: 2.369 Thread 0x000001e92a133000 1978  s    3       jdk.internal.jimage.BasicImageReader::findLocation (115 bytes)
Event: 2.371 Thread 0x000001e92a133000 nmethod 1978 0x000001e913025690 code [0x000001e9130259c0, 0x000001e913026b38]
Event: 2.373 Thread 0x000001e92a133000 1979       1       com.google.common.io.LineReader::access$000 (5 bytes)
Event: 2.373 Thread 0x000001e92a133000 nmethod 1979 0x000001e91a2ad990 code [0x000001e91a2adb40, 0x000001e91a2adbd8]
Event: 2.374 Thread 0x000001e92a133000 1980       3       java.net.URLConnection::<init> (62 bytes)
Event: 2.374 Thread 0x000001e92a133000 nmethod 1980 0x000001e913027110 code [0x000001e913027340, 0x000001e913027a08]
Event: 2.374 Thread 0x000001e92a133000 1981       3       java.net.URLConnection::getDefaultUseCaches (30 bytes)
Event: 2.375 Thread 0x000001e92a133000 nmethod 1981 0x000001e913027c10 code [0x000001e913027e20, 0x000001e9130282c8]

GC Heap History (4 events):
Event: 0.641 GC heap before
{Heap before GC invocations=0 (full 0):
 garbage-first heap   total 196608K, used 29696K [0x0000000080000000, 0x0000000100000000)
  region size 1024K, 24 young (24576K), 0 survivors (0K)
 Metaspace       used 10367K, capacity 10561K, committed 10752K, reserved 1058816K
  class space    used 1092K, capacity 1163K, committed 1280K, reserved 1048576K
}
Event: 0.644 GC heap after
{Heap after GC invocations=1 (full 0):
 garbage-first heap   total 196608K, used 8538K [0x0000000080000000, 0x0000000100000000)
  region size 1024K, 3 young (3072K), 3 survivors (3072K)
 Metaspace       used 10367K, capacity 10561K, committed 10752K, reserved 1058816K
  class space    used 1092K, capacity 1163K, committed 1280K, reserved 1048576K
}
Event: 2.201 GC heap before
{Heap before GC invocations=1 (full 0):
 garbage-first heap   total 196608K, used 93530K [0x0000000080000000, 0x0000000100000000)
  region size 1024K, 88 young (90112K), 3 survivors (3072K)
 Metaspace       used 20623K, capacity 21093K, committed 21248K, reserved 1067008K
  class space    used 2530K, capacity 2710K, committed 2816K, reserved 1048576K
}
Event: 2.209 GC heap after
{Heap after GC invocations=2 (full 0):
 garbage-first heap   total 196608K, used 16168K [0x0000000080000000, 0x0000000100000000)
  region size 1024K, 11 young (11264K), 11 survivors (11264K)
 Metaspace       used 20623K, capacity 21093K, committed 21248K, reserved 1067008K
  class space    used 2530K, capacity 2710K, committed 2816K, reserved 1048576K
}

Deoptimization events (20 events):
Event: 2.352 Thread 0x000001e92bf1c000 Uncommon trap: trap_request=0xffffff4d fr.pc=0x000001e91a239154 relative=0x0000000000000094
Event: 2.352 Thread 0x000001e92bf1c000 Uncommon trap: reason=unstable_if action=reinterpret pc=0x000001e91a239154 method=java.util.LinkedHashMap.afterNodeInsertion(Z)V @ 1 c2
Event: 2.352 Thread 0x000001e92bf1c000 DEOPT PACKING pc=0x000001e91a239154 sp=0x0000005c3eefc0f0
Event: 2.352 Thread 0x000001e92bf1c000 DEOPT UNPACKING pc=0x000001e9127374af sp=0x0000005c3eefc070 mode 2
Event: 2.352 Thread 0x000001e92bf1c000 Uncommon trap: trap_request=0xffffff4d fr.pc=0x000001e91a226534 relative=0x0000000000000174
Event: 2.352 Thread 0x000001e92bf1c000 Uncommon trap: reason=unstable_if action=reinterpret pc=0x000001e91a226534 method=java.util.HashMap.getNode(ILjava/lang/Object;)Ljava/util/HashMap$Node; @ 129 c2
Event: 2.352 Thread 0x000001e92bf1c000 DEOPT PACKING pc=0x000001e91a226534 sp=0x0000005c3eefa180
Event: 2.352 Thread 0x000001e92bf1c000 DEOPT UNPACKING pc=0x000001e9127374af sp=0x0000005c3eefa080 mode 2
Event: 2.352 Thread 0x000001e92bf1c000 Uncommon trap: trap_request=0xffffffc6 fr.pc=0x000001e91a20de00 relative=0x0000000000000780
Event: 2.352 Thread 0x000001e92bf1c000 Uncommon trap: reason=bimorphic_or_optimized_type_check action=maybe_recompile pc=0x000001e91a20de00 method=java.util.HashMap.putVal(ILjava/lang/Object;Ljava/lang/Object;ZZ)Ljava/lang/Object; @ 203 c2
Event: 2.352 Thread 0x000001e92bf1c000 DEOPT PACKING pc=0x000001e91a20de00 sp=0x0000005c3eefa0f0
Event: 2.352 Thread 0x000001e92bf1c000 DEOPT UNPACKING pc=0x000001e9127374af sp=0x0000005c3eefa080 mode 2
Event: 2.352 Thread 0x000001e92bf1c000 Uncommon trap: trap_request=0xffffff4d fr.pc=0x000001e91a217cac relative=0x00000000000001ec
Event: 2.352 Thread 0x000001e92bf1c000 Uncommon trap: reason=unstable_if action=reinterpret pc=0x000001e91a217cac method=java.util.HashMap.getNode(ILjava/lang/Object;)Ljava/util/HashMap$Node; @ 129 c2
Event: 2.352 Thread 0x000001e92bf1c000 DEOPT PACKING pc=0x000001e91a217cac sp=0x0000005c3eefa0e0
Event: 2.352 Thread 0x000001e92bf1c000 DEOPT UNPACKING pc=0x000001e9127374af sp=0x0000005c3eefa068 mode 2
Event: 2.352 Thread 0x000001e92bf1c000 Uncommon trap: trap_request=0xffffffc6 fr.pc=0x000001e91a20de00 relative=0x0000000000000780
Event: 2.352 Thread 0x000001e92bf1c000 Uncommon trap: reason=bimorphic_or_optimized_type_check action=maybe_recompile pc=0x000001e91a20de00 method=java.util.HashMap.putVal(ILjava/lang/Object;Ljava/lang/Object;ZZ)Ljava/lang/Object; @ 203 c2
Event: 2.352 Thread 0x000001e92bf1c000 DEOPT PACKING pc=0x000001e91a20de00 sp=0x0000005c3eefa0d0
Event: 2.352 Thread 0x000001e92bf1c000 DEOPT UNPACKING pc=0x000001e9127374af sp=0x0000005c3eefa060 mode 2

Classes redefined (0 events):
No events

Internal exceptions (20 events):
Event: 1.272 Thread 0x000001e90ed8c800 Exception <a 'java/lang/NoSuchMethodError'{0x0000000088c98150}: 'void java.lang.invoke.DelegatingMethodHandle$Holder.delegate(java.lang.Object, java.lang.Object, int, java.lang.Object)'> (0x0000000088c98150) thrown at [./src/hotspot/share/interpreter/linkResolver.cpp, line 773]
Event: 1.292 Thread 0x000001e90ed8c800 Exception <a 'java/lang/NoSuchMethodError'{0x0000000088b53e80}: 'java.lang.Object java.lang.invoke.DirectMethodHandle$Holder.invokeStaticInit(java.lang.Object, int, int, int, int)'> (0x0000000088b53e80) thrown at [./src/hotspot/share/interpreter/linkResolver.cpp, line 773]
Event: 1.496 Thread 0x000001e90ed8c800 Exception <a 'java/lang/NoSuchMethodError'{0x0000000088a2fd70}: 'java.lang.Object java.lang.invoke.DirectMethodHandle$Holder.invokeStaticInit(java.lang.Object, java.lang.Object, int, int, int, int)'> (0x0000000088a2fd70) thrown at [./src/hotspot/share/interpreter/linkResolver.cpp, line 773]
Event: 1.767 Thread 0x000001e90ed8c800 Exception <a 'java/io/IOException'{0x00000000889de380}> (0x00000000889de380) thrown at [./src/hotspot/share/prims/jni.cpp, line 615]
Event: 1.809 Thread 0x000001e92bf21000 Exception <a 'java/lang/NoSuchMethodError'{0x0000000088620368}: <clinit>> (0x0000000088620368) thrown at [./src/hotspot/share/prims/jni.cpp, line 1362]
Event: 1.810 Thread 0x000001e92bf21000 Exception <a 'java/lang/NoSuchMethodError'{0x0000000088628c00}: <clinit>> (0x0000000088628c00) thrown at [./src/hotspot/share/prims/jni.cpp, line 1362]
Event: 1.814 Thread 0x000001e92bf21000 Exception <a 'java/lang/NoSuchMethodError'{0x000000008863bdb8}: <clinit>> (0x000000008863bdb8) thrown at [./src/hotspot/share/prims/jni.cpp, line 1362]
Event: 1.824 Thread 0x000001e92bf21000 Exception <a 'java/lang/NoSuchMethodError'{0x000000008868a0c0}: <clinit>> (0x000000008868a0c0) thrown at [./src/hotspot/share/prims/jni.cpp, line 1362]
Event: 1.829 Thread 0x000001e92bf21000 Exception <a 'java/lang/NoSuchMethodError'{0x00000000886c5568}: <clinit>> (0x00000000886c5568) thrown at [./src/hotspot/share/prims/jni.cpp, line 1362]
Event: 1.834 Thread 0x000001e92bf21000 Exception <a 'java/lang/NoSuchMethodError'{0x00000000886f7fe0}: <clinit>> (0x00000000886f7fe0) thrown at [./src/hotspot/share/prims/jni.cpp, line 1362]
Event: 1.890 Thread 0x000001e92bf1c000 Exception <a 'java/lang/NoSuchMethodError'{0x000000008829c898}: 'void java.lang.invoke.DelegatingMethodHandle$Holder.reinvoke_L(java.lang.Object, java.lang.Object, java.lang.Object, java.lang.Object)'> (0x000000008829c898) thrown at [./src/hotspot/share/interpreter/linkResolver.cpp, line 773]
Event: 1.896 Thread 0x000001e92bf1c000 Exception <a 'java/lang/NoSuchMethodError'{0x00000000882d3700}: 'long java.lang.invoke.DirectMethodHandle$Holder.invokeInterface(java.lang.Object, java.lang.Object)'> (0x00000000882d3700) thrown at [./src/hotspot/share/interpreter/linkResolver.cpp, line 773]
Event: 1.899 Thread 0x000001e92bf1c000 Exception <a 'java/lang/NoSuchMethodError'{0x00000000882f5050}: 'void java.lang.invoke.DelegatingMethodHandle$Holder.reinvoke_L(java.lang.Object, java.lang.Object, java.lang.Object, java.lang.Object, java.lang.Object, java.lang.Object, java.lang.Object)'> (0x00000000882f5050) thrown at [./src/hotspot/share/interpreter/linkResolver.cpp, line 773]
Event: 2.061 Thread 0x000001e92bf1c000 Exception <a 'java/lang/NoSuchMethodError'{0x0000000087342f10}: 'java.lang.Object java.lang.invoke.DirectMethodHandle$Holder.invokeVirtual(java.lang.Object, java.lang.Object, java.lang.Object)'> (0x0000000087342f10) thrown at [./src/hotspot/share/interpreter/linkResolver.cpp, line 773]
Event: 2.089 Thread 0x000001e92bf1c000 Exception <a 'java/lang/NoSuchMethodError'{0x000000008709ecd0}: 'void java.lang.invoke.DirectMethodHandle$Holder.invokeStaticInit(java.lang.Object)'> (0x000000008709ecd0) thrown at [./src/hotspot/share/interpreter/linkResolver.cpp, line 773]
Event: 2.178 Thread 0x000001e92bf1c000 Exception <a 'java/lang/NoSuchMethodError'{0x00000000869274d0}: 'int java.lang.invoke.DirectMethodHandle$Holder.invokeSpecialIFC(java.lang.Object, java.lang.Object, java.lang.Object, java.lang.Object)'> (0x00000000869274d0) thrown at [./src/hotspot/share/interpreter/linkResolver.cpp, line 773]
Event: 2.180 Thread 0x000001e92bf1c000 Exception <a 'java/lang/NoSuchMethodError'{0x00000000869351f0}: 'java.lang.Object java.lang.invoke.DirectMethodHandle$Holder.invokeInterface(java.lang.Object, java.lang.Object, java.lang.Object)'> (0x00000000869351f0) thrown at [./src/hotspot/share/interpreter/linkResolver.cpp, line 773]
Event: 2.180 Thread 0x000001e92bf1c000 Exception <a 'java/lang/IncompatibleClassChangeError'{0x00000000869386c8}: Found class java.lang.Object, but interface was expected> (0x00000000869386c8) thrown at [./src/hotspot/share/interpreter/linkResolver.cpp, line 839]
Event: 2.256 Thread 0x000001e92bf1c000 Exception <a 'java/lang/NoSuchMethodError'{0x000000008bcf8380}: 'void java.lang.invoke.DirectMethodHandle$Holder.invokeSpecial(java.lang.Object, java.lang.Object)'> (0x000000008bcf8380) thrown at [./src/hotspot/share/interpreter/linkResolver.cpp, line 773]
Event: 2.334 Thread 0x000001e92bf1c000 Exception <a 'java/lang/NoSuchMethodError'{0x000000008b2c6158}: 'java.lang.Object java.lang.invoke.DirectMethodHandle$Holder.invokeVirtual(java.lang.Object, java.lang.Object, java.lang.Object, java.lang.Object)'> (0x000000008b2c6158) thrown at [./src/hotspot/share/interpreter/linkResolver.cpp, line 773]

Events (20 events):
Event: 2.371 loading class com/google/common/io/LineReader
Event: 2.371 loading class com/google/common/io/LineReader done
Event: 2.372 loading class com/google/common/io/LineBuffer
Event: 2.372 loading class com/google/common/io/LineBuffer done
Event: 2.372 loading class com/google/common/io/LineReader$1
Event: 2.372 loading class com/google/common/io/LineReader$1 done
Event: 2.374 loading class org/gradle/configuration/DefaultImportsReader$2
Event: 2.374 loading class org/gradle/configuration/DefaultImportsReader$2 done
Event: 2.374 loading class com/google/common/base/Splitter
Event: 2.374 loading class com/google/common/base/Splitter done
Event: 2.375 loading class com/google/common/base/Splitter$Strategy
Event: 2.375 loading class com/google/common/base/Splitter$Strategy done
Event: 2.375 loading class com/google/common/base/CommonPattern
Event: 2.375 loading class com/google/common/base/CommonPattern done
Event: 2.375 loading class com/google/common/base/JdkPattern
Event: 2.375 loading class com/google/common/base/JdkPattern done
Event: 2.376 loading class com/google/common/base/CharMatcher
Event: 2.376 loading class com/google/common/base/CharMatcher done
Event: 2.376 loading class com/google/common/base/CharMatcher$Ascii
Event: 2.376 loading class com/google/common/base/CharMatcher$Ascii done


Dynamic libraries:
0x00007ff7a51e0000 - 0x00007ff7a51ea000 	C:\Program Files\Android\Android Studio\jre\bin\java.exe
0x00007ffe0c2b0000 - 0x00007ffe0c4a5000 	C:\WINDOWS\SYSTEM32\ntdll.dll
0x00007ffe0b480000 - 0x00007ffe0b53d000 	C:\WINDOWS\System32\KERNEL32.DLL
0x00007ffe09b30000 - 0x00007ffe09df8000 	C:\WINDOWS\System32\KERNELBASE.dll
0x00007ffe0a1b0000 - 0x00007ffe0a2b0000 	C:\WINDOWS\System32\ucrtbase.dll
0x00007ffde9280000 - 0x00007ffde9297000 	C:\Program Files\Android\Android Studio\jre\bin\VCRUNTIME140.dll
0x00007ffde91d0000 - 0x00007ffde91e9000 	C:\Program Files\Android\Android Studio\jre\bin\jli.dll
0x00007ffe0c0d0000 - 0x00007ffe0c270000 	C:\WINDOWS\System32\USER32.dll
0x00007ffdf79c0000 - 0x00007ffdf7c5a000 	C:\WINDOWS\WinSxS\amd64_microsoft.windows.common-controls_6595b64144ccf1df_6.0.19041.844_none_ca00b6081b84eb1d\COMCTL32.dll
0x00007ffe0a090000 - 0x00007ffe0a0b2000 	C:\WINDOWS\System32\win32u.dll
0x00007ffe0b710000 - 0x00007ffe0b73a000 	C:\WINDOWS\System32\GDI32.dll
0x00007ffe0b800000 - 0x00007ffe0b89e000 	C:\WINDOWS\System32\msvcrt.dll
0x00007ffe099f0000 - 0x00007ffe09afb000 	C:\WINDOWS\System32\gdi32full.dll
0x00007ffe0a110000 - 0x00007ffe0a1ad000 	C:\WINDOWS\System32\msvcp_win.dll
0x00007ffe0a710000 - 0x00007ffe0a740000 	C:\WINDOWS\System32\IMM32.DLL
0x00007ffdcce60000 - 0x00007ffdccefd000 	C:\Program Files\Android\Android Studio\jre\bin\msvcp140.dll
0x00007ffdbf370000 - 0x00007ffdbfe2c000 	C:\Program Files\Android\Android Studio\jre\bin\server\jvm.dll
0x00007ffe0b3a0000 - 0x00007ffe0b44c000 	C:\WINDOWS\System32\ADVAPI32.dll
0x00007ffe0b660000 - 0x00007ffe0b6fb000 	C:\WINDOWS\System32\sechost.dll
0x00007ffe0a740000 - 0x00007ffe0a86b000 	C:\WINDOWS\System32\RPCRT4.dll
0x00007ffe0afc0000 - 0x00007ffe0afc8000 	C:\WINDOWS\System32\PSAPI.DLL
0x00007ffdf6720000 - 0x00007ffdf6729000 	C:\WINDOWS\SYSTEM32\WSOCK32.dll
0x00007ffdfdb10000 - 0x00007ffdfdb37000 	C:\WINDOWS\SYSTEM32\WINMM.dll
0x00007ffe0b540000 - 0x00007ffe0b5ab000 	C:\WINDOWS\System32\WS2_32.dll
0x00007ffe00f80000 - 0x00007ffe00f8a000 	C:\WINDOWS\SYSTEM32\VERSION.dll
0x00007ffe082d0000 - 0x00007ffe082e2000 	C:\WINDOWS\SYSTEM32\kernel.appcore.dll
0x00007ffe046e0000 - 0x00007ffe046f1000 	C:\Program Files\Android\Android Studio\jre\bin\verify.dll
0x00007ffe07f90000 - 0x00007ffe08174000 	C:\WINDOWS\SYSTEM32\DBGHELP.DLL
0x00007ffdf4d60000 - 0x00007ffdf4d8c000 	C:\WINDOWS\SYSTEM32\dbgcore.DLL
0x00007ffe09e00000 - 0x00007ffe09e80000 	C:\WINDOWS\System32\bcryptPrimitives.dll
0x00007ffdec1f0000 - 0x00007ffdec219000 	C:\Program Files\Android\Android Studio\jre\bin\java.dll
0x00007ffe04810000 - 0x00007ffe0481b000 	C:\Program Files\Android\Android Studio\jre\bin\jimage.dll
0x00007ffe03c30000 - 0x00007ffe03c48000 	C:\Program Files\Android\Android Studio\jre\bin\zip.dll
0x00007ffe0a870000 - 0x00007ffe0afb2000 	C:\WINDOWS\System32\SHELL32.dll
0x00007ffe077f0000 - 0x00007ffe07f80000 	C:\WINDOWS\SYSTEM32\windows.storage.dll
0x00007ffe0b8a0000 - 0x00007ffe0bbf5000 	C:\WINDOWS\System32\combase.dll
0x00007ffe09390000 - 0x00007ffe093bc000 	C:\WINDOWS\SYSTEM32\Wldp.dll
0x00007ffe0b5b0000 - 0x00007ffe0b65e000 	C:\WINDOWS\System32\SHCORE.dll
0x00007ffe0b740000 - 0x00007ffe0b795000 	C:\WINDOWS\System32\shlwapi.dll
0x00007ffe09930000 - 0x00007ffe0994f000 	C:\WINDOWS\SYSTEM32\profapi.dll
0x00007ffe025b0000 - 0x00007ffe025ca000 	C:\Program Files\Android\Android Studio\jre\bin\net.dll
0x00007ffe02470000 - 0x00007ffe0257b000 	C:\WINDOWS\SYSTEM32\WINHTTP.dll
0x00007ffe09170000 - 0x00007ffe091da000 	C:\WINDOWS\system32\mswsock.dll
0x00007ffdfdf60000 - 0x00007ffdfdf74000 	C:\Program Files\Android\Android Studio\jre\bin\nio.dll
0x00007ffdd9c80000 - 0x00007ffdd9ca7000 	C:\Users\COMPUTER\.gradle\native\fdc75f09e3144964f2cf3f50f0aa648679c211496f362492102eb8c894070792\windows-amd64\native-platform.dll
0x00007ffdbc1f0000 - 0x00007ffdbc386000 	C:\Users\COMPUTER\.gradle\native\12488b8bf47d2d4c9fbf2f6322a914ad602e24e48041cd04a747c6da556b65c4\windows-amd64\native-platform-file-events.dll
0x00007ffe046d0000 - 0x00007ffe046da000 	C:\Program Files\Android\Android Studio\jre\bin\management.dll
0x00007ffe04680000 - 0x00007ffe0468c000 	C:\Program Files\Android\Android Studio\jre\bin\management_ext.dll
0x00007ffe093d0000 - 0x00007ffe093e8000 	C:\WINDOWS\SYSTEM32\CRYPTSP.dll
0x00007ffe08ac0000 - 0x00007ffe08af4000 	C:\WINDOWS\system32\rsaenh.dll
0x00007ffe09b00000 - 0x00007ffe09b27000 	C:\WINDOWS\System32\bcrypt.dll
0x00007ffe098f0000 - 0x00007ffe0991e000 	C:\WINDOWS\SYSTEM32\USERENV.dll
0x00007ffe092f0000 - 0x00007ffe092fc000 	C:\WINDOWS\SYSTEM32\CRYPTBASE.dll
0x00007ffe08e30000 - 0x00007ffe08e6b000 	C:\WINDOWS\SYSTEM32\IPHLPAPI.DLL
0x00007ffe0b700000 - 0x00007ffe0b708000 	C:\WINDOWS\System32\NSI.dll
0x00007ffe02240000 - 0x00007ffe02257000 	C:\WINDOWS\SYSTEM32\dhcpcsvc6.DLL
0x00007ffe03290000 - 0x00007ffe032ad000 	C:\WINDOWS\SYSTEM32\dhcpcsvc.DLL
0x00007ffe08e70000 - 0x00007ffe08f3c000 	C:\WINDOWS\SYSTEM32\DNSAPI.dll
0x00007ffe036e0000 - 0x00007ffe036eb000 	C:\WINDOWS\SYSTEM32\WINNSI.DLL

dbghelp: loaded successfully - version: 4.0.5 - missing functions: none
symbol engine: initialized successfully - sym options: 0x614 - pdb path: .;C:\Program Files\Android\Android Studio\jre\bin;C:\WINDOWS\SYSTEM32;C:\WINDOWS\WinSxS\amd64_microsoft.windows.common-controls_6595b64144ccf1df_6.0.19041.844_none_ca00b6081b84eb1d;C:\Program Files\Android\Android Studio\jre\bin\server;C:\Users\COMPUTER\.gradle\native\fdc75f09e3144964f2cf3f50f0aa648679c211496f362492102eb8c894070792\windows-amd64;C:\Users\COMPUTER\.gradle\native\12488b8bf47d2d4c9fbf2f6322a914ad602e24e48041cd04a747c6da556b65c4\windows-amd64

VM Arguments:
jvm_args: --add-opens=java.base/java.util=ALL-UNNAMED --add-opens=java.base/java.lang=ALL-UNNAMED --add-opens=java.base/java.lang.invoke=ALL-UNNAMED --add-opens=java.prefs/java.util.prefs=ALL-UNNAMED -Xmx2048m -Dfile.encoding=windows-1252 -Duser.country=US -Duser.language=en -Duser.variant 
java_command: org.gradle.launcher.daemon.bootstrap.GradleDaemon 6.7.1
java_class_path (initial): C:\Users\COMPUTER\.gradle\wrapper\dists\gradle-6.7.1-all\2moa8rlfac5eqlcfgk98k0deb\gradle-6.7.1\lib\gradle-launcher-6.7.1.jar
Launcher Type: SUN_STANDARD

[Global flags]
     intx CICompilerCount                          = 4                                         {product} {ergonomic}
     uint ConcGCThreads                            = 2                                         {product} {ergonomic}
     uint G1ConcRefinementThreads                  = 8                                         {product} {ergonomic}
   size_t G1HeapRegionSize                         = 1048576                                   {product} {ergonomic}
    uintx GCDrainStackTargetSize                   = 64                                        {product} {ergonomic}
   size_t InitialHeapSize                          = 201326592                                 {product} {ergonomic}
   size_t MarkStackSize                            = 4194304                                   {product} {ergonomic}
   size_t MaxHeapSize                              = 2147483648                                {product} {command line}
   size_t MaxNewSize                               = 1287651328                                {product} {ergonomic}
   size_t MinHeapDeltaBytes                        = 1048576                                   {product} {ergonomic}
    uintx NonNMethodCodeHeapSize                   = 5836300                                {pd product} {ergonomic}
    uintx NonProfiledCodeHeapSize                  = 122910970                              {pd product} {ergonomic}
    uintx ProfiledCodeHeapSize                     = 122910970                              {pd product} {ergonomic}
    uintx ReservedCodeCacheSize                    = 251658240                              {pd product} {ergonomic}
     bool SegmentedCodeCache                       = true                                      {product} {ergonomic}
     bool UseCompressedClassPointers               = true                                 {lp64_product} {ergonomic}
     bool UseCompressedOops                        = true                                 {lp64_product} {ergonomic}
     bool UseG1GC                                  = true                                      {product} {ergonomic}
     bool UseLargePagesIndividualAllocation        = false                                  {pd product} {ergonomic}

Logging:
Log output configuration:
 #0: stdout all=warning uptime,level,tags
 #1: stderr all=off uptime,level,tags

Environment Variables:
JAVA_HOME=C:\Program Files\Java\jdk-15
CLASSPATH=C:\antlr\antlr-4.8-complete.jar
PATH=C:\Program Files\Common Files\Oracle\Java\javapath;C:\Program Files (x86)\Python38-32\Scripts\;C:\Program Files (x86)\Python38-32\;C:\Program Files (x86)\Intel\iCLS Client\;C:\Program Files\Intel\iCLS Client\;C:\Windows\system32;C:\Windows;C:\Windows\System32\Wbem;C:\Windows\System32\WindowsPowerShell\v1.0\;C:\Windows\System32\OpenSSH\;C:\Program Files (x86)\Intel\Intel(R) Management Engine Components\DAL;C:\Program Files\Intel\Intel(R) Management Engine Components\DAL;C:\Program Files (x86)\Intel\Intel(R) Management Engine Components\IPT;C:\Program Files\Intel\Intel(R) Management Engine Components\IPT;C:\Program Files (x86)\NVIDIA Corporation\PhysX\Common;C:\Program Files\NVIDIA Corporation\NVIDIA NvDLISR;C:\Program Files\Intel\WiFi\bin\;C:\Program Files\Common Files\Intel\WirelessCommon\;C:\WINDOWS\system32;C:\WINDOWS;C:\WINDOWS\System32\Wbem;C:\WINDOWS\System32\WindowsPowerShell\v1.0\;C:\WINDOWS\System32\OpenSSH\;C:\src\dart-sdk\bin;C:\Program Files\dotnet\;C:\Program Files\Java\jdk-15\bin;C:\Program Files\Git\cmd;C:\Program Files\nodejs\;C:\Program Files\Microsoft SQL Server\130\Tools\Binn\;C:\Program Files\Microsoft SQL Server\Client SDK\ODBC\170\Tools\Binn\;C:\Program Files\Microsoft SQL Server\120\Tools\Binn\;C:\Program Files\Microsoft SQL Server\Client SDK\ODBC\110\Tools\Binn\;C:\Program Files (x86)\Microsoft SQL Server\120\Tools\Binn\;C:\Program Files\Microsoft SQL Server\120\DTS\Binn\;C:\Program Files (x86)\Microsoft SQL Server\120\Tools\Binn\ManagementStudio\;C:\Program Files (x86)\Microsoft SQL Server\120\DTS\Binn\;C:\Program Files\PuTTY\;C:\Users\COMPUTER\AppData\Local\Programs\Python\Python36-32\Scripts\;C:\Users\COMPUTER\AppData\Local\Programs\Python\Python36-32\;C:\Users\COMPUTER\AppData\Local\Microsoft\WindowsApps;C:\Program Files\Intel\WiFi\bin\;C:\Program Files\Common Files\Intel\WirelessCommon\;C:\src\flutter\bin;C:\Program Files\dotnet\sdk\3.1.401;C:\antlr\antlr-4.8-complete.jar;C:\antlr;C:\Users\COMPUTER\AppData\Local\Programs\Microsoft VS Co
USERNAME=COMPUTER
OS=Windows_NT
PROCESSOR_IDENTIFIER=Intel64 Family 6 Model 142 Stepping 10, GenuineIntel



---------------  S Y S T E M  ---------------

OS: Windows 10 , 64 bit Build 19041 (10.0.19041.928)
OS uptime: 1 days 0:39 hours
HyperV virtualization detected

CPU:total 8 (initial active 8) (4 cores per cpu, 2 threads per core) family 6 model 142 stepping 10, cmov, cx8, fxsr, mmx, sse, sse2, sse3, ssse3, sse4.1, sse4.2, popcnt, avx, avx2, aes, clmul, erms, 3dnowpref, lzcnt, ht, tsc, tscinvbit, bmi1, bmi2, adx, fma

Memory: 4k page, system-wide physical 12170M (2531M free)
TotalPageFile size 14954M (AvailPageFile size 5M)
current process WorkingSet (physical memory assigned to process): 212M, peak: 212M
current process commit charge ("private bytes"): 341M, peak: 341M

vm_info: OpenJDK 64-Bit Server VM (11.0.8+10-b944.6842174) for windows-amd64 JRE (11.0.8+10-b944.6842174), built on Sep 19 2020 01:11:42 by "builder" with MS VC++ 14.0 (VS2015)

END.
