#
# There is insufficient memory for the Java Runtime Environment to continue.
# Native memory allocation (mmap) failed to map 61865984 bytes for Failed to commit area from 0x000000008c000000 to 0x000000008fb00000 of length 61865984.
# Possible reasons:
#   The system is out of physical RAM or swap space
#   The process is running with CompressedOops enabled, and the Java Heap may be blocking the growth of the native heap
# Possible solutions:
#   Reduce memory load on the system
#   Increase physical memory or swap space
#   Check if swap backing store is full
#   Decrease Java heap size (-Xmx/-Xms)
#   Decrease number of Java threads
#   Decrease Java thread stack sizes (-Xss)
#   Set larger code cache with -XX:ReservedCodeCacheSize=
#   JVM is running with Unscaled Compressed Oops mode in which the Java heap is
#     placed in the first 4GB address space. The Java Heap base address is the
#     maximum limit for the native heap growth. Please use -XX:HeapBaseMinAddress
#     to set the Java Heap base and to place the Java Heap above 4GB virtual address.
# This output file may be truncated or incomplete.
#
#  Out of Memory Error (./src/hotspot/os/windows/os_windows.cpp:3303), pid=13508, tid=13260
#
# JRE version: OpenJDK Runtime Environment (11.0.8+10) (build 11.0.8+10-b944.6842174)
# Java VM: OpenJDK 64-Bit Server VM (11.0.8+10-b944.6842174, mixed mode, tiered, compressed oops, g1 gc, windows-amd64)
# No core dump will be written. Minidumps are not enabled by default on client versions of Windows
#

---------------  S U M M A R Y ------------

Command Line: --add-opens=java.base/java.util=ALL-UNNAMED --add-opens=java.base/java.lang=ALL-UNNAMED --add-opens=java.base/java.lang.invoke=ALL-UNNAMED --add-opens=java.prefs/java.util.prefs=ALL-UNNAMED -Xmx2048m -Dfile.encoding=windows-1252 -Duser.country=US -Duser.language=en -Duser.variant org.gradle.launcher.daemon.bootstrap.GradleDaemon 6.7.1

Host: Intel(R) Core(TM) i5-8250U CPU @ 1.60GHz, 8 cores, 11G,  Windows 10 , 64 bit Build 19041 (10.0.19041.928)
Time: Fri May 21 16:09:52 2021 SE Asia Standard Time elapsed time: 29 seconds (0d 0h 0m 29s)

---------------  T H R E A D  ---------------

Current thread (0x00000130e799f000):  VMThread "VM Thread" [stack: 0x00000019a0200000,0x00000019a0300000] [id=13260]

Stack: [0x00000019a0200000,0x00000019a0300000]
[error occurred during error reporting (printing stack bounds), id 0xc0000005, EXCEPTION_ACCESS_VIOLATION (0xc0000005) at pc=0x00000130d0860dad]

Native frames: (J=compiled Java code, j=interpreted, Vv=VM code, C=native code)
V  [jvm.dll+0x5de50a]
V  [jvm.dll+0x7122f5]
V  [jvm.dll+0x71384d]
V  [jvm.dll+0x713e65]
V  [jvm.dll+0x713e1b]
V  [jvm.dll+0x5dd958]
V  [jvm.dll+0x5de0f8]
C  [ntdll.dll+0xa217f]
C  [ntdll.dll+0x51454]
C  [ntdll.dll+0xa0cae]
C  0x00000130d0860dad

VM_Operation (0x00000019a2ef9210): G1CollectForAllocation, mode: safepoint, requested by thread 0x00000130ee11e800


---------------  P R O C E S S  ---------------

Threads class SMR info:
_java_thread_list=0x00000130f142ee30, length=161, elements={
0x00000130cb6cc000, 0x00000130e79db000, 0x00000130e79de800, 0x00000130e823c000,
0x00000130e823e000, 0x00000130e8240000, 0x00000130e8243000, 0x00000130e8248800,
0x00000130e83b1000, 0x00000130e83b2800, 0x00000130e9aa7800, 0x00000130e84a6800,
0x00000130ea69c800, 0x00000130ea707800, 0x00000130ea708000, 0x00000130ea6b5800,
0x00000130ea6b6000, 0x00000130ead23000, 0x00000130ea8a4800, 0x00000130ea8a5800,
0x00000130ea8a6000, 0x00000130ea8a1800, 0x00000130ea8a7000, 0x00000130ea8a8000,
0x00000130ea8a2000, 0x00000130ea8a3000, 0x00000130ea8a3800, 0x00000130ee11d800,
0x00000130ee121000, 0x00000130ee11d000, 0x00000130ee122000, 0x00000130ee11e800,
0x00000130ee125000, 0x00000130ee122800, 0x00000130ee11f800, 0x00000130ee123800,
0x00000130ee126000, 0x00000130ee124000, 0x00000130ee126800, 0x00000130ee127800,
0x00000130ee128800, 0x00000130ee129000, 0x00000130ee12a000, 0x00000130ee12a800,
0x00000130ef21c000, 0x00000130ef21d000, 0x00000130ef217800, 0x00000130ef218000,
0x00000130ef21b800, 0x00000130ef21e000, 0x00000130ef219800, 0x00000130ef21a800,
0x00000130ef21e800, 0x00000130ef219000, 0x00000130ef220800, 0x00000130ef225000,
0x00000130ef221000, 0x00000130ef222000, 0x00000130ef21f800, 0x00000130ef223800,
0x00000130ef226000, 0x00000130ef224800, 0x00000130ef222800, 0x00000130ea712000,
0x00000130ea713800, 0x00000130ea714800, 0x00000130ea715000, 0x00000130ea716000,
0x00000130ea712800, 0x00000130ea717000, 0x00000130ea711000, 0x00000130ea71b000,
0x00000130ea71c800, 0x00000130ea71b800, 0x00000130ea717800, 0x00000130ea71d800,
0x00000130ea719800, 0x00000130ea71a000, 0x00000130ea71e000, 0x00000130ea718800,
0x00000130ea71f000, 0x00000130ea720000, 0x00000130ec3f9800, 0x00000130ec3fa800,
0x00000130ec3fc000, 0x00000130ec3f8000, 0x00000130ec3fd000, 0x00000130ec3f9000,
0x00000130ec3fb800, 0x00000130ec3f7000, 0x00000130ec402000, 0x00000130ec402800,
0x00000130ec400000, 0x00000130ec401000, 0x00000130ec403800, 0x00000130ec3fd800,
0x00000130ec404800, 0x00000130ec3fe800, 0x00000130ec405000, 0x00000130ec3ff800,
0x00000130ec406000, 0x00000130ed5d9000, 0x00000130ed5dc000, 0x00000130ed5db800,
0x00000130ed5dd000, 0x00000130ed5da800, 0x00000130ed5d8000, 0x00000130ed5df800,
0x00000130ed5de000, 0x00000130ed5d9800, 0x00000130ed5e0000, 0x00000130ed5e2800,
0x00000130ed5e2000, 0x00000130ed5e4800, 0x00000130ed5e3800, 0x00000130ed5de800,
0x00000130ed5e5000, 0x00000130ed5e6800, 0x00000130ed5e6000, 0x00000130ed5e1000,
0x00000130ed5eb800, 0x00000130ed5f0000, 0x00000130ed5ec800, 0x00000130ed5eb000,
0x00000130ed5ef000, 0x00000130ed5ea000, 0x00000130ed5f0800, 0x00000130ed5f3000,
0x00000130ed5f2000, 0x00000130ed5ee000, 0x00000130ed5f1800, 0x00000130ed5ed800,
0x00000130ed5f4800, 0x00000130ed5f8000, 0x00000130ed5f7000, 0x00000130ed5f4000,
0x00000130ed5f8800, 0x00000130ef498000, 0x00000130ed5f5800, 0x00000130ed5f6800,
0x00000130eedb4800, 0x00000130eedb2000, 0x00000130eedb1000, 0x00000130eedb5000,
0x00000130eedb6000, 0x00000130eedb3800, 0x00000130eedb0800, 0x00000130eedb7000,
0x00000130eedb7800, 0x00000130e920d800, 0x00000130eedb8800, 0x00000130eedb2800,
0x00000130eedbb000, 0x00000130eedbc800, 0x00000130eedbd800, 0x00000130eedbe000,
0x00000130eedba000, 0x00000130eedbb800, 0x00000130eedbf000, 0x00000130eedb9800,
0x00000130f0dd3000
}

Java Threads: ( => current thread )
  0x00000130cb6cc000 JavaThread "main" [_thread_blocked, id=9944, stack(0x000000199fc00000,0x000000199fd00000)]
  0x00000130e79db000 JavaThread "Reference Handler" daemon [_thread_blocked, id=13500, stack(0x00000019a0300000,0x00000019a0400000)]
  0x00000130e79de800 JavaThread "Finalizer" daemon [_thread_blocked, id=6296, stack(0x00000019a0400000,0x00000019a0500000)]
  0x00000130e823c000 JavaThread "Signal Dispatcher" daemon [_thread_blocked, id=7516, stack(0x00000019a0500000,0x00000019a0600000)]
  0x00000130e823e000 JavaThread "Attach Listener" daemon [_thread_blocked, id=9968, stack(0x00000019a0600000,0x00000019a0700000)]
  0x00000130e8240000 JavaThread "C2 CompilerThread0" daemon [_thread_in_native, id=8188, stack(0x00000019a0700000,0x00000019a0800000)]
  0x00000130e8243000 JavaThread "C1 CompilerThread0" daemon [_thread_blocked, id=1256, stack(0x00000019a0800000,0x00000019a0900000)]
  0x00000130e8248800 JavaThread "Sweeper thread" daemon [_thread_blocked, id=7016, stack(0x00000019a0900000,0x00000019a0a00000)]
  0x00000130e83b1000 JavaThread "Common-Cleaner" daemon [_thread_blocked, id=12292, stack(0x00000019a0a00000,0x00000019a0b00000)]
  0x00000130e83b2800 JavaThread "Service Thread" daemon [_thread_blocked, id=6904, stack(0x00000019a0b00000,0x00000019a0c00000)]
  0x00000130e9aa7800 JavaThread "Daemon health stats" [_thread_blocked, id=4840, stack(0x00000019a1200000,0x00000019a1300000)]
  0x00000130e84a6800 JavaThread "Incoming local TCP Connector on port 50285" [_thread_in_native, id=13104, stack(0x00000019a1300000,0x00000019a1400000)]
  0x00000130ea69c800 JavaThread "Daemon periodic checks" [_thread_blocked, id=7144, stack(0x00000019a1400000,0x00000019a1500000)]
  0x00000130ea707800 JavaThread "Daemon" [_thread_blocked, id=9960, stack(0x00000019a1500000,0x00000019a1600000)]
  0x00000130ea708000 JavaThread "Handler for socket connection from /127.0.0.1:50285 to /127.0.0.1:50286" [_thread_in_native, id=3228, stack(0x00000019a1600000,0x00000019a1700000)]
  0x00000130ea6b5800 JavaThread "Cancel handler" [_thread_blocked, id=8348, stack(0x00000019a1800000,0x00000019a1900000)]
  0x00000130ea6b6000 JavaThread "Daemon worker" [_thread_blocked, id=4108, stack(0x00000019a1900000,0x00000019a1a00000)]
  0x00000130ead23000 JavaThread "Asynchronous log dispatcher for DefaultDaemonConnection: socket connection from /127.0.0.1:50285 to /127.0.0.1:50286" [_thread_blocked, id=13056, stack(0x00000019a1a00000,0x00000019a1b00000)]
  0x00000130ea8a4800 JavaThread "Stdin handler" [_thread_blocked, id=10476, stack(0x00000019a1b00000,0x00000019a1c00000)]
  0x00000130ea8a5800 JavaThread "Thread-8" [_thread_blocked, id=1484, stack(0x00000019a1c00000,0x00000019a1d00000)]
  0x00000130ea8a6000 JavaThread "Cache worker for file hash cache (C:\Users\COMPUTER\.gradle\caches\6.7.1\fileHashes)" [_thread_blocked, id=12496, stack(0x00000019a1d00000,0x00000019a1e00000)]
  0x00000130ea8a1800 JavaThread "File lock request listener" [_thread_in_native, id=5980, stack(0x00000019a1e00000,0x00000019a1f00000)]
  0x00000130ea8a7000 JavaThread "Cache worker for journal cache (C:\Users\COMPUTER\.gradle\caches\journal-1)" [_thread_blocked, id=8272, stack(0x00000019a2400000,0x00000019a2500000)]
  0x00000130ea8a8000 JavaThread "Cache worker for file hash cache (C:\Users\COMPUTER\Desktop\LEARN\newver\.gradle\6.7.1\fileHashes)" [_thread_blocked, id=12140, stack(0x00000019a2500000,0x00000019a2600000)]
  0x00000130ea8a2000 JavaThread "Cache worker for checksums cache (C:\Users\COMPUTER\Desktop\LEARN\newver\.gradle\checksums)" [_thread_blocked, id=7132, stack(0x00000019a2600000,0x00000019a2700000)]
  0x00000130ea8a3000 JavaThread "Cache worker for cache directory md-supplier (C:\Users\COMPUTER\.gradle\caches\6.7.1\md-supplier)" [_thread_blocked, id=12032, stack(0x00000019a2700000,0x00000019a2800000)]
  0x00000130ea8a3800 JavaThread "Cache worker for cache directory md-rule (C:\Users\COMPUTER\.gradle\caches\6.7.1\md-rule)" [_thread_blocked, id=284, stack(0x00000019a2900000,0x00000019a2a00000)]
  0x00000130ee11d800 JavaThread "Cache worker for execution history cache (C:\Users\COMPUTER\.gradle\caches\6.7.1\executionHistory)" [_thread_blocked, id=11184, stack(0x00000019a2a00000,0x00000019a2b00000)]
  0x00000130ee121000 JavaThread "jar transforms" [_thread_blocked, id=13168, stack(0x00000019a2b00000,0x00000019a2c00000)]
  0x00000130ee11d000 JavaThread "Cache worker for file content cache (C:\Users\COMPUTER\.gradle\caches\6.7.1\fileContent)" [_thread_blocked, id=1904, stack(0x00000019a2c00000,0x00000019a2d00000)]
  0x00000130ee122000 JavaThread "Cache worker for Build Output Cleanup Cache (C:\Users\COMPUTER\Desktop\LEARN\newver\.gradle\buildOutputCleanup)" [_thread_blocked, id=1164, stack(0x00000019a2d00000,0x00000019a2e00000)]
  0x00000130ee11e800 JavaThread "Build operations" [_thread_blocked, id=11428, stack(0x00000019a2e00000,0x00000019a2f00000)]
  0x00000130ee125000 JavaThread "Build operations Thread 2" [_thread_blocked, id=12764, stack(0x00000019a2f00000,0x00000019a3000000)]
  0x00000130ee122800 JavaThread "Build operations Thread 3" [_thread_blocked, id=4060, stack(0x00000019a3000000,0x00000019a3100000)]
  0x00000130ee11f800 JavaThread "Build operations Thread 4" [_thread_blocked, id=11984, stack(0x00000019a3100000,0x00000019a3200000)]
  0x00000130ee123800 JavaThread "Build operations Thread 5" [_thread_blocked, id=9280, stack(0x00000019a3200000,0x00000019a3300000)]
  0x00000130ee126000 JavaThread "Build operations Thread 6" [_thread_blocked, id=11656, stack(0x00000019a3300000,0x00000019a3400000)]
  0x00000130ee124000 JavaThread "Build operations Thread 7" [_thread_blocked, id=2332, stack(0x00000019a3400000,0x00000019a3500000)]
  0x00000130ee126800 JavaThread "Build operations Thread 8" [_thread_blocked, id=12272, stack(0x00000019a3500000,0x00000019a3600000)]
  0x00000130ee127800 JavaThread "jar transforms Thread 2" [_thread_blocked, id=5448, stack(0x00000019a3600000,0x00000019a3700000)]
  0x00000130ee128800 JavaThread "jar transforms Thread 3" [_thread_blocked, id=9196, stack(0x00000019a3700000,0x00000019a3800000)]
  0x00000130ee129000 JavaThread "jar transforms Thread 4" [_thread_blocked, id=9516, stack(0x00000019a3800000,0x00000019a3900000)]
  0x00000130ee12a000 JavaThread "jar transforms Thread 5" [_thread_blocked, id=11900, stack(0x00000019a3900000,0x00000019a3a00000)]
  0x00000130ee12a800 JavaThread "jar transforms Thread 6" [_thread_blocked, id=8020, stack(0x00000019a3a00000,0x00000019a3b00000)]
  0x00000130ef21c000 JavaThread "jar transforms Thread 7" [_thread_blocked, id=13076, stack(0x00000019a3b00000,0x00000019a3c00000)]
  0x00000130ef21d000 JavaThread "jar transforms Thread 8" [_thread_blocked, id=5464, stack(0x00000019a3c00000,0x00000019a3d00000)]
  0x00000130ef217800 JavaThread "jar transforms Thread 9" [_thread_blocked, id=10160, stack(0x00000019a3d00000,0x00000019a3e00000)]
  0x00000130ef218000 JavaThread "jar transforms Thread 10" [_thread_blocked, id=13740, stack(0x00000019a3e00000,0x00000019a3f00000)]
  0x00000130ef21b800 JavaThread "jar transforms Thread 11" [_thread_blocked, id=14020, stack(0x00000019a3f00000,0x00000019a4000000)]
  0x00000130ef21e000 JavaThread "jar transforms Thread 12" [_thread_blocked, id=7984, stack(0x00000019a4000000,0x00000019a4100000)]
  0x00000130ef219800 JavaThread "jar transforms Thread 13" [_thread_blocked, id=6140, stack(0x00000019a4100000,0x00000019a4200000)]
  0x00000130ef21a800 JavaThread "jar transforms Thread 14" [_thread_blocked, id=11132, stack(0x00000019a4200000,0x00000019a4300000)]
  0x00000130ef21e800 JavaThread "jar transforms Thread 15" [_thread_blocked, id=10936, stack(0x00000019a4300000,0x00000019a4400000)]
  0x00000130ef219000 JavaThread "jar transforms Thread 16" [_thread_blocked, id=8732, stack(0x00000019a4400000,0x00000019a4500000)]
  0x00000130ef220800 JavaThread "jar transforms Thread 17" [_thread_blocked, id=12084, stack(0x00000019a4500000,0x00000019a4600000)]
  0x00000130ef225000 JavaThread "jar transforms Thread 18" [_thread_blocked, id=12128, stack(0x00000019a4600000,0x00000019a4700000)]
  0x00000130ef221000 JavaThread "jar transforms Thread 19" [_thread_blocked, id=13784, stack(0x00000019a4700000,0x00000019a4800000)]
  0x00000130ef222000 JavaThread "jar transforms Thread 20" [_thread_blocked, id=6516, stack(0x00000019a4800000,0x00000019a4900000)]
  0x00000130ef21f800 JavaThread "jar transforms Thread 21" [_thread_blocked, id=14044, stack(0x00000019a4900000,0x00000019a4a00000)]
  0x00000130ef223800 JavaThread "jar transforms Thread 22" [_thread_blocked, id=11380, stack(0x00000019a4a00000,0x00000019a4b00000)]
  0x00000130ef226000 JavaThread "jar transforms Thread 23" [_thread_blocked, id=3156, stack(0x00000019a4b00000,0x00000019a4c00000)]
  0x00000130ef224800 JavaThread "jar transforms Thread 24" [_thread_blocked, id=11308, stack(0x00000019a4c00000,0x00000019a4d00000)]
  0x00000130ef222800 JavaThread "jar transforms Thread 25" [_thread_blocked, id=10784, stack(0x00000019a4d00000,0x00000019a4e00000)]
  0x00000130ea712000 JavaThread "jar transforms Thread 26" [_thread_blocked, id=12216, stack(0x00000019a4e00000,0x00000019a4f00000)]
  0x00000130ea713800 JavaThread "jar transforms Thread 27" [_thread_blocked, id=4572, stack(0x00000019a4f00000,0x00000019a5000000)]
  0x00000130ea714800 JavaThread "jar transforms Thread 28" [_thread_blocked, id=10200, stack(0x00000019a5000000,0x00000019a5100000)]
  0x00000130ea715000 JavaThread "jar transforms Thread 29" [_thread_blocked, id=4252, stack(0x00000019a5100000,0x00000019a5200000)]
  0x00000130ea716000 JavaThread "jar transforms Thread 30" [_thread_blocked, id=12160, stack(0x00000019a5200000,0x00000019a5300000)]
  0x00000130ea712800 JavaThread "jar transforms Thread 31" [_thread_blocked, id=11060, stack(0x00000019a5300000,0x00000019a5400000)]
  0x00000130ea717000 JavaThread "jar transforms Thread 32" [_thread_blocked, id=6460, stack(0x00000019a5400000,0x00000019a5500000)]
  0x00000130ea711000 JavaThread "jar transforms Thread 33" [_thread_blocked, id=10664, stack(0x00000019a5500000,0x00000019a5600000)]
  0x00000130ea71b000 JavaThread "jar transforms Thread 34" [_thread_blocked, id=8436, stack(0x00000019a5600000,0x00000019a5700000)]
  0x00000130ea71c800 JavaThread "jar transforms Thread 35" [_thread_blocked, id=9536, stack(0x00000019a5700000,0x00000019a5800000)]
  0x00000130ea71b800 JavaThread "jar transforms Thread 36" [_thread_blocked, id=12600, stack(0x00000019a5800000,0x00000019a5900000)]
  0x00000130ea717800 JavaThread "jar transforms Thread 37" [_thread_blocked, id=11904, stack(0x00000019a5900000,0x00000019a5a00000)]
  0x00000130ea71d800 JavaThread "jar transforms Thread 38" [_thread_blocked, id=6600, stack(0x00000019a5a00000,0x00000019a5b00000)]
  0x00000130ea719800 JavaThread "jar transforms Thread 39" [_thread_blocked, id=11808, stack(0x00000019a5b00000,0x00000019a5c00000)]
  0x00000130ea71a000 JavaThread "jar transforms Thread 40" [_thread_blocked, id=8784, stack(0x00000019a5c00000,0x00000019a5d00000)]
  0x00000130ea71e000 JavaThread "jar transforms Thread 41" [_thread_blocked, id=7468, stack(0x00000019a1700000,0x00000019a1800000)]
  0x00000130ea718800 JavaThread "jar transforms Thread 42" [_thread_blocked, id=9052, stack(0x00000019a2800000,0x00000019a2900000)]
  0x00000130ea71f000 JavaThread "jar transforms Thread 43" [_thread_blocked, id=14008, stack(0x00000019a5d00000,0x00000019a5e00000)]
  0x00000130ea720000 JavaThread "jar transforms Thread 44" [_thread_blocked, id=3560, stack(0x00000019a5e00000,0x00000019a5f00000)]
  0x00000130ec3f9800 JavaThread "jar transforms Thread 45" [_thread_blocked, id=10520, stack(0x00000019a5f00000,0x00000019a6000000)]
  0x00000130ec3fa800 JavaThread "jar transforms Thread 46" [_thread_blocked, id=5572, stack(0x00000019a6000000,0x00000019a6100000)]
  0x00000130ec3fc000 JavaThread "jar transforms Thread 47" [_thread_blocked, id=3612, stack(0x00000019a6100000,0x00000019a6200000)]
  0x00000130ec3f8000 JavaThread "jar transforms Thread 48" [_thread_blocked, id=5548, stack(0x00000019a6200000,0x00000019a6300000)]
  0x00000130ec3fd000 JavaThread "jar transforms Thread 49" [_thread_blocked, id=9776, stack(0x00000019a6300000,0x00000019a6400000)]
  0x00000130ec3f9000 JavaThread "jar transforms Thread 50" [_thread_blocked, id=9580, stack(0x00000019a6400000,0x00000019a6500000)]
  0x00000130ec3fb800 JavaThread "jar transforms Thread 51" [_thread_blocked, id=7548, stack(0x00000019a6500000,0x00000019a6600000)]
  0x00000130ec3f7000 JavaThread "jar transforms Thread 52" [_thread_blocked, id=12564, stack(0x00000019a6600000,0x00000019a6700000)]
  0x00000130ec402000 JavaThread "jar transforms Thread 53" [_thread_blocked, id=3948, stack(0x00000019a6700000,0x00000019a6800000)]
  0x00000130ec402800 JavaThread "jar transforms Thread 54" [_thread_blocked, id=7772, stack(0x00000019a6800000,0x00000019a6900000)]
  0x00000130ec400000 JavaThread "jar transforms Thread 55" [_thread_blocked, id=13392, stack(0x00000019a6900000,0x00000019a6a00000)]
  0x00000130ec401000 JavaThread "jar transforms Thread 56" [_thread_blocked, id=13416, stack(0x00000019a6a00000,0x00000019a6b00000)]
  0x00000130ec403800 JavaThread "jar transforms Thread 57" [_thread_blocked, id=9120, stack(0x00000019a6b00000,0x00000019a6c00000)]
  0x00000130ec3fd800 JavaThread "jar transforms Thread 58" [_thread_blocked, id=2852, stack(0x00000019a6c00000,0x00000019a6d00000)]
  0x00000130ec404800 JavaThread "jar transforms Thread 59" [_thread_blocked, id=9200, stack(0x00000019a6d00000,0x00000019a6e00000)]
  0x00000130ec3fe800 JavaThread "jar transforms Thread 60" [_thread_blocked, id=7096, stack(0x00000019a6e00000,0x00000019a6f00000)]
  0x00000130ec405000 JavaThread "jar transforms Thread 61" [_thread_blocked, id=12252, stack(0x00000019a6f00000,0x00000019a7000000)]
  0x00000130ec3ff800 JavaThread "jar transforms Thread 62" [_thread_blocked, id=2524, stack(0x00000019a7000000,0x00000019a7100000)]
  0x00000130ec406000 JavaThread "jar transforms Thread 63" [_thread_blocked, id=8520, stack(0x00000019a7100000,0x00000019a7200000)]
  0x00000130ed5d9000 JavaThread "jar transforms Thread 64" [_thread_blocked, id=5852, stack(0x00000019a7200000,0x00000019a7300000)]
  0x00000130ed5dc000 JavaThread "jar transforms Thread 65" [_thread_blocked, id=12232, stack(0x00000019a7300000,0x00000019a7400000)]
  0x00000130ed5db800 JavaThread "jar transforms Thread 66" [_thread_blocked, id=14172, stack(0x00000019a7400000,0x00000019a7500000)]
  0x00000130ed5dd000 JavaThread "jar transforms Thread 67" [_thread_blocked, id=13744, stack(0x00000019a7500000,0x00000019a7600000)]
  0x00000130ed5da800 JavaThread "jar transforms Thread 68" [_thread_blocked, id=3960, stack(0x00000019a7600000,0x00000019a7700000)]
  0x00000130ed5d8000 JavaThread "jar transforms Thread 69" [_thread_blocked, id=3112, stack(0x00000019a7700000,0x00000019a7800000)]
  0x00000130ed5df800 JavaThread "jar transforms Thread 70" [_thread_blocked, id=8352, stack(0x00000019a7800000,0x00000019a7900000)]
  0x00000130ed5de000 JavaThread "jar transforms Thread 71" [_thread_blocked, id=6284, stack(0x00000019a7900000,0x00000019a7a00000)]
  0x00000130ed5d9800 JavaThread "jar transforms Thread 72" [_thread_blocked, id=11828, stack(0x00000019a7a00000,0x00000019a7b00000)]
  0x00000130ed5e0000 JavaThread "jar transforms Thread 73" [_thread_blocked, id=8256, stack(0x00000019a7b00000,0x00000019a7c00000)]
  0x00000130ed5e2800 JavaThread "jar transforms Thread 74" [_thread_blocked, id=13608, stack(0x00000019a7c00000,0x00000019a7d00000)]
  0x00000130ed5e2000 JavaThread "jar transforms Thread 75" [_thread_blocked, id=7088, stack(0x00000019a7d00000,0x00000019a7e00000)]
  0x00000130ed5e4800 JavaThread "jar transforms Thread 76" [_thread_blocked, id=9836, stack(0x00000019a7e00000,0x00000019a7f00000)]
  0x00000130ed5e3800 JavaThread "jar transforms Thread 77" [_thread_blocked, id=8560, stack(0x00000019a7f00000,0x00000019a8000000)]
  0x00000130ed5de800 JavaThread "jar transforms Thread 78" [_thread_blocked, id=14256, stack(0x00000019a8000000,0x00000019a8100000)]
  0x00000130ed5e5000 JavaThread "jar transforms Thread 79" [_thread_blocked, id=2828, stack(0x00000019a8100000,0x00000019a8200000)]
  0x00000130ed5e6800 JavaThread "jar transforms Thread 80" [_thread_blocked, id=7860, stack(0x00000019a8200000,0x00000019a8300000)]
  0x00000130ed5e6000 JavaThread "jar transforms Thread 81" [_thread_blocked, id=9984, stack(0x00000019a8300000,0x00000019a8400000)]
  0x00000130ed5e1000 JavaThread "jar transforms Thread 82" [_thread_blocked, id=11572, stack(0x00000019a8400000,0x00000019a8500000)]
  0x00000130ed5eb800 JavaThread "jar transforms Thread 83" [_thread_blocked, id=3336, stack(0x00000019a8500000,0x00000019a8600000)]
  0x00000130ed5f0000 JavaThread "jar transforms Thread 84" [_thread_blocked, id=11504, stack(0x00000019a8600000,0x00000019a8700000)]
  0x00000130ed5ec800 JavaThread "jar transforms Thread 85" [_thread_blocked, id=8304, stack(0x00000019a8700000,0x00000019a8800000)]
  0x00000130ed5eb000 JavaThread "jar transforms Thread 86" [_thread_blocked, id=12512, stack(0x00000019a8800000,0x00000019a8900000)]
  0x00000130ed5ef000 JavaThread "jar transforms Thread 87" [_thread_blocked, id=13004, stack(0x00000019a8900000,0x00000019a8a00000)]
  0x00000130ed5ea000 JavaThread "jar transforms Thread 88" [_thread_blocked, id=648, stack(0x00000019a8a00000,0x00000019a8b00000)]
  0x00000130ed5f0800 JavaThread "jar transforms Thread 89" [_thread_blocked, id=5256, stack(0x00000019a8b00000,0x00000019a8c00000)]
  0x00000130ed5f3000 JavaThread "jar transforms Thread 90" [_thread_blocked, id=7980, stack(0x00000019a8c00000,0x00000019a8d00000)]
  0x00000130ed5f2000 JavaThread "jar transforms Thread 91" [_thread_blocked, id=10608, stack(0x00000019a8d00000,0x00000019a8e00000)]
  0x00000130ed5ee000 JavaThread "jar transforms Thread 92" [_thread_blocked, id=10248, stack(0x00000019a8e00000,0x00000019a8f00000)]
  0x00000130ed5f1800 JavaThread "jar transforms Thread 93" [_thread_blocked, id=4772, stack(0x00000019a8f00000,0x00000019a9000000)]
  0x00000130ed5ed800 JavaThread "jar transforms Thread 94" [_thread_blocked, id=2412, stack(0x00000019a9000000,0x00000019a9100000)]
  0x00000130ed5f4800 JavaThread "jar transforms Thread 95" [_thread_blocked, id=11456, stack(0x00000019a9100000,0x00000019a9200000)]
  0x00000130ed5f8000 JavaThread "jar transforms Thread 96" [_thread_blocked, id=5308, stack(0x00000019a9200000,0x00000019a9300000)]
  0x00000130ed5f7000 JavaThread "jar transforms Thread 97" [_thread_blocked, id=9316, stack(0x00000019a9300000,0x00000019a9400000)]
  0x00000130ed5f4000 JavaThread "jar transforms Thread 98" [_thread_blocked, id=9168, stack(0x00000019a9400000,0x00000019a9500000)]
  0x00000130ed5f8800 JavaThread "jar transforms Thread 99" [_thread_blocked, id=12528, stack(0x00000019a9500000,0x00000019a9600000)]
  0x00000130ef498000 JavaThread "C2 CompilerThread1" daemon [_thread_blocked, id=8292, stack(0x00000019a9600000,0x00000019a9700000)]
  0x00000130ed5f5800 JavaThread "Memory manager" [_thread_blocked, id=5424, stack(0x00000019a9800000,0x00000019a9900000)]
  0x00000130ed5f6800 JavaThread "build event listener" [_thread_blocked, id=2904, stack(0x00000019a9900000,0x00000019a9a00000)]
  0x00000130eedb4800 JavaThread "build event listener" [_thread_blocked, id=11960, stack(0x00000019a9a00000,0x00000019a9b00000)]
  0x00000130eedb2000 JavaThread "Execution worker for ':'" [_thread_blocked, id=660, stack(0x00000019a9b00000,0x00000019a9c00000)]
  0x00000130eedb1000 JavaThread "Execution worker for ':' Thread 2" [_thread_blocked, id=10348, stack(0x00000019a9c00000,0x00000019a9d00000)]
  0x00000130eedb5000 JavaThread "Execution worker for ':' Thread 3" [_thread_blocked, id=13904, stack(0x00000019a9d00000,0x00000019a9e00000)]
  0x00000130eedb6000 JavaThread "Execution worker for ':' Thread 4" [_thread_blocked, id=11912, stack(0x00000019a9e00000,0x00000019a9f00000)]
  0x00000130eedb3800 JavaThread "Execution worker for ':' Thread 5" [_thread_blocked, id=7924, stack(0x00000019a9f00000,0x00000019aa000000)]
  0x00000130eedb0800 JavaThread "Execution worker for ':' Thread 6" [_thread_blocked, id=12248, stack(0x00000019aa000000,0x00000019aa100000)]
  0x00000130eedb7000 JavaThread "Execution worker for ':' Thread 7" [_thread_blocked, id=13724, stack(0x00000019aa100000,0x00000019aa200000)]
  0x00000130eedb7800 JavaThread "Cache worker for execution history cache (C:\Users\COMPUTER\Desktop\LEARN\newver\.gradle\6.7.1\executionHistory)" [_thread_blocked, id=12556, stack(0x00000019aa200000,0x00000019aa300000)]
  0x00000130e920d800 JavaThread "C2 CompilerThread2" daemon [_thread_blocked, id=10084, stack(0x00000019a9700000,0x00000019a9800000)]
  0x00000130eedb8800 JavaThread "WorkerExecutor Queue" [_thread_blocked, id=6456, stack(0x00000019aa500000,0x00000019aa600000)]
  0x00000130eedb2800 JavaThread "WorkerExecutor Queue Thread 2" [_thread_blocked, id=10692, stack(0x00000019aa600000,0x00000019aa700000)]
  0x00000130eedbb000 JavaThread "WorkerExecutor Queue Thread 3" [_thread_blocked, id=11780, stack(0x00000019aa700000,0x00000019aa800000)]
  0x00000130eedbc800 JavaThread "WorkerExecutor Queue Thread 4" [_thread_blocked, id=10172, stack(0x00000019aa800000,0x00000019aa900000)]
  0x00000130eedbd800 JavaThread "WorkerExecutor Queue Thread 5" [_thread_blocked, id=7464, stack(0x00000019aa900000,0x00000019aaa00000)]
  0x00000130eedbe000 JavaThread "WorkerExecutor Queue Thread 6" [_thread_blocked, id=724, stack(0x00000019aaa00000,0x00000019aab00000)]
  0x00000130eedba000 JavaThread "WorkerExecutor Queue Thread 7" [_thread_blocked, id=3416, stack(0x00000019aab00000,0x00000019aac00000)]
  0x00000130eedbb800 JavaThread "WorkerExecutor Queue Thread 8" [_thread_blocked, id=7712, stack(0x00000019aac00000,0x00000019aad00000)]
  0x00000130eedbf000 JavaThread "pool-4-thread-1" [_thread_blocked, id=10904, stack(0x00000019aad00000,0x00000019aae00000)]
  0x00000130eedb9800 JavaThread "stderr" [_thread_in_native, id=13736, stack(0x00000019aae00000,0x00000019aaf00000)]
  0x00000130f0dd3000 JavaThread "stdout" [_thread_in_native, id=13436, stack(0x00000019aaf00000,0x00000019ab000000)]

Other Threads:
=>0x00000130e799f000 VMThread "VM Thread" [stack: 0x00000019a0200000,0x00000019a0300000] [id=13260]
  0x00000130e83b3800 WatcherThread [stack: 0x00000019a0c00000,0x00000019a0d00000] [id=11564]
  0x00000130cb6e6000 GCTaskThread "GC Thread#0" [stack: 0x000000199fd00000,0x000000199fe00000] [id=2952]
  0x00000130e9447000 GCTaskThread "GC Thread#1" [stack: 0x00000019a0f00000,0x00000019a1000000] [id=5640]
  0x00000130e8d0c000 GCTaskThread "GC Thread#2" [stack: 0x00000019a1000000,0x00000019a1100000] [id=9128]
  0x00000130e8d0c800 GCTaskThread "GC Thread#3" [stack: 0x00000019a1100000,0x00000019a1200000] [id=10032]
  0x00000130ebb19800 GCTaskThread "GC Thread#4" [stack: 0x00000019a1f00000,0x00000019a2000000] [id=5676]
  0x00000130e9b59000 GCTaskThread "GC Thread#5" [stack: 0x00000019a2000000,0x00000019a2100000] [id=8644]
  0x00000130e97ca800 GCTaskThread "GC Thread#6" [stack: 0x00000019a2100000,0x00000019a2200000] [id=288]
  0x00000130e9a1f800 GCTaskThread "GC Thread#7" [stack: 0x00000019a2200000,0x00000019a2300000] [id=5876]
  0x00000130cb718000 ConcurrentGCThread "G1 Main Marker" [stack: 0x000000199fe00000,0x000000199ff00000] [id=4036]
  0x00000130cb719800 ConcurrentGCThread "G1 Conc#0" [stack: 0x000000199ff00000,0x00000019a0000000] [id=9992]
  0x00000130ea65f000 ConcurrentGCThread "G1 Conc#1" [stack: 0x00000019a2300000,0x00000019a2400000] [id=11840]
  0x00000130e7822800 ConcurrentGCThread "G1 Refine#0" [stack: 0x00000019a0000000,0x00000019a0100000] [id=12736]
  0x00000130ea42f000 ConcurrentGCThread "G1 Refine#1" [stack: 0x00000019aa300000,0x00000019aa400000] [id=4208]
  0x00000130efc4d000 ConcurrentGCThread "G1 Refine#2" [stack: 0x00000019aa400000,0x00000019aa500000] [id=3648]
  0x00000130e7823800 ConcurrentGCThread "G1 Young RemSet Sampling" [stack: 0x00000019a0100000,0x00000019a0200000] [id=9484]

Threads with active compile tasks:
C2 CompilerThread0  29081 14621 %     4       com.android.tools.r8.C.a.a.f::a @ 2576 (6058 bytes)
C1 CompilerThread0  29081 15115       3       com.android.tools.r8.v.b.v1$$Lambda$1171/0x0000000100cf7040::test (8 bytes)
C2 CompilerThread1  29081 15081       4       com.android.tools.r8.s.a.a.b.a::hasNext (17 bytes)
C2 CompilerThread2  29081 14740       4       com.google.common.collect.MapMakerInternalMap::putIfAbsent (29 bytes)

VM state:at safepoint (normal execution)

VM Mutex/Monitor currently owned by a thread:  ([mutex/lock_event])
[0x00000130cb6c9430] Threads_lock - owner thread: 0x00000130e799f000
[0x00000130cb6c8b30] Heap_lock - owner thread: 0x00000130ee11e800

Heap address: 0x0000000080000000, size: 2048 MB, Compressed Oops mode: 32-bit
Narrow klass base: 0x0000000000000000, Narrow klass shift: 3
Compressed class space size: 1073741824 Address: 0x0000000100000000

Heap:
 garbage-first heap   total 257024K, used 121678K [0x0000000080000000, 0x0000000100000000)
  region size 1024K, 5 young (5120K), 5 survivors (5120K)
 Metaspace       used 99214K, capacity 101752K, committed 101836K, reserved 1138688K
  class space    used 12607K, capacity 13515K, committed 13568K, reserved 1048576K
Heap Regions: E=young(eden), S=young(survivor), O=old, HS=humongous(starts), HC=humongous(continues), CS=collection set, F=free, A=archive, TAMS=top-at-mark-start (previous, next)
|   0|0x0000000080000000, 0x0000000080100000, 0x0000000080100000|100%| O|  |TAMS 0x0000000080100000, 0x0000000080000000| Untracked 
|   1|0x0000000080100000, 0x0000000080200000, 0x0000000080200000|100%| O|  |TAMS 0x0000000080200000, 0x0000000080100000| Untracked 
|   2|0x0000000080200000, 0x0000000080300000, 0x0000000080300000|100%| O|  |TAMS 0x0000000080300000, 0x0000000080200000| Untracked 
|   3|0x0000000080300000, 0x0000000080400000, 0x0000000080400000|100%|HS|  |TAMS 0x0000000080400000, 0x0000000080300000| Complete 
|   4|0x0000000080400000, 0x0000000080500000, 0x0000000080500000|100%|HC|  |TAMS 0x0000000080500000, 0x0000000080400000| Complete 
|   5|0x0000000080500000, 0x0000000080600000, 0x0000000080600000|100%|HC|  |TAMS 0x0000000080600000, 0x0000000080500000| Complete 
|   6|0x0000000080600000, 0x0000000080700000, 0x0000000080700000|100%| O|  |TAMS 0x0000000080700000, 0x0000000080600000| Untracked 
|   7|0x0000000080700000, 0x0000000080800000, 0x0000000080800000|100%| O|  |TAMS 0x0000000080800000, 0x0000000080700000| Untracked 
|   8|0x0000000080800000, 0x0000000080900000, 0x0000000080900000|100%| O|  |TAMS 0x0000000080900000, 0x0000000080800000| Untracked 
|   9|0x0000000080900000, 0x0000000080a00000, 0x0000000080a00000|100%| O|  |TAMS 0x0000000080a00000, 0x0000000080900000| Untracked 
|  10|0x0000000080a00000, 0x0000000080b00000, 0x0000000080b00000|100%| O|  |TAMS 0x0000000080b00000, 0x0000000080a00000| Untracked 
|  11|0x0000000080b00000, 0x0000000080c00000, 0x0000000080c00000|100%| O|  |TAMS 0x0000000080c00000, 0x0000000080b00000| Complete 
|  12|0x0000000080c00000, 0x0000000080d00000, 0x0000000080d00000|100%| O|  |TAMS 0x0000000080d00000, 0x0000000080c00000| Untracked 
|  13|0x0000000080d00000, 0x0000000080e00000, 0x0000000080e00000|100%| O|  |TAMS 0x0000000080e00000, 0x0000000080d00000| Untracked 
|  14|0x0000000080e00000, 0x0000000080f00000, 0x0000000080f00000|100%| O|  |TAMS 0x0000000080f00000, 0x0000000080e00000| Untracked 
|  15|0x0000000080f00000, 0x0000000081000000, 0x0000000081000000|100%| O|  |TAMS 0x0000000081000000, 0x0000000080f00000| Untracked 
|  16|0x0000000081000000, 0x0000000081100000, 0x0000000081100000|100%|HS|  |TAMS 0x0000000081100000, 0x0000000081000000| Complete 
|  17|0x0000000081100000, 0x0000000081200000, 0x0000000081200000|100%|HS|  |TAMS 0x0000000081200000, 0x0000000081100000| Complete 
|  18|0x0000000081200000, 0x0000000081300000, 0x0000000081300000|100%|HC|  |TAMS 0x0000000081300000, 0x0000000081200000| Complete 
|  19|0x0000000081300000, 0x0000000081400000, 0x0000000081400000|100%| O|  |TAMS 0x0000000081400000, 0x0000000081300000| Untracked 
|  20|0x0000000081400000, 0x0000000081500000, 0x0000000081500000|100%| O|  |TAMS 0x0000000081500000, 0x0000000081400000| Untracked 
|  21|0x0000000081500000, 0x0000000081600000, 0x0000000081600000|100%| O|  |TAMS 0x0000000081600000, 0x0000000081500000| Untracked 
|  22|0x0000000081600000, 0x0000000081700000, 0x0000000081700000|100%| O|  |TAMS 0x0000000081700000, 0x0000000081600000| Untracked 
|  23|0x0000000081700000, 0x0000000081800000, 0x0000000081800000|100%| O|  |TAMS 0x0000000081800000, 0x0000000081700000| Untracked 
|  24|0x0000000081800000, 0x0000000081900000, 0x0000000081900000|100%| O|  |TAMS 0x0000000081900000, 0x0000000081800000| Untracked 
|  25|0x0000000081900000, 0x0000000081a00000, 0x0000000081a00000|100%| O|  |TAMS 0x0000000081a00000, 0x0000000081900000| Untracked 
|  26|0x0000000081a00000, 0x0000000081b00000, 0x0000000081b00000|100%| O|  |TAMS 0x0000000081b00000, 0x0000000081a00000| Untracked 
|  27|0x0000000081b00000, 0x0000000081c00000, 0x0000000081c00000|100%| O|  |TAMS 0x0000000081c00000, 0x0000000081b00000| Untracked 
|  28|0x0000000081c00000, 0x0000000081d00000, 0x0000000081d00000|100%| O|  |TAMS 0x0000000081d00000, 0x0000000081c00000| Untracked 
|  29|0x0000000081d00000, 0x0000000081e00000, 0x0000000081e00000|100%| O|  |TAMS 0x0000000081e00000, 0x0000000081d00000| Untracked 
|  30|0x0000000081e00000, 0x0000000081f00000, 0x0000000081f00000|100%| O|  |TAMS 0x0000000081f00000, 0x0000000081e00000| Untracked 
|  31|0x0000000081f00000, 0x0000000082000000, 0x0000000082000000|100%| O|  |TAMS 0x0000000082000000, 0x0000000081f00000| Untracked 
|  32|0x0000000082000000, 0x0000000082100000, 0x0000000082100000|100%| O|  |TAMS 0x0000000082100000, 0x0000000082000000| Untracked 
|  33|0x0000000082100000, 0x0000000082200000, 0x0000000082200000|100%| O|  |TAMS 0x0000000082200000, 0x0000000082100000| Untracked 
|  34|0x0000000082200000, 0x0000000082300000, 0x0000000082300000|100%| O|  |TAMS 0x0000000082300000, 0x0000000082200000| Untracked 
|  35|0x0000000082300000, 0x0000000082400000, 0x0000000082400000|100%| O|  |TAMS 0x0000000082400000, 0x0000000082300000| Untracked 
|  36|0x0000000082400000, 0x0000000082500000, 0x0000000082500000|100%| O|  |TAMS 0x0000000082500000, 0x0000000082400000| Untracked 
|  37|0x0000000082500000, 0x0000000082600000, 0x0000000082600000|100%| O|  |TAMS 0x0000000082600000, 0x0000000082500000| Complete 
|  38|0x0000000082600000, 0x0000000082700000, 0x0000000082700000|100%| O|  |TAMS 0x0000000082700000, 0x0000000082600000| Untracked 
|  39|0x0000000082700000, 0x0000000082800000, 0x0000000082800000|100%| O|  |TAMS 0x0000000082800000, 0x0000000082700000| Untracked 
|  40|0x0000000082800000, 0x0000000082900000, 0x0000000082900000|100%| O|  |TAMS 0x0000000082900000, 0x0000000082800000| Untracked 
|  41|0x0000000082900000, 0x0000000082a00000, 0x0000000082a00000|100%| O|  |TAMS 0x0000000082a00000, 0x0000000082900000| Untracked 
|  42|0x0000000082a00000, 0x0000000082b00000, 0x0000000082b00000|100%| O|  |TAMS 0x0000000082b00000, 0x0000000082a00000| Untracked 
|  43|0x0000000082b00000, 0x0000000082c00000, 0x0000000082c00000|100%| O|  |TAMS 0x0000000082c00000, 0x0000000082b00000| Untracked 
|  44|0x0000000082c00000, 0x0000000082d00000, 0x0000000082d00000|100%| O|  |TAMS 0x0000000082d00000, 0x0000000082c00000| Untracked 
|  45|0x0000000082d00000, 0x0000000082e00000, 0x0000000082e00000|100%| O|  |TAMS 0x0000000082e00000, 0x0000000082d00000| Untracked 
|  46|0x0000000082e00000, 0x0000000082f00000, 0x0000000082f00000|100%| O|  |TAMS 0x0000000082f00000, 0x0000000082e00000| Untracked 
|  47|0x0000000082f00000, 0x0000000083000000, 0x0000000083000000|100%| O|  |TAMS 0x0000000083000000, 0x0000000082f00000| Untracked 
|  48|0x0000000083000000, 0x0000000083100000, 0x0000000083100000|100%| O|  |TAMS 0x0000000083100000, 0x0000000083000000| Untracked 
|  49|0x0000000083100000, 0x0000000083200000, 0x0000000083200000|100%| O|  |TAMS 0x0000000083200000, 0x0000000083100000| Untracked 
|  50|0x0000000083200000, 0x0000000083300000, 0x0000000083300000|100%| O|  |TAMS 0x0000000083300000, 0x0000000083200000| Untracked 
|  51|0x0000000083300000, 0x0000000083400000, 0x0000000083400000|100%| O|  |TAMS 0x0000000083400000, 0x0000000083300000| Untracked 
|  52|0x0000000083400000, 0x0000000083500000, 0x0000000083500000|100%| O|  |TAMS 0x0000000083500000, 0x0000000083400000| Untracked 
|  53|0x0000000083500000, 0x0000000083600000, 0x0000000083600000|100%| O|  |TAMS 0x0000000083600000, 0x0000000083500000| Untracked 
|  54|0x0000000083600000, 0x0000000083700000, 0x0000000083700000|100%| O|  |TAMS 0x0000000083700000, 0x0000000083600000| Complete 
|  55|0x0000000083700000, 0x0000000083800000, 0x0000000083800000|100%| O|  |TAMS 0x0000000083800000, 0x0000000083700000| Untracked 
|  56|0x0000000083800000, 0x0000000083900000, 0x0000000083900000|100%| O|  |TAMS 0x0000000083900000, 0x0000000083800000| Untracked 
|  57|0x0000000083900000, 0x0000000083a00000, 0x0000000083a00000|100%| O|  |TAMS 0x0000000083a00000, 0x0000000083900000| Complete 
|  58|0x0000000083a00000, 0x0000000083b00000, 0x0000000083b00000|100%| O|  |TAMS 0x0000000083b00000, 0x0000000083a00000| Complete 
|  59|0x0000000083b00000, 0x0000000083c00000, 0x0000000083c00000|100%| O|  |TAMS 0x0000000083c00000, 0x0000000083b00000| Complete 
|  60|0x0000000083c00000, 0x0000000083d00000, 0x0000000083d00000|100%| O|  |TAMS 0x0000000083d00000, 0x0000000083c00000| Complete 
|  61|0x0000000083d00000, 0x0000000083e00000, 0x0000000083e00000|100%| O|  |TAMS 0x0000000083e00000, 0x0000000083d00000| Complete 
|  62|0x0000000083e00000, 0x0000000083f00000, 0x0000000083f00000|100%| O|  |TAMS 0x0000000083f00000, 0x0000000083e00000| Complete 
|  63|0x0000000083f00000, 0x0000000084000000, 0x0000000084000000|100%| O|  |TAMS 0x0000000084000000, 0x0000000083f00000| Complete 
|  64|0x0000000084000000, 0x0000000084100000, 0x0000000084100000|100%| O|  |TAMS 0x0000000084100000, 0x0000000084000000| Complete 
|  65|0x0000000084100000, 0x0000000084200000, 0x0000000084200000|100%| O|  |TAMS 0x0000000084200000, 0x0000000084100000| Complete 
|  66|0x0000000084200000, 0x0000000084300000, 0x0000000084300000|100%| O|  |TAMS 0x0000000084300000, 0x0000000084200000| Complete 
|  67|0x0000000084300000, 0x0000000084400000, 0x0000000084400000|100%| O|  |TAMS 0x0000000084400000, 0x0000000084300000| Untracked 
|  68|0x0000000084400000, 0x0000000084500000, 0x0000000084500000|100%| O|  |TAMS 0x0000000084500000, 0x0000000084400000| Complete 
|  69|0x0000000084500000, 0x0000000084600000, 0x0000000084600000|100%| O|  |TAMS 0x0000000084600000, 0x0000000084500000| Complete 
|  70|0x0000000084600000, 0x0000000084700000, 0x0000000084700000|100%| O|  |TAMS 0x0000000084700000, 0x0000000084600000| Complete 
|  71|0x0000000084700000, 0x0000000084800000, 0x0000000084800000|100%| O|  |TAMS 0x0000000084800000, 0x0000000084700000| Complete 
|  72|0x0000000084800000, 0x0000000084900000, 0x0000000084900000|100%| O|  |TAMS 0x0000000084900000, 0x0000000084800000| Complete 
|  73|0x0000000084900000, 0x0000000084a00000, 0x0000000084a00000|100%| O|  |TAMS 0x0000000084a00000, 0x0000000084900000| Untracked 
|  74|0x0000000084a00000, 0x0000000084b00000, 0x0000000084b00000|100%| O|  |TAMS 0x0000000084b00000, 0x0000000084a00000| Untracked 
|  75|0x0000000084b00000, 0x0000000084c00000, 0x0000000084c00000|100%| O|  |TAMS 0x0000000084c00000, 0x0000000084b00000| Untracked 
|  76|0x0000000084c00000, 0x0000000084d00000, 0x0000000084d00000|100%| O|  |TAMS 0x0000000084d00000, 0x0000000084c00000| Untracked 
|  77|0x0000000084d00000, 0x0000000084e00000, 0x0000000084e00000|100%| O|  |TAMS 0x0000000084e00000, 0x0000000084d00000| Untracked 
|  78|0x0000000084e00000, 0x0000000084f00000, 0x0000000084f00000|100%| O|  |TAMS 0x0000000084f00000, 0x0000000084e00000| Untracked 
|  79|0x0000000084f00000, 0x0000000085000000, 0x0000000085000000|100%| O|  |TAMS 0x0000000085000000, 0x0000000084f00000| Untracked 
|  80|0x0000000085000000, 0x0000000085100000, 0x0000000085100000|100%| O|  |TAMS 0x0000000085100000, 0x0000000085000000| Untracked 
|  81|0x0000000085100000, 0x0000000085200000, 0x0000000085200000|100%| O|  |TAMS 0x0000000085200000, 0x0000000085100000| Untracked 
|  82|0x0000000085200000, 0x0000000085300000, 0x0000000085300000|100%| O|  |TAMS 0x0000000085300000, 0x0000000085200000| Untracked 
|  83|0x0000000085300000, 0x0000000085400000, 0x0000000085400000|100%| O|  |TAMS 0x0000000085400000, 0x0000000085300000| Untracked 
|  84|0x0000000085400000, 0x0000000085500000, 0x0000000085500000|100%| O|  |TAMS 0x0000000085500000, 0x0000000085400000| Untracked 
|  85|0x0000000085500000, 0x0000000085600000, 0x0000000085600000|100%| O|  |TAMS 0x0000000085600000, 0x0000000085500000| Untracked 
|  86|0x0000000085600000, 0x0000000085700000, 0x0000000085700000|100%| O|  |TAMS 0x0000000085700000, 0x0000000085600000| Untracked 
|  87|0x0000000085700000, 0x0000000085800000, 0x0000000085800000|100%| O|  |TAMS 0x0000000085800000, 0x0000000085700000| Complete 
|  88|0x0000000085800000, 0x0000000085900000, 0x0000000085900000|100%| O|  |TAMS 0x0000000085900000, 0x0000000085800000| Untracked 
|  89|0x0000000085900000, 0x0000000085a00000, 0x0000000085a00000|100%| O|  |TAMS 0x0000000085a00000, 0x0000000085900000| Complete 
|  90|0x0000000085a00000, 0x0000000085b00000, 0x0000000085b00000|100%| O|  |TAMS 0x0000000085b00000, 0x0000000085a00000| Untracked 
|  91|0x0000000085b00000, 0x0000000085c00000, 0x0000000085c00000|100%| O|  |TAMS 0x0000000085c00000, 0x0000000085b00000| Untracked 
|  92|0x0000000085c00000, 0x0000000085d00000, 0x0000000085d00000|100%| O|  |TAMS 0x0000000085d00000, 0x0000000085c00000| Untracked 
|  93|0x0000000085d00000, 0x0000000085e00000, 0x0000000085e00000|100%| O|  |TAMS 0x0000000085e00000, 0x0000000085d00000| Untracked 
|  94|0x0000000085e00000, 0x0000000085f00000, 0x0000000085f00000|100%| O|  |TAMS 0x0000000085f00000, 0x0000000085e00000| Complete 
|  95|0x0000000085f00000, 0x0000000086000000, 0x0000000086000000|100%| O|  |TAMS 0x0000000086000000, 0x0000000085f00000| Complete 
|  96|0x0000000086000000, 0x0000000086100000, 0x0000000086100000|100%| O|  |TAMS 0x0000000086100000, 0x0000000086000000| Complete 
|  97|0x0000000086100000, 0x0000000086200000, 0x0000000086200000|100%| O|  |TAMS 0x0000000086200000, 0x0000000086100000| Untracked 
|  98|0x0000000086200000, 0x0000000086300000, 0x0000000086300000|100%| O|  |TAMS 0x0000000086300000, 0x0000000086200000| Untracked 
|  99|0x0000000086300000, 0x0000000086400000, 0x0000000086400000|100%| O|  |TAMS 0x0000000086400000, 0x0000000086300000| Untracked 
| 100|0x0000000086400000, 0x0000000086500000, 0x0000000086500000|100%| O|  |TAMS 0x0000000086500000, 0x0000000086400000| Complete 
| 101|0x0000000086500000, 0x0000000086600000, 0x0000000086600000|100%| O|  |TAMS 0x0000000086531e00, 0x0000000086500000| Complete 
| 102|0x0000000086600000, 0x0000000086700000, 0x0000000086700000|100%| O|  |TAMS 0x0000000086600000, 0x0000000086600000| Untracked 
| 103|0x0000000086700000, 0x0000000086800000, 0x0000000086800000|100%| O|  |TAMS 0x0000000086700000, 0x0000000086700000| Untracked 
| 104|0x0000000086800000, 0x0000000086900000, 0x0000000086900000|100%| O|  |TAMS 0x0000000086800000, 0x0000000086800000| Untracked 
| 105|0x0000000086900000, 0x0000000086a00000, 0x0000000086a00000|100%| O|  |TAMS 0x0000000086900000, 0x0000000086900000| Untracked 
| 106|0x0000000086a00000, 0x0000000086b00000, 0x0000000086b00000|100%| O|  |TAMS 0x0000000086a00000, 0x0000000086a00000| Untracked 
| 107|0x0000000086b00000, 0x0000000086c00000, 0x0000000086c00000|100%| O|  |TAMS 0x0000000086b00000, 0x0000000086b00000| Untracked 
| 108|0x0000000086c00000, 0x0000000086d00000, 0x0000000086d00000|100%| O|  |TAMS 0x0000000086c00000, 0x0000000086c00000| Untracked 
| 109|0x0000000086d00000, 0x0000000086e00000, 0x0000000086e00000|100%| O|  |TAMS 0x0000000086d00000, 0x0000000086d00000| Untracked 
| 110|0x0000000086e00000, 0x0000000086e00000, 0x0000000086f00000|  0%| F|  |TAMS 0x0000000086e00000, 0x0000000086e00000| Untracked 
| 111|0x0000000086f00000, 0x0000000086f00000, 0x0000000087000000|  0%| F|  |TAMS 0x0000000086f00000, 0x0000000086f00000| Untracked 
| 112|0x0000000087000000, 0x0000000087100000, 0x0000000087100000|100%| O|  |TAMS 0x0000000087000000, 0x0000000087000000| Untracked 
| 113|0x0000000087100000, 0x0000000087200000, 0x0000000087200000|100%| O|  |TAMS 0x0000000087100000, 0x0000000087100000| Untracked 
| 114|0x0000000087200000, 0x0000000087300000, 0x0000000087300000|100%| O|  |TAMS 0x0000000087200000, 0x0000000087200000| Untracked 
| 115|0x0000000087300000, 0x0000000087400000, 0x0000000087400000|100%| O|  |TAMS 0x0000000087300000, 0x0000000087300000| Untracked 
| 116|0x0000000087400000, 0x000000008742ee00, 0x0000000087500000| 18%| O|  |TAMS 0x0000000087400000, 0x0000000087400000| Untracked 
| 117|0x0000000087500000, 0x0000000087500000, 0x0000000087600000|  0%| F|  |TAMS 0x0000000087500000, 0x0000000087500000| Untracked 
| 118|0x0000000087600000, 0x0000000087600000, 0x0000000087700000|  0%| F|  |TAMS 0x0000000087600000, 0x0000000087600000| Untracked 
| 119|0x0000000087700000, 0x0000000087700000, 0x0000000087800000|  0%| F|  |TAMS 0x0000000087700000, 0x0000000087700000| Untracked 
| 120|0x0000000087800000, 0x0000000087800000, 0x0000000087900000|  0%| F|  |TAMS 0x0000000087800000, 0x0000000087800000| Untracked 
| 121|0x0000000087900000, 0x0000000087900000, 0x0000000087a00000|  0%| F|  |TAMS 0x0000000087900000, 0x0000000087900000| Untracked 
| 122|0x0000000087a00000, 0x0000000087a00000, 0x0000000087b00000|  0%| F|  |TAMS 0x0000000087a00000, 0x0000000087a00000| Untracked 
| 123|0x0000000087b00000, 0x0000000087b00000, 0x0000000087c00000|  0%| F|  |TAMS 0x0000000087b00000, 0x0000000087b00000| Untracked 
| 124|0x0000000087c00000, 0x0000000087c00000, 0x0000000087d00000|  0%| F|  |TAMS 0x0000000087c00000, 0x0000000087c00000| Untracked 
| 125|0x0000000087d00000, 0x0000000087d00000, 0x0000000087e00000|  0%| F|  |TAMS 0x0000000087d00000, 0x0000000087d00000| Untracked 
| 126|0x0000000087e00000, 0x0000000087e00000, 0x0000000087f00000|  0%| F|  |TAMS 0x0000000087e00000, 0x0000000087e00000| Untracked 
| 127|0x0000000087f00000, 0x0000000087f00000, 0x0000000088000000|  0%| F|  |TAMS 0x0000000087f00000, 0x0000000087f00000| Untracked 
| 128|0x0000000088000000, 0x0000000088000000, 0x0000000088100000|  0%| F|  |TAMS 0x0000000088000000, 0x0000000088000000| Untracked 
| 129|0x0000000088100000, 0x0000000088100000, 0x0000000088200000|  0%| F|  |TAMS 0x0000000088100000, 0x0000000088100000| Untracked 
| 130|0x0000000088200000, 0x0000000088200000, 0x0000000088300000|  0%| F|  |TAMS 0x0000000088200000, 0x0000000088200000| Untracked 
| 131|0x0000000088300000, 0x0000000088300000, 0x0000000088400000|  0%| F|  |TAMS 0x0000000088300000, 0x0000000088300000| Untracked 
| 132|0x0000000088400000, 0x0000000088400000, 0x0000000088500000|  0%| F|  |TAMS 0x0000000088400000, 0x0000000088400000| Untracked 
| 133|0x0000000088500000, 0x0000000088500000, 0x0000000088600000|  0%| F|  |TAMS 0x0000000088500000, 0x0000000088500000| Untracked 
| 134|0x0000000088600000, 0x0000000088600000, 0x0000000088700000|  0%| F|  |TAMS 0x0000000088600000, 0x0000000088600000| Untracked 
| 135|0x0000000088700000, 0x0000000088700000, 0x0000000088800000|  0%| F|  |TAMS 0x0000000088700000, 0x0000000088700000| Untracked 
| 136|0x0000000088800000, 0x0000000088800000, 0x0000000088900000|  0%| F|  |TAMS 0x0000000088800000, 0x0000000088800000| Untracked 
| 137|0x0000000088900000, 0x0000000088900000, 0x0000000088a00000|  0%| F|  |TAMS 0x0000000088900000, 0x0000000088900000| Untracked 
| 138|0x0000000088a00000, 0x0000000088a00000, 0x0000000088b00000|  0%| F|  |TAMS 0x0000000088a00000, 0x0000000088a00000| Untracked 
| 139|0x0000000088b00000, 0x0000000088b00000, 0x0000000088c00000|  0%| F|  |TAMS 0x0000000088b00000, 0x0000000088b00000| Untracked 
| 140|0x0000000088c00000, 0x0000000088c00000, 0x0000000088d00000|  0%| F|  |TAMS 0x0000000088c00000, 0x0000000088c00000| Untracked 
| 141|0x0000000088d00000, 0x0000000088da4bc8, 0x0000000088e00000| 64%| S|CS|TAMS 0x0000000088d00000, 0x0000000088d00000| Complete 
| 142|0x0000000088e00000, 0x0000000088f00000, 0x0000000088f00000|100%| S|CS|TAMS 0x0000000088e00000, 0x0000000088e00000| Complete 
| 143|0x0000000088f00000, 0x0000000089000000, 0x0000000089000000|100%| S|CS|TAMS 0x0000000088f00000, 0x0000000088f00000| Complete 
| 144|0x0000000089000000, 0x0000000089000000, 0x0000000089100000|  0%| F|  |TAMS 0x0000000089000000, 0x0000000089000000| Untracked 
| 145|0x0000000089100000, 0x0000000089100000, 0x0000000089200000|  0%| F|  |TAMS 0x0000000089100000, 0x0000000089100000| Untracked 
| 146|0x0000000089200000, 0x0000000089200000, 0x0000000089300000|  0%| F|  |TAMS 0x0000000089200000, 0x0000000089200000| Untracked 
| 147|0x0000000089300000, 0x0000000089300000, 0x0000000089400000|  0%| F|  |TAMS 0x0000000089300000, 0x0000000089300000| Untracked 
| 148|0x0000000089400000, 0x0000000089400000, 0x0000000089500000|  0%| F|  |TAMS 0x0000000089400000, 0x0000000089400000| Untracked 
| 149|0x0000000089500000, 0x0000000089600000, 0x0000000089600000|100%| S|CS|TAMS 0x0000000089500000, 0x0000000089500000| Complete 
| 150|0x0000000089600000, 0x0000000089700000, 0x0000000089700000|100%| S|CS|TAMS 0x0000000089600000, 0x0000000089600000| Complete 
| 151|0x0000000089700000, 0x0000000089700000, 0x0000000089800000|  0%| F|  |TAMS 0x0000000089700000, 0x0000000089700000| Untracked 
| 152|0x0000000089800000, 0x0000000089800000, 0x0000000089900000|  0%| F|  |TAMS 0x0000000089800000, 0x0000000089800000| Untracked 
| 153|0x0000000089900000, 0x0000000089900000, 0x0000000089a00000|  0%| F|  |TAMS 0x0000000089900000, 0x0000000089900000| Untracked 
| 154|0x0000000089a00000, 0x0000000089a00000, 0x0000000089b00000|  0%| F|  |TAMS 0x0000000089a00000, 0x0000000089a00000| Untracked 
| 155|0x0000000089b00000, 0x0000000089b00000, 0x0000000089c00000|  0%| F|  |TAMS 0x0000000089b00000, 0x0000000089b00000| Untracked 
| 156|0x0000000089c00000, 0x0000000089c00000, 0x0000000089d00000|  0%| F|  |TAMS 0x0000000089c00000, 0x0000000089c00000| Untracked 
| 157|0x0000000089d00000, 0x0000000089d00000, 0x0000000089e00000|  0%| F|  |TAMS 0x0000000089d00000, 0x0000000089d00000| Untracked 
| 158|0x0000000089e00000, 0x0000000089e00000, 0x0000000089f00000|  0%| F|  |TAMS 0x0000000089e00000, 0x0000000089e00000| Untracked 
| 159|0x0000000089f00000, 0x0000000089f00000, 0x000000008a000000|  0%| F|  |TAMS 0x0000000089f00000, 0x0000000089f00000| Untracked 
| 160|0x000000008a000000, 0x000000008a000000, 0x000000008a100000|  0%| F|  |TAMS 0x000000008a000000, 0x000000008a000000| Untracked 
| 161|0x000000008a100000, 0x000000008a100000, 0x000000008a200000|  0%| F|  |TAMS 0x000000008a100000, 0x000000008a100000| Untracked 
| 162|0x000000008a200000, 0x000000008a200000, 0x000000008a300000|  0%| F|  |TAMS 0x000000008a200000, 0x000000008a200000| Untracked 
| 163|0x000000008a300000, 0x000000008a300000, 0x000000008a400000|  0%| F|  |TAMS 0x000000008a300000, 0x000000008a300000| Untracked 
| 164|0x000000008a400000, 0x000000008a400000, 0x000000008a500000|  0%| F|  |TAMS 0x000000008a400000, 0x000000008a400000| Untracked 
| 165|0x000000008a500000, 0x000000008a500000, 0x000000008a600000|  0%| F|  |TAMS 0x000000008a500000, 0x000000008a500000| Untracked 
| 166|0x000000008a600000, 0x000000008a600000, 0x000000008a700000|  0%| F|  |TAMS 0x000000008a600000, 0x000000008a600000| Untracked 
| 167|0x000000008a700000, 0x000000008a700000, 0x000000008a800000|  0%| F|  |TAMS 0x000000008a700000, 0x000000008a700000| Untracked 
| 168|0x000000008a800000, 0x000000008a800000, 0x000000008a900000|  0%| F|  |TAMS 0x000000008a800000, 0x000000008a800000| Untracked 
| 169|0x000000008a900000, 0x000000008a900000, 0x000000008aa00000|  0%| F|  |TAMS 0x000000008a900000, 0x000000008a900000| Untracked 
| 170|0x000000008aa00000, 0x000000008aa00000, 0x000000008ab00000|  0%| F|  |TAMS 0x000000008aa00000, 0x000000008aa00000| Untracked 
| 171|0x000000008ab00000, 0x000000008ab00000, 0x000000008ac00000|  0%| F|  |TAMS 0x000000008ab00000, 0x000000008ab00000| Untracked 
| 172|0x000000008ac00000, 0x000000008ac00000, 0x000000008ad00000|  0%| F|  |TAMS 0x000000008ac00000, 0x000000008ac00000| Untracked 
| 173|0x000000008ad00000, 0x000000008ad00000, 0x000000008ae00000|  0%| F|  |TAMS 0x000000008ad00000, 0x000000008ad00000| Untracked 
| 174|0x000000008ae00000, 0x000000008ae00000, 0x000000008af00000|  0%| F|  |TAMS 0x000000008ae00000, 0x000000008ae00000| Untracked 
| 175|0x000000008af00000, 0x000000008af00000, 0x000000008b000000|  0%| F|  |TAMS 0x000000008af00000, 0x000000008af00000| Untracked 
| 176|0x000000008b000000, 0x000000008b000000, 0x000000008b100000|  0%| F|  |TAMS 0x000000008b000000, 0x000000008b000000| Untracked 
| 177|0x000000008b100000, 0x000000008b100000, 0x000000008b200000|  0%| F|  |TAMS 0x000000008b100000, 0x000000008b100000| Untracked 
| 178|0x000000008b200000, 0x000000008b200000, 0x000000008b300000|  0%| F|  |TAMS 0x000000008b200000, 0x000000008b200000| Untracked 
| 179|0x000000008b300000, 0x000000008b300000, 0x000000008b400000|  0%| F|  |TAMS 0x000000008b300000, 0x000000008b300000| Untracked 
| 180|0x000000008b400000, 0x000000008b400000, 0x000000008b500000|  0%| F|  |TAMS 0x000000008b400000, 0x000000008b400000| Untracked 
| 181|0x000000008b500000, 0x000000008b500000, 0x000000008b600000|  0%| F|  |TAMS 0x000000008b500000, 0x000000008b500000| Untracked 
| 182|0x000000008b600000, 0x000000008b600000, 0x000000008b700000|  0%| F|  |TAMS 0x000000008b600000, 0x000000008b600000| Untracked 
| 183|0x000000008b700000, 0x000000008b700000, 0x000000008b800000|  0%| F|  |TAMS 0x000000008b700000, 0x000000008b700000| Untracked 
| 184|0x000000008b800000, 0x000000008b800000, 0x000000008b900000|  0%| F|  |TAMS 0x000000008b800000, 0x000000008b800000| Untracked 
| 185|0x000000008b900000, 0x000000008b900000, 0x000000008ba00000|  0%| F|  |TAMS 0x000000008b900000, 0x000000008b900000| Untracked 
| 186|0x000000008ba00000, 0x000000008ba00000, 0x000000008bb00000|  0%| F|  |TAMS 0x000000008ba00000, 0x000000008ba00000| Untracked 
| 187|0x000000008bb00000, 0x000000008bb00000, 0x000000008bc00000|  0%| F|  |TAMS 0x000000008bb00000, 0x000000008bb00000| Untracked 
| 188|0x000000008bc00000, 0x000000008bc00000, 0x000000008bd00000|  0%| F|  |TAMS 0x000000008bc00000, 0x000000008bc00000| Untracked 
| 189|0x000000008bd00000, 0x000000008bd00000, 0x000000008be00000|  0%| F|  |TAMS 0x000000008bd00000, 0x000000008bd00000| Untracked 
| 190|0x000000008be00000, 0x000000008be00000, 0x000000008bf00000|  0%| F|  |TAMS 0x000000008be00000, 0x000000008be00000| Untracked 
| 191|0x000000008bf00000, 0x000000008bf00000, 0x000000008c000000|  0%| F|  |TAMS 0x000000008bf00000, 0x000000008bf00000| Untracked 

Card table byte_map: [0x00000130e06c0000,0x00000130e0ac0000] _byte_map_base: 0x00000130e02c0000

Marking Bits (Prev, Next): (CMBitMap*) 0x00000130cb70f6a8, (CMBitMap*) 0x00000130cb70f6e0
 Prev Bits: [0x00000130e0ec0000, 0x00000130e2ec0000)
 Next Bits: [0x00000130e2ec0000, 0x00000130e4ec0000)

Polling page: 0x00000130cb7b0000

Metaspace:

Usage:
  Non-class:     86.17 MB capacity,    84.58 MB ( 98%) used,     1.32 MB (  2%) free+waste,   275.50 KB ( <1%) overhead. 
      Class:     13.20 MB capacity,    12.31 MB ( 93%) used,   779.84 KB (  6%) free+waste,   127.19 KB ( <1%) overhead. 
       Both:     99.37 MB capacity,    96.89 MB ( 98%) used,     2.08 MB (  2%) free+waste,   402.69 KB ( <1%) overhead. 

Virtual space:
  Non-class space:       88.00 MB reserved,      86.20 MB ( 98%) committed 
      Class space:        1.00 GB reserved,      13.25 MB (  1%) committed 
             Both:        1.09 GB reserved,      99.45 MB (  9%) committed 

Chunk freelists:
   Non-Class:  31.00 KB
       Class:  21.00 KB
        Both:  52.00 KB

MaxMetaspaceSize: 17179869184.00 GB
CompressedClassSpaceSize: 1.00 GB

CodeHeap 'non-profiled nmethods': size=120000Kb used=10158Kb max_used=10430Kb free=109841Kb
 bounds [0x00000130d8330000, 0x00000130d8d60000, 0x00000130df860000]
CodeHeap 'profiled nmethods': size=120000Kb used=31448Kb max_used=32149Kb free=88551Kb
 bounds [0x00000130d0e00000, 0x00000130d2d70000, 0x00000130d8330000]
CodeHeap 'non-nmethods': size=5760Kb used=2323Kb max_used=2336Kb free=3437Kb
 bounds [0x00000130d0860000, 0x00000130d0ad0000, 0x00000130d0e00000]
 total_blobs=15102 nmethods=14206 adapters=801
 compilation: enabled
              stopped_count=0, restarted_count=0
 full_count=0

Compilation events (20 events):
Event: 29.013 Thread 0x00000130e8243000 nmethod 15118 0x00000130d1093f10 code [0x00000130d1094120, 0x00000130d10946b8]
Event: 29.013 Thread 0x00000130e8243000 15137       3       com.android.tools.r8.ir.conversion.o::a (270 bytes)
Event: 29.016 Thread 0x00000130e8243000 nmethod 15137 0x00000130d1160e90 code [0x00000130d1161260, 0x00000130d1162cb8]
Event: 29.016 Thread 0x00000130e8243000 15131       3       com.android.tools.r8.ir.optimize.J::a (282 bytes)
Event: 29.020 Thread 0x00000130ef498000 nmethod 15109% 0x00000130d843e290 code [0x00000130d843e440, 0x00000130d843f098]
Event: 29.020 Thread 0x00000130ef498000 15141       4       java.util.IdentityHashMap::maskNull (12 bytes)
Event: 29.020 Thread 0x00000130e8243000 nmethod 15131 0x00000130d118e690 code [0x00000130d118eb40, 0x00000130d11919d8]
Event: 29.020 Thread 0x00000130ef498000 nmethod 15141 0x00000130d843e010 code [0x00000130d843e1a0, 0x00000130d843e1f8]
Event: 29.020 Thread 0x00000130e8243000 15147       3       com.android.tools.r8.ir.regalloc.b::h (51 bytes)
Event: 29.021 Thread 0x00000130e8243000 nmethod 15147 0x00000130d10bfb90 code [0x00000130d10bfd80, 0x00000130d10c0308]
Event: 29.021 Thread 0x00000130e8243000 15148       3       com.android.tools.r8.ir.regalloc.a::a (23 bytes)
Event: 29.021 Thread 0x00000130e8243000 nmethod 15148 0x00000130d106f690 code [0x00000130d106f860, 0x00000130d106fa08]
Event: 29.021 Thread 0x00000130e8243000 15121       3       com.android.tools.r8.v.b.b1$$Lambda$1144/0x0000000100cbc840::applyAsInt (8 bytes)
Event: 29.022 Thread 0x00000130e8243000 nmethod 15121 0x00000130d107be10 code [0x00000130d107bfc0, 0x00000130d107c1b8]
Event: 29.022 Thread 0x00000130e8243000 15128       3       com.android.tools.r8.v.b.p0::d (30 bytes)
Event: 29.022 Thread 0x00000130ef498000 15081       4       com.android.tools.r8.s.a.a.b.a::hasNext (17 bytes)
Event: 29.022 Thread 0x00000130e8243000 nmethod 15128 0x00000130d10bf390 code [0x00000130d10bf580, 0x00000130d10bfa08]
Event: 29.022 Thread 0x00000130e8243000 15116       3       com.android.tools.r8.ir.conversion.L::c (36 bytes)
Event: 29.022 Thread 0x00000130e8243000 nmethod 15116 0x00000130d10bd490 code [0x00000130d10bd640, 0x00000130d10bd838]
Event: 29.022 Thread 0x00000130e8243000 15115       3       com.android.tools.r8.v.b.v1$$Lambda$1171/0x0000000100cf7040::test (8 bytes)

GC Heap History (20 events):
Event: 22.138 GC heap after
{Heap after GC invocations=21 (full 0):
 garbage-first heap   total 196608K, used 101039K [0x0000000080000000, 0x0000000100000000)
  region size 1024K, 3 young (3072K), 3 survivors (3072K)
 Metaspace       used 82461K, capacity 84457K, committed 84684K, reserved 1122304K
  class space    used 10458K, capacity 11135K, committed 11264K, reserved 1048576K
}
Event: 22.757 GC heap before
{Heap before GC invocations=22 (full 0):
 garbage-first heap   total 196608K, used 126639K [0x0000000080000000, 0x0000000100000000)
  region size 1024K, 46 young (47104K), 3 survivors (3072K)
 Metaspace       used 83494K, capacity 85386K, committed 85836K, reserved 1124352K
  class space    used 10524K, capacity 11203K, committed 11392K, reserved 1048576K
}
Event: 22.763 GC heap after
{Heap after GC invocations=23 (full 0):
 garbage-first heap   total 196608K, used 84304K [0x0000000080000000, 0x0000000100000000)
  region size 1024K, 3 young (3072K), 3 survivors (3072K)
 Metaspace       used 83494K, capacity 85386K, committed 85836K, reserved 1124352K
  class space    used 10524K, capacity 11203K, committed 11392K, reserved 1048576K
}
Event: 22.916 GC heap before
{Heap before GC invocations=23 (full 0):
 garbage-first heap   total 196608K, used 89424K [0x0000000080000000, 0x0000000100000000)
  region size 1024K, 9 young (9216K), 3 survivors (3072K)
 Metaspace       used 83842K, capacity 85808K, committed 86092K, reserved 1124352K
  class space    used 10569K, capacity 11237K, committed 11392K, reserved 1048576K
}
Event: 22.920 GC heap after
{Heap after GC invocations=24 (full 0):
 garbage-first heap   total 196608K, used 77454K [0x0000000080000000, 0x0000000100000000)
  region size 1024K, 1 young (1024K), 1 survivors (1024K)
 Metaspace       used 83842K, capacity 85808K, committed 86092K, reserved 1124352K
  class space    used 10569K, capacity 11237K, committed 11392K, reserved 1048576K
}
Event: 24.455 GC heap before
{Heap before GC invocations=24 (full 0):
 garbage-first heap   total 196608K, used 136846K [0x0000000080000000, 0x0000000100000000)
  region size 1024K, 60 young (61440K), 1 survivors (1024K)
 Metaspace       used 84882K, capacity 86942K, committed 87116K, reserved 1124352K
  class space    used 10651K, capacity 11324K, committed 11392K, reserved 1048576K
}
Event: 24.459 GC heap after
{Heap after GC invocations=25 (full 0):
 garbage-first heap   total 196608K, used 78803K [0x0000000080000000, 0x0000000100000000)
  region size 1024K, 2 young (2048K), 2 survivors (2048K)
 Metaspace       used 84882K, capacity 86942K, committed 87116K, reserved 1124352K
  class space    used 10651K, capacity 11324K, committed 11392K, reserved 1048576K
}
Event: 25.717 GC heap before
{Heap before GC invocations=25 (full 0):
 garbage-first heap   total 196608K, used 142291K [0x0000000080000000, 0x0000000100000000)
  region size 1024K, 65 young (66560K), 2 survivors (2048K)
 Metaspace       used 86649K, capacity 88731K, committed 88908K, reserved 1126400K
  class space    used 10840K, capacity 11538K, committed 11648K, reserved 1048576K
}
Event: 25.723 GC heap after
{Heap after GC invocations=26 (full 0):
 garbage-first heap   total 196608K, used 81378K [0x0000000080000000, 0x0000000100000000)
  region size 1024K, 5 young (5120K), 5 survivors (5120K)
 Metaspace       used 86649K, capacity 88731K, committed 88908K, reserved 1126400K
  class space    used 10840K, capacity 11538K, committed 11648K, reserved 1048576K
}
Event: 26.396 GC heap before
{Heap before GC invocations=26 (full 0):
 garbage-first heap   total 196608K, used 145890K [0x0000000080000000, 0x0000000100000000)
  region size 1024K, 69 young (70656K), 5 survivors (5120K)
 Metaspace       used 89813K, capacity 91918K, committed 92108K, reserved 1130496K
  class space    used 11233K, capacity 11933K, committed 12032K, reserved 1048576K
}
Event: 26.405 GC heap after
{Heap after GC invocations=27 (full 0):
 garbage-first heap   total 196608K, used 85365K [0x0000000080000000, 0x0000000100000000)
  region size 1024K, 9 young (9216K), 9 survivors (9216K)
 Metaspace       used 89813K, capacity 91918K, committed 92108K, reserved 1130496K
  class space    used 11233K, capacity 11933K, committed 12032K, reserved 1048576K
}
Event: 26.996 GC heap before
{Heap before GC invocations=27 (full 0):
 garbage-first heap   total 196608K, used 150901K [0x0000000080000000, 0x0000000100000000)
  region size 1024K, 75 young (76800K), 9 survivors (9216K)
 Metaspace       used 91364K, capacity 93544K, committed 93772K, reserved 1130496K
  class space    used 11427K, capacity 12155K, committed 12160K, reserved 1048576K
}
Event: 27.011 GC heap after
{Heap after GC invocations=28 (full 0):
 garbage-first heap   total 196608K, used 95248K [0x0000000080000000, 0x0000000100000000)
  region size 1024K, 10 young (10240K), 10 survivors (10240K)
 Metaspace       used 91364K, capacity 93544K, committed 93772K, reserved 1130496K
  class space    used 11427K, capacity 12155K, committed 12160K, reserved 1048576K
}
Event: 27.559 GC heap before
{Heap before GC invocations=28 (full 0):
 garbage-first heap   total 196608K, used 151568K [0x0000000080000000, 0x0000000100000000)
  region size 1024K, 66 young (67584K), 10 survivors (10240K)
 Metaspace       used 93620K, capacity 95881K, committed 95948K, reserved 1132544K
  class space    used 11741K, capacity 12510K, committed 12544K, reserved 1048576K
}
Event: 27.577 GC heap after
{Heap after GC invocations=29 (full 0):
 garbage-first heap   total 196608K, used 104255K [0x0000000080000000, 0x0000000100000000)
  region size 1024K, 9 young (9216K), 9 survivors (9216K)
 Metaspace       used 93620K, capacity 95881K, committed 95948K, reserved 1132544K
  class space    used 11741K, capacity 12510K, committed 12544K, reserved 1048576K
}
Event: 27.970 GC heap before
{Heap before GC invocations=29 (full 0):
 garbage-first heap   total 196608K, used 153407K [0x0000000080000000, 0x0000000100000000)
  region size 1024K, 58 young (59392K), 9 survivors (9216K)
 Metaspace       used 95281K, capacity 97576K, committed 97740K, reserved 1134592K
  class space    used 11957K, capacity 12727K, committed 12800K, reserved 1048576K
}
Event: 28.034 GC heap after
{Heap after GC invocations=30 (full 0):
 garbage-first heap   total 196608K, used 111815K [0x0000000080000000, 0x0000000100000000)
  region size 1024K, 8 young (8192K), 8 survivors (8192K)
 Metaspace       used 95281K, capacity 97576K, committed 97740K, reserved 1134592K
  class space    used 11957K, capacity 12727K, committed 12800K, reserved 1048576K
}
Event: 28.279 GC heap before
{Heap before GC invocations=30 (full 0):
 garbage-first heap   total 196608K, used 154823K [0x0000000080000000, 0x0000000100000000)
  region size 1024K, 51 young (52224K), 8 survivors (8192K)
 Metaspace       used 95518K, capacity 97809K, committed 97996K, reserved 1134592K
  class space    used 11991K, capacity 12761K, committed 12800K, reserved 1048576K
}
Event: 28.294 GC heap after
{Heap after GC invocations=31 (full 0):
 garbage-first heap   total 196608K, used 117295K [0x0000000080000000, 0x0000000100000000)
  region size 1024K, 5 young (5120K), 5 survivors (5120K)
 Metaspace       used 95518K, capacity 97809K, committed 97996K, reserved 1134592K
  class space    used 11991K, capacity 12761K, committed 12800K, reserved 1048576K
}
Event: 29.027 GC heap before
{Heap before GC invocations=32 (full 0):
 garbage-first heap   total 196608K, used 160303K [0x0000000080000000, 0x0000000100000000)
  region size 1024K, 46 young (47104K), 5 survivors (5120K)
 Metaspace       used 99214K, capacity 101752K, committed 101836K, reserved 1138688K
  class space    used 12607K, capacity 13515K, committed 13568K, reserved 1048576K
}

Deoptimization events (20 events):
Event: 28.856 Thread 0x00000130ee11f800 Uncommon trap: trap_request=0xffffffc6 fr.pc=0x00000130d8d22ad8 relative=0x0000000000000838
Event: 28.856 Thread 0x00000130ee11f800 Uncommon trap: reason=bimorphic_or_optimized_type_check action=maybe_recompile pc=0x00000130d8d22ad8 method=com.android.tools.r8.s.a.a.a.s$a.hashCode()I @ 26 c2
Event: 28.857 Thread 0x00000130ee11f800 DEOPT PACKING pc=0x00000130d8d22ad8 sp=0x00000019a31fa280
Event: 28.857 Thread 0x00000130ee11f800 DEOPT UNPACKING pc=0x00000130d08874af sp=0x00000019a31fa228 mode 2
Event: 28.857 Thread 0x00000130ee122800 Uncommon trap: trap_request=0xffffff4d fr.pc=0x00000130d85e4404 relative=0x0000000000001aa4
Event: 28.857 Thread 0x00000130ee122800 Uncommon trap: reason=unstable_if action=reinterpret pc=0x00000130d85e4404 method=java.util.WeakHashMap.remove(Ljava/lang/Object;)Ljava/lang/Object; @ 94 c2
Event: 28.857 Thread 0x00000130ee122800 DEOPT PACKING pc=0x00000130d85e4404 sp=0x00000019a30f6000
Event: 28.857 Thread 0x00000130ee122800 DEOPT UNPACKING pc=0x00000130d08874af sp=0x00000019a30f5e28 mode 2
Event: 28.858 Thread 0x00000130ee11f800 Uncommon trap: trap_request=0xffffffc6 fr.pc=0x00000130d8d22ad8 relative=0x0000000000000838
Event: 28.858 Thread 0x00000130ee11f800 Uncommon trap: reason=bimorphic_or_optimized_type_check action=maybe_recompile pc=0x00000130d8d22ad8 method=com.android.tools.r8.s.a.a.a.s$a.hashCode()I @ 26 c2
Event: 28.858 Thread 0x00000130ee11f800 DEOPT PACKING pc=0x00000130d8d22ad8 sp=0x00000019a31fa290
Event: 28.858 Thread 0x00000130ee11f800 DEOPT UNPACKING pc=0x00000130d08874af sp=0x00000019a31fa238 mode 2
Event: 28.873 Thread 0x00000130eedb1000 Uncommon trap: trap_request=0xffffff4d fr.pc=0x00000130d874b244 relative=0x00000000000010a4
Event: 28.873 Thread 0x00000130eedb1000 Uncommon trap: reason=unstable_if action=reinterpret pc=0x00000130d874b244 method=java.util.HashMap.computeIfAbsent(Ljava/lang/Object;Ljava/util/function/Function;)Ljava/lang/Object; @ 145 c2
Event: 28.873 Thread 0x00000130eedb1000 DEOPT PACKING pc=0x00000130d874b244 sp=0x00000019a9cf6b40
Event: 28.873 Thread 0x00000130eedb1000 DEOPT UNPACKING pc=0x00000130d08874af sp=0x00000019a9cf6b20 mode 2
Event: 28.975 Thread 0x00000130ee11e800 Uncommon trap: trap_request=0xffffff4d fr.pc=0x00000130d85ff4e8 relative=0x00000000000027c8
Event: 28.975 Thread 0x00000130ee11e800 Uncommon trap: reason=unstable_if action=reinterpret pc=0x00000130d85ff4e8 method=java.util.TreeMap.put(Ljava/lang/Object;Ljava/lang/Object;)Ljava/lang/Object; @ 163 c2
Event: 28.975 Thread 0x00000130ee11e800 DEOPT PACKING pc=0x00000130d85ff4e8 sp=0x00000019a2ef9d60
Event: 28.975 Thread 0x00000130ee11e800 DEOPT UNPACKING pc=0x00000130d08874af sp=0x00000019a2ef9d20 mode 2

Classes redefined (0 events):
No events

Internal exceptions (20 events):
Event: 27.692 Thread 0x00000130eedb1000 Exception <a 'java/lang/NoSuchMethodError'{0x000000008b6ced98}: 'void java.lang.invoke.DirectMethodHandle$Holder.invokeStatic(java.lang.Object, java.lang.Object, java.lang.Object, int)'> (0x000000008b6ced98) thrown at [./src/hotspot/share/interpreter/linkResolver.cpp, line 773]
Event: 27.693 Thread 0x00000130ee126800 Exception <a 'java/lang/NoSuchMethodError'{0x000000008b6809e8}: 'void java.lang.invoke.DirectMethodHandle$Holder.invokeStatic(java.lang.Object, java.lang.Object, java.lang.Object, int)'> (0x000000008b6809e8) thrown at [./src/hotspot/share/interpreter/linkResolver.cpp, line 773]
Event: 27.694 Thread 0x00000130ee11f800 Exception <a 'java/lang/IncompatibleClassChangeError'{0x000000008b5a2018}: Found class java.lang.Object, but interface was expected> (0x000000008b5a2018) thrown at [./src/hotspot/share/interpreter/linkResolver.cpp, line 839]
Event: 27.695 Thread 0x00000130ee126800 Exception <a 'java/lang/IncompatibleClassChangeError'{0x000000008b686660}: Found class java.lang.Object, but interface was expected> (0x000000008b686660) thrown at [./src/hotspot/share/interpreter/linkResolver.cpp, line 839]
Event: 27.782 Thread 0x00000130eedbc800 Exception <a 'java/lang/NoSuchMethodError'{0x000000008b89cbc8}: 'java.lang.Object java.lang.invoke.DirectMethodHandle$Holder.invokeVirtual(java.lang.Object, java.lang.Object, int)'> (0x000000008b89cbc8) thrown at [./src/hotspot/share/interpreter/linkResolver.cpp, line 773]
Event: 27.919 Thread 0x00000130eedbc800 Implicit null exception at 0x00000130d8cef5d0 to 0x00000130d8cef5e4
Event: 28.095 Thread 0x00000130eedbb800 Exception <a 'java/lang/NoSuchMethodError'{0x000000008b8c88c8}: 'int java.lang.invoke.DirectMethodHandle$Holder.invokeSpecialIFC(java.lang.Object, java.lang.Object, java.lang.Object)'> (0x000000008b8c88c8) thrown at [./src/hotspot/share/interpreter/linkResolver.cpp, line 773]
Event: 28.463 Thread 0x00000130ee11f800 Exception <a 'java/lang/NoSuchMethodError'{0x000000008b3f17b0}: 'long java.lang.invoke.DirectMethodHandle$Holder.invokeStatic(java.lang.Object, java.lang.Object)'> (0x000000008b3f17b0) thrown at [./src/hotspot/share/interpreter/linkResolver.cpp, line 773]
Event: 28.464 Thread 0x00000130ee122800 Exception <a 'java/lang/NoSuchMethodError'{0x000000008b339de8}: 'long java.lang.invoke.DirectMethodHandle$Holder.invokeStatic(java.lang.Object, java.lang.Object)'> (0x000000008b339de8) thrown at [./src/hotspot/share/interpreter/linkResolver.cpp, line 773]
Event: 28.464 Thread 0x00000130ee11e800 Exception <a 'java/lang/NoSuchMethodError'{0x000000008b3c74b8}: 'long java.lang.invoke.DirectMethodHandle$Holder.invokeStatic(java.lang.Object, java.lang.Object)'> (0x000000008b3c74b8) thrown at [./src/hotspot/share/interpreter/linkResolver.cpp, line 773]
Event: 28.465 Thread 0x00000130ee126800 Exception <a 'java/lang/NoSuchMethodError'{0x000000008b4c92b8}: 'long java.lang.invoke.DirectMethodHandle$Holder.invokeStatic(java.lang.Object, java.lang.Object)'> (0x000000008b4c92b8) thrown at [./src/hotspot/share/interpreter/linkResolver.cpp, line 773]
Event: 28.483 Thread 0x00000130ee122800 Exception <a 'java/lang/NoSuchMethodError'{0x000000008b23e410}: 'void java.lang.invoke.DirectMethodHandle$Holder.invokeSpecial(java.lang.Object, java.lang.Object, int, java.lang.Object)'> (0x000000008b23e410) thrown at [./src/hotspot/share/interpreter/linkResolver.cpp, line 773]
Event: 28.620 Thread 0x00000130ee11e800 Exception <a 'java/lang/NoSuchMethodError'{0x000000008abd53b0}: 'java.lang.Object java.lang.invoke.DirectMethodHandle$Holder.invokeVirtual(java.lang.Object, java.lang.Object, int, java.lang.Object)'> (0x000000008abd53b0) thrown at [./src/hotspot/share/interpreter/linkResolver.cpp, line 773]
Event: 28.620 Thread 0x00000130ee11f800 Exception <a 'java/lang/NoSuchMethodError'{0x000000008abd7f58}: 'java.lang.Object java.lang.invoke.DirectMethodHandle$Holder.invokeVirtual(java.lang.Object, java.lang.Object, int, java.lang.Object)'> (0x000000008abd7f58) thrown at [./src/hotspot/share/interpreter/linkResolver.cpp, line 773]
Event: 28.620 Thread 0x00000130eedb1000 Exception <a 'java/lang/NoSuchMethodError'{0x000000008b0ed028}: 'java.lang.Object java.lang.invoke.DirectMethodHandle$Holder.invokeVirtual(java.lang.Object, java.lang.Object, int, java.lang.Object)'> (0x000000008b0ed028) thrown at [./src/hotspot/share/interpreter/linkResolver.cpp, line 773]
Event: 28.620 Thread 0x00000130ee122800 Exception <a 'java/lang/NoSuchMethodError'{0x000000008ab96108}: 'java.lang.Object java.lang.invoke.DirectMethodHandle$Holder.invokeVirtual(java.lang.Object, java.lang.Object, int, java.lang.Object)'> (0x000000008ab96108) thrown at [./src/hotspot/share/interpreter/linkResolver.cpp, line 773]
Event: 28.647 Thread 0x00000130ee122800 Exception <a 'java/lang/NoSuchMethodError'{0x000000008aa5c138}: 'void java.lang.invoke.DirectMethodHandle$Holder.invokeVirtual(java.lang.Object, java.lang.Object, int, java.lang.Object)'> (0x000000008aa5c138) thrown at [./src/hotspot/share/interpreter/linkResolver.cpp, line 773]
Event: 28.647 Thread 0x00000130eedb1000 Exception <a 'java/lang/NoSuchMethodError'{0x000000008abeec38}: 'void java.lang.invoke.DirectMethodHandle$Holder.invokeVirtual(java.lang.Object, java.lang.Object, int, java.lang.Object)'> (0x000000008abeec38) thrown at [./src/hotspot/share/interpreter/linkResolver.cpp, line 773]
Event: 28.648 Thread 0x00000130ee11e800 Exception <a 'java/lang/NoSuchMethodError'{0x000000008a929be0}: 'void java.lang.invoke.DirectMethodHandle$Holder.invokeVirtual(java.lang.Object, java.lang.Object, int, java.lang.Object)'> (0x000000008a929be0) thrown at [./src/hotspot/share/interpreter/linkResolver.cpp, line 773]
Event: 28.764 Thread 0x00000130ee122800 Exception <a 'java/lang/NoSuchMethodError'{0x000000008a32d0e0}: 'java.lang.Object java.lang.invoke.DirectMethodHandle$Holder.newInvokeSpecial(java.lang.Object, int)'> (0x000000008a32d0e0) thrown at [./src/hotspot/share/interpreter/linkResolver.cpp, line 773]

Events (20 events):
Event: 28.987 loading class com/android/tools/r8/code/h2 done
Event: 28.987 loading class com/android/tools/r8/code/r2
Event: 28.987 loading class com/android/tools/r8/code/r2 done
Event: 28.991 loading class com/android/tools/r8/graph/S$e
Event: 28.991 loading class com/android/tools/r8/graph/S$e done
Event: 28.992 loading class com/android/tools/r8/graph/S$e
Event: 28.992 loading class com/android/tools/r8/graph/S$e done
Event: 28.996 loading class com/android/tools/r8/code/D2
Event: 28.996 loading class com/android/tools/r8/code/D2 done
Event: 28.997 loading class com/android/tools/r8/code/E2
Event: 28.997 loading class com/android/tools/r8/code/E2 done
Event: 28.997 loading class com/android/tools/r8/code/G2
Event: 28.997 loading class com/android/tools/r8/code/G2 done
Event: 28.998 loading class com/android/tools/r8/code/F2
Event: 28.998 loading class com/android/tools/r8/code/F2 done
Event: 29.001 loading class com/android/tools/r8/v/a/u/i
Event: 29.001 loading class com/android/tools/r8/v/a/u/i done
Event: 29.013 loading class com/android/tools/r8/code/W
Event: 29.013 loading class com/android/tools/r8/code/W done
Event: 29.022 Executing VM operation: G1CollectForAllocation


Dynamic libraries:
0x00007ff7a51e0000 - 0x00007ff7a51ea000 	C:\Program Files\Android\Android Studio\jre\bin\java.exe
0x00007ffe0c2b0000 - 0x00007ffe0c4a5000 	C:\WINDOWS\SYSTEM32\ntdll.dll
0x00007ffe0b480000 - 0x00007ffe0b53d000 	C:\WINDOWS\System32\KERNEL32.DLL
0x00007ffe09b30000 - 0x00007ffe09df8000 	C:\WINDOWS\System32\KERNELBASE.dll
0x00007ffe0a1b0000 - 0x00007ffe0a2b0000 	C:\WINDOWS\System32\ucrtbase.dll
0x00007ffe052c0000 - 0x00007ffe052d9000 	C:\Program Files\Android\Android Studio\jre\bin\jli.dll
0x00007ffdf7630000 - 0x00007ffdf7647000 	C:\Program Files\Android\Android Studio\jre\bin\VCRUNTIME140.dll
0x00007ffe0c0d0000 - 0x00007ffe0c270000 	C:\WINDOWS\System32\USER32.dll
0x00007ffe0a090000 - 0x00007ffe0a0b2000 	C:\WINDOWS\System32\win32u.dll
0x00007ffdf79c0000 - 0x00007ffdf7c5a000 	C:\WINDOWS\WinSxS\amd64_microsoft.windows.common-controls_6595b64144ccf1df_6.0.19041.844_none_ca00b6081b84eb1d\COMCTL32.dll
0x00007ffe0b710000 - 0x00007ffe0b73a000 	C:\WINDOWS\System32\GDI32.dll
0x00007ffe0b800000 - 0x00007ffe0b89e000 	C:\WINDOWS\System32\msvcrt.dll
0x00007ffe099f0000 - 0x00007ffe09afb000 	C:\WINDOWS\System32\gdi32full.dll
0x00007ffe0a110000 - 0x00007ffe0a1ad000 	C:\WINDOWS\System32\msvcp_win.dll
0x00007ffe0a710000 - 0x00007ffe0a740000 	C:\WINDOWS\System32\IMM32.DLL
0x00007ffdcd8a0000 - 0x00007ffdcd93d000 	C:\Program Files\Android\Android Studio\jre\bin\msvcp140.dll
0x00007ffdbf370000 - 0x00007ffdbfe2c000 	C:\Program Files\Android\Android Studio\jre\bin\server\jvm.dll
0x00007ffe0b3a0000 - 0x00007ffe0b44c000 	C:\WINDOWS\System32\ADVAPI32.dll
0x00007ffe0b660000 - 0x00007ffe0b6fb000 	C:\WINDOWS\System32\sechost.dll
0x00007ffe0a740000 - 0x00007ffe0a86b000 	C:\WINDOWS\System32\RPCRT4.dll
0x00007ffe0afc0000 - 0x00007ffe0afc8000 	C:\WINDOWS\System32\PSAPI.DLL
0x00007ffdfdb10000 - 0x00007ffdfdb37000 	C:\WINDOWS\SYSTEM32\WINMM.dll
0x00007ffdf6720000 - 0x00007ffdf6729000 	C:\WINDOWS\SYSTEM32\WSOCK32.dll
0x00007ffe00f80000 - 0x00007ffe00f8a000 	C:\WINDOWS\SYSTEM32\VERSION.dll
0x00007ffe0b540000 - 0x00007ffe0b5ab000 	C:\WINDOWS\System32\WS2_32.dll
0x00007ffe082d0000 - 0x00007ffe082e2000 	C:\WINDOWS\SYSTEM32\kernel.appcore.dll
0x00007ffe046e0000 - 0x00007ffe046f1000 	C:\Program Files\Android\Android Studio\jre\bin\verify.dll
0x00007ffe07f90000 - 0x00007ffe08174000 	C:\WINDOWS\SYSTEM32\DBGHELP.DLL
0x00007ffdf4d60000 - 0x00007ffdf4d8c000 	C:\WINDOWS\SYSTEM32\dbgcore.DLL
0x00007ffe09e00000 - 0x00007ffe09e80000 	C:\WINDOWS\System32\bcryptPrimitives.dll
0x00007ffdec1f0000 - 0x00007ffdec219000 	C:\Program Files\Android\Android Studio\jre\bin\java.dll
0x00007ffe04810000 - 0x00007ffe0481b000 	C:\Program Files\Android\Android Studio\jre\bin\jimage.dll
0x00007ffe03c30000 - 0x00007ffe03c48000 	C:\Program Files\Android\Android Studio\jre\bin\zip.dll
0x00007ffe0a870000 - 0x00007ffe0afb2000 	C:\WINDOWS\System32\SHELL32.dll
0x00007ffe077f0000 - 0x00007ffe07f80000 	C:\WINDOWS\SYSTEM32\windows.storage.dll
0x00007ffe0b8a0000 - 0x00007ffe0bbf5000 	C:\WINDOWS\System32\combase.dll
0x00007ffe09390000 - 0x00007ffe093bc000 	C:\WINDOWS\SYSTEM32\Wldp.dll
0x00007ffe0b5b0000 - 0x00007ffe0b65e000 	C:\WINDOWS\System32\SHCORE.dll
0x00007ffe0b740000 - 0x00007ffe0b795000 	C:\WINDOWS\System32\shlwapi.dll
0x00007ffe09930000 - 0x00007ffe0994f000 	C:\WINDOWS\SYSTEM32\profapi.dll
0x00007ffe025b0000 - 0x00007ffe025ca000 	C:\Program Files\Android\Android Studio\jre\bin\net.dll
0x00007ffe02470000 - 0x00007ffe0257b000 	C:\WINDOWS\SYSTEM32\WINHTTP.dll
0x00007ffe09170000 - 0x00007ffe091da000 	C:\WINDOWS\system32\mswsock.dll
0x00007ffdfdf60000 - 0x00007ffdfdf74000 	C:\Program Files\Android\Android Studio\jre\bin\nio.dll
0x00007ffdd9c80000 - 0x00007ffdd9ca7000 	C:\Users\COMPUTER\.gradle\native\fdc75f09e3144964f2cf3f50f0aa648679c211496f362492102eb8c894070792\windows-amd64\native-platform.dll
0x00007ffdbc1f0000 - 0x00007ffdbc386000 	C:\Users\COMPUTER\.gradle\native\12488b8bf47d2d4c9fbf2f6322a914ad602e24e48041cd04a747c6da556b65c4\windows-amd64\native-platform-file-events.dll
0x00007ffe046d0000 - 0x00007ffe046da000 	C:\Program Files\Android\Android Studio\jre\bin\management.dll
0x00007ffe04680000 - 0x00007ffe0468c000 	C:\Program Files\Android\Android Studio\jre\bin\management_ext.dll
0x00007ffe093d0000 - 0x00007ffe093e8000 	C:\WINDOWS\SYSTEM32\CRYPTSP.dll
0x00007ffe08ac0000 - 0x00007ffe08af4000 	C:\WINDOWS\system32\rsaenh.dll
0x00007ffe09b00000 - 0x00007ffe09b27000 	C:\WINDOWS\System32\bcrypt.dll
0x00007ffe098f0000 - 0x00007ffe0991e000 	C:\WINDOWS\SYSTEM32\USERENV.dll
0x00007ffe092f0000 - 0x00007ffe092fc000 	C:\WINDOWS\SYSTEM32\CRYPTBASE.dll
0x00007ffe08e30000 - 0x00007ffe08e6b000 	C:\WINDOWS\SYSTEM32\IPHLPAPI.DLL
0x00007ffe0b700000 - 0x00007ffe0b708000 	C:\WINDOWS\System32\NSI.dll
0x00007ffe02240000 - 0x00007ffe02257000 	C:\WINDOWS\SYSTEM32\dhcpcsvc6.DLL
0x00007ffe03290000 - 0x00007ffe032ad000 	C:\WINDOWS\SYSTEM32\dhcpcsvc.DLL
0x00007ffe08e70000 - 0x00007ffe08f3c000 	C:\WINDOWS\SYSTEM32\DNSAPI.dll
0x00007ffe036e0000 - 0x00007ffe036eb000 	C:\WINDOWS\SYSTEM32\WINNSI.DLL

dbghelp: loaded successfully - version: 4.0.5 - missing functions: none
symbol engine: initialized successfully - sym options: 0x614 - pdb path: .;C:\Program Files\Android\Android Studio\jre\bin;C:\WINDOWS\SYSTEM32;C:\WINDOWS\WinSxS\amd64_microsoft.windows.common-controls_6595b64144ccf1df_6.0.19041.844_none_ca00b6081b84eb1d;C:\Program Files\Android\Android Studio\jre\bin\server;C:\Users\COMPUTER\.gradle\native\fdc75f09e3144964f2cf3f50f0aa648679c211496f362492102eb8c894070792\windows-amd64;C:\Users\COMPUTER\.gradle\native\12488b8bf47d2d4c9fbf2f6322a914ad602e24e48041cd04a747c6da556b65c4\windows-amd64

VM Arguments:
jvm_args: --add-opens=java.base/java.util=ALL-UNNAMED --add-opens=java.base/java.lang=ALL-UNNAMED --add-opens=java.base/java.lang.invoke=ALL-UNNAMED --add-opens=java.prefs/java.util.prefs=ALL-UNNAMED -Xmx2048m -Dfile.encoding=windows-1252 -Duser.country=US -Duser.language=en -Duser.variant 
java_command: org.gradle.launcher.daemon.bootstrap.GradleDaemon 6.7.1
java_class_path (initial): C:\Users\COMPUTER\.gradle\wrapper\dists\gradle-6.7.1-all\2moa8rlfac5eqlcfgk98k0deb\gradle-6.7.1\lib\gradle-launcher-6.7.1.jar
Launcher Type: SUN_STANDARD

[Global flags]
     intx CICompilerCount                          = 4                                         {product} {ergonomic}
     uint ConcGCThreads                            = 2                                         {product} {ergonomic}
     uint G1ConcRefinementThreads                  = 8                                         {product} {ergonomic}
   size_t G1HeapRegionSize                         = 1048576                                   {product} {ergonomic}
    uintx GCDrainStackTargetSize                   = 64                                        {product} {ergonomic}
   size_t InitialHeapSize                          = 201326592                                 {product} {ergonomic}
   size_t MarkStackSize                            = 4194304                                   {product} {ergonomic}
   size_t MaxHeapSize                              = 2147483648                                {product} {command line}
   size_t MaxNewSize                               = 1287651328                                {product} {ergonomic}
   size_t MinHeapDeltaBytes                        = 1048576                                   {product} {ergonomic}
    uintx NonNMethodCodeHeapSize                   = 5836300                                {pd product} {ergonomic}
    uintx NonProfiledCodeHeapSize                  = 122910970                              {pd product} {ergonomic}
    uintx ProfiledCodeHeapSize                     = 122910970                              {pd product} {ergonomic}
    uintx ReservedCodeCacheSize                    = 251658240                              {pd product} {ergonomic}
     bool SegmentedCodeCache                       = true                                      {product} {ergonomic}
     bool UseCompressedClassPointers               = true                                 {lp64_product} {ergonomic}
     bool UseCompressedOops                        = true                                 {lp64_product} {ergonomic}
     bool UseG1GC                                  = true                                      {product} {ergonomic}
     bool UseLargePagesIndividualAllocation        = false                                  {pd product} {ergonomic}

Logging:
Log output configuration:
 #0: stdout all=warning uptime,level,tags
 #1: stderr all=off uptime,level,tags

Environment Variables:
JAVA_HOME=C:\Program Files\Java\jdk-15
CLASSPATH=C:\antlr\antlr-4.8-complete.jar
PATH=C:\Program Files\Common Files\Oracle\Java\javapath;C:\Program Files (x86)\Python38-32\Scripts\;C:\Program Files (x86)\Python38-32\;C:\Program Files (x86)\Intel\iCLS Client\;C:\Program Files\Intel\iCLS Client\;C:\Windows\system32;C:\Windows;C:\Windows\System32\Wbem;C:\Windows\System32\WindowsPowerShell\v1.0\;C:\Windows\System32\OpenSSH\;C:\Program Files (x86)\Intel\Intel(R) Management Engine Components\DAL;C:\Program Files\Intel\Intel(R) Management Engine Components\DAL;C:\Program Files (x86)\Intel\Intel(R) Management Engine Components\IPT;C:\Program Files\Intel\Intel(R) Management Engine Components\IPT;C:\Program Files (x86)\NVIDIA Corporation\PhysX\Common;C:\Program Files\NVIDIA Corporation\NVIDIA NvDLISR;C:\Program Files\Intel\WiFi\bin\;C:\Program Files\Common Files\Intel\WirelessCommon\;C:\WINDOWS\system32;C:\WINDOWS;C:\WINDOWS\System32\Wbem;C:\WINDOWS\System32\WindowsPowerShell\v1.0\;C:\WINDOWS\System32\OpenSSH\;C:\src\dart-sdk\bin;C:\Program Files\dotnet\;C:\Program Files\Java\jdk-15\bin;C:\Program Files\Git\cmd;C:\Program Files\nodejs\;C:\Program Files\Microsoft SQL Server\130\Tools\Binn\;C:\Program Files\Microsoft SQL Server\Client SDK\ODBC\170\Tools\Binn\;C:\Program Files\Microsoft SQL Server\120\Tools\Binn\;C:\Program Files\Microsoft SQL Server\Client SDK\ODBC\110\Tools\Binn\;C:\Program Files (x86)\Microsoft SQL Server\120\Tools\Binn\;C:\Program Files\Microsoft SQL Server\120\DTS\Binn\;C:\Program Files (x86)\Microsoft SQL Server\120\Tools\Binn\ManagementStudio\;C:\Program Files (x86)\Microsoft SQL Server\120\DTS\Binn\;C:\Program Files\PuTTY\;C:\Users\COMPUTER\AppData\Local\Programs\Python\Python36-32\Scripts\;C:\Users\COMPUTER\AppData\Local\Programs\Python\Python36-32\;C:\Users\COMPUTER\AppData\Local\Microsoft\WindowsApps;C:\Program Files\Intel\WiFi\bin\;C:\Program Files\Common Files\Intel\WirelessCommon\;C:\src\flutter\bin;C:\Program Files\dotnet\sdk\3.1.401;C:\antlr\antlr-4.8-complete.jar;C:\antlr;C:\Users\COMPUTER\AppData\Local\Programs\Microsoft VS Co
USERNAME=COMPUTER
OS=Windows_NT
PROCESSOR_IDENTIFIER=Intel64 Family 6 Model 142 Stepping 10, GenuineIntel



---------------  S Y S T E M  ---------------

OS: Windows 10 , 64 bit Build 19041 (10.0.19041.928)
OS uptime: 1 days 0:40 hours
HyperV virtualization detected

CPU:total 8 (initial active 8) (4 cores per cpu, 2 threads per core) family 6 model 142 stepping 10, cmov, cx8, fxsr, mmx, sse, sse2, sse3, ssse3, sse4.1, sse4.2, popcnt, avx, avx2, aes, clmul, erms, 3dnowpref, lzcnt, ht, tsc, tscinvbit, bmi1, bmi2, adx, fma

Memory: 4k page, system-wide physical 12170M (2041M free)
TotalPageFile size 14954M (AvailPageFile size 33M)
current process WorkingSet (physical memory assigned to process): 513M, peak: 513M
current process commit charge ("private bytes"): 555M, peak: 614M

vm_info: OpenJDK 64-Bit Server VM (11.0.8+10-b944.6842174) for windows-amd64 JRE (11.0.8+10-b944.6842174), built on Sep 19 2020 01:11:42 by "builder" with MS VC++ 14.0 (VS2015)

END.
