#
# There is insufficient memory for the Java Runtime Environment to continue.
# Native memory allocation (mmap) failed to map 40894464 bytes for Failed to commit area from 0x000000008c000000 to 0x000000008e700000 of length 40894464.
# Possible reasons:
#   The system is out of physical RAM or swap space
#   The process is running with CompressedOops enabled, and the Java Heap may be blocking the growth of the native heap
# Possible solutions:
#   Reduce memory load on the system
#   Increase physical memory or swap space
#   Check if swap backing store is full
#   Decrease Java heap size (-Xmx/-Xms)
#   Decrease number of Java threads
#   Decrease Java thread stack sizes (-Xss)
#   Set larger code cache with -XX:ReservedCodeCacheSize=
#   JVM is running with Unscaled Compressed Oops mode in which the Java heap is
#     placed in the first 4GB address space. The Java Heap base address is the
#     maximum limit for the native heap growth. Please use -XX:HeapBaseMinAddress
#     to set the Java Heap base and to place the Java Heap above 4GB virtual address.
# This output file may be truncated or incomplete.
#
#  Out of Memory Error (./src/hotspot/os/windows/os_windows.cpp:3303), pid=7484, tid=1612
#
# JRE version: OpenJDK Runtime Environment (11.0.8+10) (build 11.0.8+10-b944.6842174)
# Java VM: OpenJDK 64-Bit Server VM (11.0.8+10-b944.6842174, mixed mode, tiered, compressed oops, g1 gc, windows-amd64)
# No core dump will be written. Minidumps are not enabled by default on client versions of Windows
#

---------------  S U M M A R Y ------------

Command Line: --add-opens=java.base/java.util=ALL-UNNAMED --add-opens=java.base/java.lang=ALL-UNNAMED --add-opens=java.base/java.lang.invoke=ALL-UNNAMED --add-opens=java.prefs/java.util.prefs=ALL-UNNAMED -Xmx2048m -Dfile.encoding=windows-1252 -Duser.country=US -Duser.language=en -Duser.variant org.gradle.launcher.daemon.bootstrap.GradleDaemon 6.7.1

Host: Intel(R) Core(TM) i5-8250U CPU @ 1.60GHz, 8 cores, 11G,  Windows 10 , 64 bit Build 19041 (10.0.19041.928)
Time: Fri May 21 16:11:49 2021 SE Asia Standard Time elapsed time: 13 seconds (0d 0h 0m 13s)

---------------  T H R E A D  ---------------

Current thread (0x00000217d92ae000):  VMThread "VM Thread" [stack: 0x000000e913800000,0x000000e913900000] [id=1612]

Stack: [0x000000e913800000,0x000000e913900000]
[error occurred during error reporting (printing stack bounds), id 0xc0000005, EXCEPTION_ACCESS_VIOLATION (0xc0000005) at pc=0x00000217c2110dad]

Native frames: (J=compiled Java code, j=interpreted, Vv=VM code, C=native code)
V  [jvm.dll+0x5de50a]
V  [jvm.dll+0x7122f5]
V  [jvm.dll+0x71384d]
V  [jvm.dll+0x713e65]
V  [jvm.dll+0x713e1b]
V  [jvm.dll+0x5dd958]
V  [jvm.dll+0x5de0f8]
C  [ntdll.dll+0xa217f]
C  [ntdll.dll+0x51454]
C  [ntdll.dll+0xa0cae]
C  0x00000217c2110dad

VM_Operation (0x000000e9164fa280): G1CollectForAllocation, mode: safepoint, requested by thread 0x00000217df158800


---------------  P R O C E S S  ---------------

Threads class SMR info:
_java_thread_list=0x00000217ddc409d0, length=154, elements={
0x00000217bcfb1000, 0x00000217d9ab3800, 0x00000217d9abc000, 0x00000217d9b0c000,
0x00000217d9b0e000, 0x00000217d9b10800, 0x00000217d9b13800, 0x00000217d9b18000,
0x00000217d9c89800, 0x00000217d9cab800, 0x00000217dc88d000, 0x00000217dafaf800,
0x00000217d9da1800, 0x00000217dd418800, 0x00000217db115800, 0x00000217dd89d800,
0x00000217dd077800, 0x00000217dd08d800, 0x00000217db3b8800, 0x00000217dc5b1800,
0x00000217db49b000, 0x00000217dc2e0000, 0x00000217dc2e1000, 0x00000217dc2de800,
0x00000217dc2df800, 0x00000217df157000, 0x00000217df15a000, 0x00000217df15b000,
0x00000217df155000, 0x00000217df15b800, 0x00000217df156000, 0x00000217dd544000,
0x00000217df15e000, 0x00000217df158800, 0x00000217df15f000, 0x00000217df159000,
0x00000217df160800, 0x00000217df161800, 0x00000217df160000, 0x00000217df163000,
0x00000217df164000, 0x00000217df162000, 0x00000217dee29800, 0x00000217dee2a000,
0x00000217dee2b000, 0x00000217dee2c000, 0x00000217dee2c800, 0x00000217dee2d800,
0x00000217dee2e000, 0x00000217dee28800, 0x00000217dee2f000, 0x00000217dee31800,
0x00000217dee33000, 0x00000217dee35000, 0x00000217dee34000, 0x00000217dee30800,
0x00000217dee35800, 0x00000217dee32800, 0x00000217dee30000, 0x00000217dee36800,
0x00000217dee37000, 0x00000217dd02a800, 0x00000217dd029800, 0x00000217dd02b000,
0x00000217dd02c000, 0x00000217dd028800, 0x00000217dd02d800, 0x00000217dd02c800,
0x00000217dd028000, 0x00000217dd034000, 0x00000217dd033000, 0x00000217dd030000,
0x00000217dd02e800, 0x00000217dd032800, 0x00000217dd031000, 0x00000217dd035000,
0x00000217dd02f000, 0x00000217dd035800, 0x00000217dd031800, 0x00000217dd036800,
0x00000217dc636800, 0x00000217dc635800, 0x00000217dc638000, 0x00000217dc634000,
0x00000217dc639000, 0x00000217dc635000, 0x00000217dc633000, 0x00000217dc639800,
0x00000217dc63a800, 0x00000217dc63b800, 0x00000217dc63c000, 0x00000217dc63d000,
0x00000217dc637000, 0x00000217dc63f800, 0x00000217dc63e000, 0x00000217dc640000,
0x00000217dc641000, 0x00000217dc642000, 0x00000217dc63e800, 0x00000217dbfab800,
0x00000217dbfa9000, 0x00000217dbfaa000, 0x00000217dbfab000, 0x00000217dbfac800,
0x00000217dbfa6800, 0x00000217dbfad800, 0x00000217dbfa7800, 0x00000217dbfae000,
0x00000217dbfa8800, 0x00000217dbfaf000, 0x00000217dbfaf800, 0x00000217dbfb2000,
0x00000217dbfb0800, 0x00000217dbfb1800, 0x00000217dbfb4000, 0x00000217dbfb4800,
0x00000217dbfb5800, 0x00000217dbfb3000, 0x00000217df5a0800, 0x00000217df59f800,
0x00000217df5a1000, 0x00000217df59b800, 0x00000217df5a2000, 0x00000217df59e000,
0x00000217df59c000, 0x00000217df5a2800, 0x00000217df59d000, 0x00000217df5a4800,
0x00000217df5a3800, 0x00000217df59e800, 0x00000217df5a6000, 0x00000217df5a7800,
0x00000217df5a9800, 0x00000217df5a5000, 0x00000217df5aa000, 0x00000217df5a7000,
0x00000217df5a8800, 0x00000217deff1000, 0x00000217deff2000, 0x00000217defef800,
0x00000217deff3800, 0x00000217deff5000, 0x00000217deff6000, 0x00000217deff0000,
0x00000217deff6800, 0x00000217deff7800, 0x00000217deff8800, 0x00000217deff2800,
0x00000217deffe000, 0x00000217deffb800, 0x00000217deff9000, 0x00000217deffb000,
0x00000217deffa000, 0x00000217deffc800
}

Java Threads: ( => current thread )
  0x00000217bcfb1000 JavaThread "main" [_thread_blocked, id=6832, stack(0x000000e913200000,0x000000e913300000)]
  0x00000217d9ab3800 JavaThread "Reference Handler" daemon [_thread_blocked, id=6508, stack(0x000000e913900000,0x000000e913a00000)]
  0x00000217d9abc000 JavaThread "Finalizer" daemon [_thread_blocked, id=12164, stack(0x000000e913a00000,0x000000e913b00000)]
  0x00000217d9b0c000 JavaThread "Signal Dispatcher" daemon [_thread_blocked, id=11248, stack(0x000000e913b00000,0x000000e913c00000)]
  0x00000217d9b0e000 JavaThread "Attach Listener" daemon [_thread_blocked, id=4952, stack(0x000000e913c00000,0x000000e913d00000)]
  0x00000217d9b10800 JavaThread "C2 CompilerThread0" daemon [_thread_blocked, id=10564, stack(0x000000e913d00000,0x000000e913e00000)]
  0x00000217d9b13800 JavaThread "C1 CompilerThread0" daemon [_thread_blocked, id=11032, stack(0x000000e913e00000,0x000000e913f00000)]
  0x00000217d9b18000 JavaThread "Sweeper thread" daemon [_thread_blocked, id=1532, stack(0x000000e913f00000,0x000000e914000000)]
  0x00000217d9c89800 JavaThread "Common-Cleaner" daemon [_thread_blocked, id=10336, stack(0x000000e914000000,0x000000e914100000)]
  0x00000217d9cab800 JavaThread "Service Thread" daemon [_thread_blocked, id=3856, stack(0x000000e914100000,0x000000e914200000)]
  0x00000217dc88d000 JavaThread "Daemon health stats" [_thread_blocked, id=10640, stack(0x000000e914800000,0x000000e914900000)]
  0x00000217dafaf800 JavaThread "Incoming local TCP Connector on port 50372" [_thread_in_native, id=10220, stack(0x000000e914900000,0x000000e914a00000)]
  0x00000217d9da1800 JavaThread "C2 CompilerThread1" daemon [_thread_in_native, id=3080, stack(0x000000e914a00000,0x000000e914b00000)]
  0x00000217dd418800 JavaThread "Daemon periodic checks" [_thread_blocked, id=8136, stack(0x000000e914b00000,0x000000e914c00000)]
  0x00000217db115800 JavaThread "Daemon" [_thread_blocked, id=12480, stack(0x000000e914c00000,0x000000e914d00000)]
  0x00000217dd89d800 JavaThread "Handler for socket connection from /127.0.0.1:50372 to /127.0.0.1:50373" [_thread_in_native, id=9888, stack(0x000000e914d00000,0x000000e914e00000)]
  0x00000217dd077800 JavaThread "Cancel handler" [_thread_blocked, id=2816, stack(0x000000e914e00000,0x000000e914f00000)]
  0x00000217dd08d800 JavaThread "Daemon worker" [_thread_blocked, id=6984, stack(0x000000e914f00000,0x000000e915000000)]
  0x00000217db3b8800 JavaThread "Asynchronous log dispatcher for DefaultDaemonConnection: socket connection from /127.0.0.1:50372 to /127.0.0.1:50373" [_thread_blocked, id=13592, stack(0x000000e915000000,0x000000e915100000)]
  0x00000217dc5b1800 JavaThread "Stdin handler" [_thread_blocked, id=3368, stack(0x000000e915100000,0x000000e915200000)]
  0x00000217db49b000 JavaThread "Thread-8" [_thread_blocked, id=13952, stack(0x000000e915200000,0x000000e915300000)]
  0x00000217dc2e0000 JavaThread "Cache worker for file hash cache (C:\Users\COMPUTER\.gradle\caches\6.7.1\fileHashes)" [_thread_blocked, id=6112, stack(0x000000e915300000,0x000000e915400000)]
  0x00000217dc2e1000 JavaThread "File lock request listener" [_thread_in_native, id=10924, stack(0x000000e915400000,0x000000e915500000)]
  0x00000217dc2de800 JavaThread "Cache worker for journal cache (C:\Users\COMPUTER\.gradle\caches\journal-1)" [_thread_blocked, id=3356, stack(0x000000e915a00000,0x000000e915b00000)]
  0x00000217dc2df800 JavaThread "Cache worker for file hash cache (C:\Users\COMPUTER\Desktop\LEARN\newver\.gradle\6.7.1\fileHashes)" [_thread_blocked, id=11472, stack(0x000000e915b00000,0x000000e915c00000)]
  0x00000217df157000 JavaThread "Cache worker for checksums cache (C:\Users\COMPUTER\Desktop\LEARN\newver\.gradle\checksums)" [_thread_blocked, id=8640, stack(0x000000e915c00000,0x000000e915d00000)]
  0x00000217df15a000 JavaThread "Cache worker for cache directory md-supplier (C:\Users\COMPUTER\.gradle\caches\6.7.1\md-supplier)" [_thread_blocked, id=11464, stack(0x000000e915d00000,0x000000e915e00000)]
  0x00000217df15b000 JavaThread "Cache worker for cache directory md-rule (C:\Users\COMPUTER\.gradle\caches\6.7.1\md-rule)" [_thread_blocked, id=5096, stack(0x000000e915e00000,0x000000e915f00000)]
  0x00000217df155000 JavaThread "Cache worker for execution history cache (C:\Users\COMPUTER\.gradle\caches\6.7.1\executionHistory)" [_thread_blocked, id=13652, stack(0x000000e916000000,0x000000e916100000)]
  0x00000217df15b800 JavaThread "jar transforms" [_thread_blocked, id=11532, stack(0x000000e915f00000,0x000000e916000000)]
  0x00000217df156000 JavaThread "Cache worker for file content cache (C:\Users\COMPUTER\.gradle\caches\6.7.1\fileContent)" [_thread_blocked, id=14320, stack(0x000000e916100000,0x000000e916200000)]
  0x00000217dd544000 JavaThread "C2 CompilerThread2" daemon [_thread_blocked, id=14212, stack(0x000000e916200000,0x000000e916300000)]
  0x00000217df15e000 JavaThread "Cache worker for Build Output Cleanup Cache (C:\Users\COMPUTER\Desktop\LEARN\newver\.gradle\buildOutputCleanup)" [_thread_blocked, id=9280, stack(0x000000e916300000,0x000000e916400000)]
  0x00000217df158800 JavaThread "Build operations" [_thread_blocked, id=11280, stack(0x000000e916400000,0x000000e916500000)]
  0x00000217df15f000 JavaThread "Build operations Thread 2" [_thread_blocked, id=8020, stack(0x000000e916500000,0x000000e916600000)]
  0x00000217df159000 JavaThread "Build operations Thread 3" [_thread_blocked, id=9516, stack(0x000000e916600000,0x000000e916700000)]
  0x00000217df160800 JavaThread "Build operations Thread 4" [_thread_blocked, id=11900, stack(0x000000e916700000,0x000000e916800000)]
  0x00000217df161800 JavaThread "Build operations Thread 5" [_thread_blocked, id=9196, stack(0x000000e916800000,0x000000e916900000)]
  0x00000217df160000 JavaThread "Build operations Thread 6" [_thread_blocked, id=10672, stack(0x000000e916900000,0x000000e916a00000)]
  0x00000217df163000 JavaThread "Build operations Thread 7" [_thread_blocked, id=13084, stack(0x000000e916a00000,0x000000e916b00000)]
  0x00000217df164000 JavaThread "Build operations Thread 8" [_thread_blocked, id=3532, stack(0x000000e916b00000,0x000000e916c00000)]
  0x00000217df162000 JavaThread "jar transforms Thread 2" [_thread_blocked, id=11128, stack(0x000000e916c00000,0x000000e916d00000)]
  0x00000217dee29800 JavaThread "jar transforms Thread 3" [_thread_blocked, id=9664, stack(0x000000e916d00000,0x000000e916e00000)]
  0x00000217dee2a000 JavaThread "jar transforms Thread 4" [_thread_blocked, id=9588, stack(0x000000e916e00000,0x000000e916f00000)]
  0x00000217dee2b000 JavaThread "jar transforms Thread 5" [_thread_blocked, id=5132, stack(0x000000e916f00000,0x000000e917000000)]
  0x00000217dee2c000 JavaThread "jar transforms Thread 6" [_thread_blocked, id=9132, stack(0x000000e917000000,0x000000e917100000)]
  0x00000217dee2c800 JavaThread "jar transforms Thread 7" [_thread_blocked, id=11656, stack(0x000000e917100000,0x000000e917200000)]
  0x00000217dee2d800 JavaThread "jar transforms Thread 8" [_thread_blocked, id=1136, stack(0x000000e917200000,0x000000e917300000)]
  0x00000217dee2e000 JavaThread "jar transforms Thread 9" [_thread_blocked, id=2408, stack(0x000000e917300000,0x000000e917400000)]
  0x00000217dee28800 JavaThread "jar transforms Thread 10" [_thread_blocked, id=4572, stack(0x000000e917400000,0x000000e917500000)]
  0x00000217dee2f000 JavaThread "jar transforms Thread 11" [_thread_blocked, id=8024, stack(0x000000e917500000,0x000000e917600000)]
  0x00000217dee31800 JavaThread "jar transforms Thread 12" [_thread_blocked, id=10200, stack(0x000000e917600000,0x000000e917700000)]
  0x00000217dee33000 JavaThread "jar transforms Thread 13" [_thread_blocked, id=6380, stack(0x000000e917700000,0x000000e917800000)]
  0x00000217dee35000 JavaThread "jar transforms Thread 14" [_thread_blocked, id=14328, stack(0x000000e917800000,0x000000e917900000)]
  0x00000217dee34000 JavaThread "jar transforms Thread 15" [_thread_blocked, id=12160, stack(0x000000e917900000,0x000000e917a00000)]
  0x00000217dee30800 JavaThread "jar transforms Thread 16" [_thread_blocked, id=8388, stack(0x000000e917a00000,0x000000e917b00000)]
  0x00000217dee35800 JavaThread "jar transforms Thread 17" [_thread_blocked, id=6232, stack(0x000000e917b00000,0x000000e917c00000)]
  0x00000217dee32800 JavaThread "jar transforms Thread 18" [_thread_blocked, id=11060, stack(0x000000e917c00000,0x000000e917d00000)]
  0x00000217dee30000 JavaThread "jar transforms Thread 19" [_thread_blocked, id=12544, stack(0x000000e917d00000,0x000000e917e00000)]
  0x00000217dee36800 JavaThread "jar transforms Thread 20" [_thread_blocked, id=13492, stack(0x000000e917e00000,0x000000e917f00000)]
  0x00000217dee37000 JavaThread "jar transforms Thread 21" [_thread_blocked, id=9116, stack(0x000000e917f00000,0x000000e918000000)]
  0x00000217dd02a800 JavaThread "jar transforms Thread 22" [_thread_blocked, id=11744, stack(0x000000e918000000,0x000000e918100000)]
  0x00000217dd029800 JavaThread "jar transforms Thread 23" [_thread_blocked, id=9580, stack(0x000000e918100000,0x000000e918200000)]
  0x00000217dd02b000 JavaThread "jar transforms Thread 24" [_thread_blocked, id=8524, stack(0x000000e918200000,0x000000e918300000)]
  0x00000217dd02c000 JavaThread "jar transforms Thread 25" [_thread_blocked, id=10668, stack(0x000000e918300000,0x000000e918400000)]
  0x00000217dd028800 JavaThread "jar transforms Thread 26" [_thread_blocked, id=2944, stack(0x000000e918400000,0x000000e918500000)]
  0x00000217dd02d800 JavaThread "jar transforms Thread 27" [_thread_blocked, id=9096, stack(0x000000e918500000,0x000000e918600000)]
  0x00000217dd02c800 JavaThread "jar transforms Thread 28" [_thread_blocked, id=14044, stack(0x000000e918600000,0x000000e918700000)]
  0x00000217dd028000 JavaThread "jar transforms Thread 29" [_thread_blocked, id=7860, stack(0x000000e918700000,0x000000e918800000)]
  0x00000217dd034000 JavaThread "jar transforms Thread 30" [_thread_blocked, id=940, stack(0x000000e918800000,0x000000e918900000)]
  0x00000217dd033000 JavaThread "jar transforms Thread 31" [_thread_blocked, id=11192, stack(0x000000e918900000,0x000000e918a00000)]
  0x00000217dd030000 JavaThread "jar transforms Thread 32" [_thread_blocked, id=11628, stack(0x000000e918a00000,0x000000e918b00000)]
  0x00000217dd02e800 JavaThread "jar transforms Thread 33" [_thread_blocked, id=12512, stack(0x000000e918b00000,0x000000e918c00000)]
  0x00000217dd032800 JavaThread "jar transforms Thread 34" [_thread_blocked, id=4036, stack(0x000000e918c00000,0x000000e918d00000)]
  0x00000217dd031000 JavaThread "jar transforms Thread 35" [_thread_blocked, id=2952, stack(0x000000e918d00000,0x000000e918e00000)]
  0x00000217dd035000 JavaThread "jar transforms Thread 36" [_thread_blocked, id=10920, stack(0x000000e918e00000,0x000000e918f00000)]
  0x00000217dd02f000 JavaThread "jar transforms Thread 37" [_thread_blocked, id=12736, stack(0x000000e918f00000,0x000000e919000000)]
  0x00000217dd035800 JavaThread "jar transforms Thread 38" [_thread_blocked, id=6468, stack(0x000000e919000000,0x000000e919100000)]
  0x00000217dd031800 JavaThread "jar transforms Thread 39" [_thread_blocked, id=9992, stack(0x000000e919100000,0x000000e919200000)]
  0x00000217dd036800 JavaThread "jar transforms Thread 40" [_thread_blocked, id=2828, stack(0x000000e919200000,0x000000e919300000)]
  0x00000217dc636800 JavaThread "jar transforms Thread 41" [_thread_blocked, id=10376, stack(0x000000e919300000,0x000000e919400000)]
  0x00000217dc635800 JavaThread "jar transforms Thread 42" [_thread_blocked, id=12560, stack(0x000000e919400000,0x000000e919500000)]
  0x00000217dc638000 JavaThread "jar transforms Thread 43" [_thread_blocked, id=13416, stack(0x000000e919500000,0x000000e919600000)]
  0x00000217dc634000 JavaThread "jar transforms Thread 44" [_thread_blocked, id=11572, stack(0x000000e919600000,0x000000e919700000)]
  0x00000217dc639000 JavaThread "jar transforms Thread 45" [_thread_blocked, id=3336, stack(0x000000e919700000,0x000000e919800000)]
  0x00000217dc635000 JavaThread "jar transforms Thread 46" [_thread_blocked, id=11504, stack(0x000000e919800000,0x000000e919900000)]
  0x00000217dc633000 JavaThread "jar transforms Thread 47" [_thread_blocked, id=3424, stack(0x000000e919900000,0x000000e919a00000)]
  0x00000217dc639800 JavaThread "jar transforms Thread 48" [_thread_blocked, id=12188, stack(0x000000e919a00000,0x000000e919b00000)]
  0x00000217dc63a800 JavaThread "jar transforms Thread 49" [_thread_blocked, id=13256, stack(0x000000e919b00000,0x000000e919c00000)]
  0x00000217dc63b800 JavaThread "jar transforms Thread 50" [_thread_blocked, id=12572, stack(0x000000e919c00000,0x000000e919d00000)]
  0x00000217dc63c000 JavaThread "jar transforms Thread 51" [_thread_blocked, id=6460, stack(0x000000e919d00000,0x000000e919e00000)]
  0x00000217dc63d000 JavaThread "jar transforms Thread 52" [_thread_blocked, id=6184, stack(0x000000e919e00000,0x000000e919f00000)]
  0x00000217dc637000 JavaThread "jar transforms Thread 53" [_thread_blocked, id=10020, stack(0x000000e919f00000,0x000000e91a000000)]
  0x00000217dc63f800 JavaThread "jar transforms Thread 54" [_thread_blocked, id=3884, stack(0x000000e91a000000,0x000000e91a100000)]
  0x00000217dc63e000 JavaThread "jar transforms Thread 55" [_thread_blocked, id=8668, stack(0x000000e91a100000,0x000000e91a200000)]
  0x00000217dc640000 JavaThread "jar transforms Thread 56" [_thread_blocked, id=3696, stack(0x000000e91a200000,0x000000e91a300000)]
  0x00000217dc641000 JavaThread "jar transforms Thread 57" [_thread_blocked, id=9880, stack(0x000000e91a300000,0x000000e91a400000)]
  0x00000217dc642000 JavaThread "jar transforms Thread 58" [_thread_blocked, id=2588, stack(0x000000e91a400000,0x000000e91a500000)]
  0x00000217dc63e800 JavaThread "jar transforms Thread 59" [_thread_blocked, id=12120, stack(0x000000e91a500000,0x000000e91a600000)]
  0x00000217dbfab800 JavaThread "jar transforms Thread 60" [_thread_blocked, id=10704, stack(0x000000e91a600000,0x000000e91a700000)]
  0x00000217dbfa9000 JavaThread "jar transforms Thread 61" [_thread_blocked, id=1864, stack(0x000000e91a700000,0x000000e91a800000)]
  0x00000217dbfaa000 JavaThread "jar transforms Thread 62" [_thread_blocked, id=7428, stack(0x000000e91a800000,0x000000e91a900000)]
  0x00000217dbfab000 JavaThread "jar transforms Thread 63" [_thread_blocked, id=9036, stack(0x000000e91a900000,0x000000e91aa00000)]
  0x00000217dbfac800 JavaThread "jar transforms Thread 64" [_thread_blocked, id=472, stack(0x000000e91aa00000,0x000000e91ab00000)]
  0x00000217dbfa6800 JavaThread "jar transforms Thread 65" [_thread_blocked, id=11484, stack(0x000000e91ab00000,0x000000e91ac00000)]
  0x00000217dbfad800 JavaThread "jar transforms Thread 66" [_thread_blocked, id=10196, stack(0x000000e91ac00000,0x000000e91ad00000)]
  0x00000217dbfa7800 JavaThread "jar transforms Thread 67" [_thread_blocked, id=9304, stack(0x000000e91ad00000,0x000000e91ae00000)]
  0x00000217dbfae000 JavaThread "jar transforms Thread 68" [_thread_blocked, id=9320, stack(0x000000e91ae00000,0x000000e91af00000)]
  0x00000217dbfa8800 JavaThread "jar transforms Thread 69" [_thread_blocked, id=5156, stack(0x000000e91af00000,0x000000e91b000000)]
  0x00000217dbfaf000 JavaThread "jar transforms Thread 70" [_thread_blocked, id=6492, stack(0x000000e91b000000,0x000000e91b100000)]
  0x00000217dbfaf800 JavaThread "jar transforms Thread 71" [_thread_blocked, id=5024, stack(0x000000e91b100000,0x000000e91b200000)]
  0x00000217dbfb2000 JavaThread "jar transforms Thread 72" [_thread_blocked, id=9876, stack(0x000000e91b200000,0x000000e91b300000)]
  0x00000217dbfb0800 JavaThread "jar transforms Thread 73" [_thread_blocked, id=14016, stack(0x000000e91b300000,0x000000e91b400000)]
  0x00000217dbfb1800 JavaThread "jar transforms Thread 74" [_thread_blocked, id=9984, stack(0x000000e91b400000,0x000000e91b500000)]
  0x00000217dbfb4000 JavaThread "jar transforms Thread 75" [_thread_blocked, id=3416, stack(0x000000e91b500000,0x000000e91b600000)]
  0x00000217dbfb4800 JavaThread "jar transforms Thread 76" [_thread_blocked, id=10084, stack(0x000000e91b600000,0x000000e91b700000)]
  0x00000217dbfb5800 JavaThread "jar transforms Thread 77" [_thread_blocked, id=12556, stack(0x000000e91b700000,0x000000e91b800000)]
  0x00000217dbfb3000 JavaThread "jar transforms Thread 78" [_thread_blocked, id=10172, stack(0x000000e91b800000,0x000000e91b900000)]
  0x00000217df5a0800 JavaThread "jar transforms Thread 79" [_thread_blocked, id=11780, stack(0x000000e91b900000,0x000000e91ba00000)]
  0x00000217df59f800 JavaThread "jar transforms Thread 80" [_thread_blocked, id=10692, stack(0x000000e91ba00000,0x000000e91bb00000)]
  0x00000217df5a1000 JavaThread "jar transforms Thread 81" [_thread_blocked, id=7464, stack(0x000000e91bb00000,0x000000e91bc00000)]
  0x00000217df59b800 JavaThread "jar transforms Thread 82" [_thread_blocked, id=7712, stack(0x000000e91bc00000,0x000000e91bd00000)]
  0x00000217df5a2000 JavaThread "jar transforms Thread 83" [_thread_blocked, id=13736, stack(0x000000e91bd00000,0x000000e91be00000)]
  0x00000217df59e000 JavaThread "jar transforms Thread 84" [_thread_blocked, id=13436, stack(0x000000e91be00000,0x000000e91bf00000)]
  0x00000217df59c000 JavaThread "jar transforms Thread 85" [_thread_blocked, id=10904, stack(0x000000e91bf00000,0x000000e91c000000)]
  0x00000217df5a2800 JavaThread "jar transforms Thread 86" [_thread_blocked, id=12248, stack(0x000000e91c000000,0x000000e91c100000)]
  0x00000217df59d000 JavaThread "jar transforms Thread 87" [_thread_blocked, id=636, stack(0x000000e91c100000,0x000000e91c200000)]
  0x00000217df5a4800 JavaThread "jar transforms Thread 88" [_thread_blocked, id=13068, stack(0x000000e91c200000,0x000000e91c300000)]
  0x00000217df5a3800 JavaThread "jar transforms Thread 89" [_thread_blocked, id=1832, stack(0x000000e91c300000,0x000000e91c400000)]
  0x00000217df59e800 JavaThread "jar transforms Thread 90" [_thread_blocked, id=11408, stack(0x000000e91c400000,0x000000e91c500000)]
  0x00000217df5a6000 JavaThread "jar transforms Thread 91" [_thread_blocked, id=1472, stack(0x000000e91c500000,0x000000e91c600000)]
  0x00000217df5a7800 JavaThread "jar transforms Thread 92" [_thread_blocked, id=5808, stack(0x000000e91c600000,0x000000e91c700000)]
  0x00000217df5a9800 JavaThread "jar transforms Thread 93" [_thread_blocked, id=280, stack(0x000000e91c700000,0x000000e91c800000)]
  0x00000217df5a5000 JavaThread "jar transforms Thread 94" [_thread_blocked, id=8088, stack(0x000000e91c800000,0x000000e91c900000)]
  0x00000217df5aa000 JavaThread "jar transforms Thread 95" [_thread_blocked, id=2956, stack(0x000000e91c900000,0x000000e91ca00000)]
  0x00000217df5a7000 JavaThread "jar transforms Thread 96" [_thread_blocked, id=7584, stack(0x000000e91ca00000,0x000000e91cb00000)]
  0x00000217df5a8800 JavaThread "jar transforms Thread 97" [_thread_blocked, id=3648, stack(0x000000e91cb00000,0x000000e91cc00000)]
  0x00000217deff1000 JavaThread "jar transforms Thread 98" [_thread_blocked, id=6456, stack(0x000000e91cc00000,0x000000e91cd00000)]
  0x00000217deff2000 JavaThread "jar transforms Thread 99" [_thread_blocked, id=4208, stack(0x000000e91cd00000,0x000000e91ce00000)]
  0x00000217defef800 JavaThread "Memory manager" [_thread_blocked, id=9168, stack(0x000000e91ce00000,0x000000e91cf00000)]
  0x00000217deff3800 JavaThread "build event listener" [_thread_blocked, id=14256, stack(0x000000e91cf00000,0x000000e91d000000)]
  0x00000217deff5000 JavaThread "build event listener" [_thread_blocked, id=7920, stack(0x000000e91d000000,0x000000e91d100000)]
  0x00000217deff6000 JavaThread "Execution worker for ':'" [_thread_blocked, id=11672, stack(0x000000e91d100000,0x000000e91d200000)]
  0x00000217deff0000 JavaThread "Execution worker for ':' Thread 2" [_thread_blocked, id=10360, stack(0x000000e91d200000,0x000000e91d300000)]
  0x00000217deff6800 JavaThread "Execution worker for ':' Thread 3" [_thread_blocked, id=2892, stack(0x000000e91d300000,0x000000e91d400000)]
  0x00000217deff7800 JavaThread "Execution worker for ':' Thread 4" [_thread_blocked, id=14000, stack(0x000000e91d400000,0x000000e91d500000)]
  0x00000217deff8800 JavaThread "Execution worker for ':' Thread 5" [_thread_blocked, id=13648, stack(0x000000e91d500000,0x000000e91d600000)]
  0x00000217deff2800 JavaThread "Execution worker for ':' Thread 6" [_thread_blocked, id=3824, stack(0x000000e91d600000,0x000000e91d700000)]
  0x00000217deffe000 JavaThread "Execution worker for ':' Thread 7" [_thread_blocked, id=3248, stack(0x000000e91d700000,0x000000e91d800000)]
  0x00000217deffb800 JavaThread "Cache worker for execution history cache (C:\Users\COMPUTER\Desktop\LEARN\newver\.gradle\6.7.1\executionHistory)" [_thread_blocked, id=2444, stack(0x000000e91d800000,0x000000e91d900000)]
  0x00000217deff9000 JavaThread "WorkerExecutor Queue" [_thread_blocked, id=8228, stack(0x000000e91d900000,0x000000e91da00000)]
  0x00000217deffb000 JavaThread "pool-4-thread-1" [_thread_blocked, id=5416, stack(0x000000e91da00000,0x000000e91db00000)]
  0x00000217deffa000 JavaThread "stderr" [_thread_in_native, id=12328, stack(0x000000e91db00000,0x000000e91dc00000)]
  0x00000217deffc800 JavaThread "stdout" [_thread_in_native, id=13328, stack(0x000000e91dc00000,0x000000e91dd00000)]

Other Threads:
=>0x00000217d92ae000 VMThread "VM Thread" [stack: 0x000000e913800000,0x000000e913900000] [id=1612]
  0x00000217d9cac800 WatcherThread [stack: 0x000000e914200000,0x000000e914300000] [id=8456]
  0x00000217bcfc7800 GCTaskThread "GC Thread#0" [stack: 0x000000e913300000,0x000000e913400000] [id=3780]
  0x00000217dacde000 GCTaskThread "GC Thread#1" [stack: 0x000000e914400000,0x000000e914500000] [id=10972]
  0x00000217daacb000 GCTaskThread "GC Thread#2" [stack: 0x000000e914500000,0x000000e914600000] [id=9800]
  0x00000217da629000 GCTaskThread "GC Thread#3" [stack: 0x000000e914600000,0x000000e914700000] [id=8692]
  0x00000217dd1d0000 GCTaskThread "GC Thread#4" [stack: 0x000000e915500000,0x000000e915600000] [id=5780]
  0x00000217db606800 GCTaskThread "GC Thread#5" [stack: 0x000000e915600000,0x000000e915700000] [id=11412]
  0x00000217dbfa6000 GCTaskThread "GC Thread#6" [stack: 0x000000e915700000,0x000000e915800000] [id=1312]
  0x00000217dc276000 GCTaskThread "GC Thread#7" [stack: 0x000000e915800000,0x000000e915900000] [id=12548]
  0x00000217bcffb000 ConcurrentGCThread "G1 Main Marker" [stack: 0x000000e913400000,0x000000e913500000] [id=10656]
  0x00000217bcffc800 ConcurrentGCThread "G1 Conc#0" [stack: 0x000000e913500000,0x000000e913600000] [id=1492]
  0x00000217db055800 ConcurrentGCThread "G1 Conc#1" [stack: 0x000000e915900000,0x000000e915a00000] [id=13800]
  0x00000217d90f6800 ConcurrentGCThread "G1 Refine#0" [stack: 0x000000e913600000,0x000000e913700000] [id=14232]
  0x00000217d90f7000 ConcurrentGCThread "G1 Young RemSet Sampling" [stack: 0x000000e913700000,0x000000e913800000] [id=3500]

Threads with active compile tasks:
C2 CompilerThread0  13989 9818       4       com.android.tools.r8.graph.Z0::c (177 bytes)
C1 CompilerThread0  13990 9827       3       com.android.tools.r8.graph.a1$b::a (697 bytes)
C2 CompilerThread1  13990 9757       4       com.android.tools.r8.C.a.a.D::a (98 bytes)
C2 CompilerThread2  13990 9806       4       java.util.IdentityHashMap::put (137 bytes)

VM state:at safepoint (normal execution)

VM Mutex/Monitor currently owned by a thread:  ([mutex/lock_event])
[0x00000217bcfa0c30] Threads_lock - owner thread: 0x00000217d92ae000
[0x00000217bcfae550] Heap_lock - owner thread: 0x00000217df158800

Heap address: 0x0000000080000000, size: 2048 MB, Compressed Oops mode: 32-bit
Narrow klass base: 0x0000000000000000, Narrow klass shift: 3
Compressed class space size: 1073741824 Address: 0x0000000100000000

Heap:
 garbage-first heap   total 236544K, used 84098K [0x0000000080000000, 0x0000000100000000)
  region size 1024K, 12 young (12288K), 12 survivors (12288K)
 Metaspace       used 86813K, capacity 89120K, committed 89292K, reserved 1126400K
  class space    used 11368K, capacity 12230K, committed 12236K, reserved 1048576K
Heap Regions: E=young(eden), S=young(survivor), O=old, HS=humongous(starts), HC=humongous(continues), CS=collection set, F=free, A=archive, TAMS=top-at-mark-start (previous, next)
|   0|0x0000000080000000, 0x0000000080100000, 0x0000000080100000|100%| O|  |TAMS 0x0000000080100000, 0x0000000080000000| Untracked 
|   1|0x0000000080100000, 0x0000000080200000, 0x0000000080200000|100%| O|  |TAMS 0x0000000080200000, 0x0000000080100000| Untracked 
|   2|0x0000000080200000, 0x0000000080300000, 0x0000000080300000|100%| O|  |TAMS 0x0000000080300000, 0x0000000080200000| Untracked 
|   3|0x0000000080300000, 0x0000000080400000, 0x0000000080400000|100%|HS|  |TAMS 0x0000000080400000, 0x0000000080300000| Complete 
|   4|0x0000000080400000, 0x0000000080500000, 0x0000000080500000|100%|HC|  |TAMS 0x0000000080500000, 0x0000000080400000| Complete 
|   5|0x0000000080500000, 0x0000000080600000, 0x0000000080600000|100%|HC|  |TAMS 0x0000000080600000, 0x0000000080500000| Complete 
|   6|0x0000000080600000, 0x0000000080700000, 0x0000000080700000|100%| O|  |TAMS 0x0000000080700000, 0x0000000080600000| Untracked 
|   7|0x0000000080700000, 0x0000000080800000, 0x0000000080800000|100%| O|  |TAMS 0x0000000080800000, 0x0000000080700000| Untracked 
|   8|0x0000000080800000, 0x0000000080900000, 0x0000000080900000|100%| O|  |TAMS 0x0000000080900000, 0x0000000080800000| Untracked 
|   9|0x0000000080900000, 0x0000000080a00000, 0x0000000080a00000|100%| O|  |TAMS 0x0000000080a00000, 0x0000000080900000| Untracked 
|  10|0x0000000080a00000, 0x0000000080b00000, 0x0000000080b00000|100%| O|  |TAMS 0x0000000080b00000, 0x0000000080a00000| Untracked 
|  11|0x0000000080b00000, 0x0000000080c00000, 0x0000000080c00000|100%| O|  |TAMS 0x0000000080c00000, 0x0000000080b00000| Untracked 
|  12|0x0000000080c00000, 0x0000000080d00000, 0x0000000080d00000|100%| O|  |TAMS 0x0000000080d00000, 0x0000000080c00000| Untracked 
|  13|0x0000000080d00000, 0x0000000080e00000, 0x0000000080e00000|100%| O|  |TAMS 0x0000000080e00000, 0x0000000080d00000| Untracked 
|  14|0x0000000080e00000, 0x0000000080f00000, 0x0000000080f00000|100%| O|  |TAMS 0x0000000080f00000, 0x0000000080e00000| Untracked 
|  15|0x0000000080f00000, 0x0000000081000000, 0x0000000081000000|100%| O|  |TAMS 0x0000000081000000, 0x0000000080f00000| Untracked 
|  16|0x0000000081000000, 0x0000000081100000, 0x0000000081100000|100%|HS|  |TAMS 0x0000000081100000, 0x0000000081000000| Complete 
|  17|0x0000000081100000, 0x0000000081200000, 0x0000000081200000|100%|HS|  |TAMS 0x0000000081200000, 0x0000000081100000| Complete 
|  18|0x0000000081200000, 0x0000000081300000, 0x0000000081300000|100%|HC|  |TAMS 0x0000000081300000, 0x0000000081200000| Complete 
|  19|0x0000000081300000, 0x0000000081400000, 0x0000000081400000|100%| O|  |TAMS 0x0000000081400000, 0x0000000081300000| Untracked 
|  20|0x0000000081400000, 0x0000000081500000, 0x0000000081500000|100%| O|  |TAMS 0x0000000081500000, 0x0000000081400000| Untracked 
|  21|0x0000000081500000, 0x0000000081600000, 0x0000000081600000|100%| O|  |TAMS 0x0000000081600000, 0x0000000081500000| Untracked 
|  22|0x0000000081600000, 0x0000000081700000, 0x0000000081700000|100%| O|  |TAMS 0x0000000081700000, 0x0000000081600000| Untracked 
|  23|0x0000000081700000, 0x0000000081800000, 0x0000000081800000|100%| O|  |TAMS 0x0000000081800000, 0x0000000081700000| Untracked 
|  24|0x0000000081800000, 0x0000000081900000, 0x0000000081900000|100%| O|  |TAMS 0x0000000081800000, 0x0000000081800000| Untracked 
|  25|0x0000000081900000, 0x0000000081a00000, 0x0000000081a00000|100%| O|  |TAMS 0x0000000081a00000, 0x0000000081900000| Untracked 
|  26|0x0000000081a00000, 0x0000000081b00000, 0x0000000081b00000|100%| O|  |TAMS 0x0000000081b00000, 0x0000000081a00000| Untracked 
|  27|0x0000000081b00000, 0x0000000081c00000, 0x0000000081c00000|100%| O|  |TAMS 0x0000000081c00000, 0x0000000081b00000| Untracked 
|  28|0x0000000081c00000, 0x0000000081d00000, 0x0000000081d00000|100%| O|  |TAMS 0x0000000081d00000, 0x0000000081c00000| Untracked 
|  29|0x0000000081d00000, 0x0000000081e00000, 0x0000000081e00000|100%| O|  |TAMS 0x0000000081e00000, 0x0000000081d00000| Untracked 
|  30|0x0000000081e00000, 0x0000000081f00000, 0x0000000081f00000|100%| O|  |TAMS 0x0000000081f00000, 0x0000000081e00000| Untracked 
|  31|0x0000000081f00000, 0x0000000082000000, 0x0000000082000000|100%| O|  |TAMS 0x0000000082000000, 0x0000000081f00000| Untracked 
|  32|0x0000000082000000, 0x0000000082100000, 0x0000000082100000|100%| O|  |TAMS 0x0000000082100000, 0x0000000082000000| Untracked 
|  33|0x0000000082100000, 0x0000000082200000, 0x0000000082200000|100%| O|  |TAMS 0x0000000082200000, 0x0000000082100000| Untracked 
|  34|0x0000000082200000, 0x0000000082300000, 0x0000000082300000|100%| O|  |TAMS 0x0000000082300000, 0x0000000082200000| Untracked 
|  35|0x0000000082300000, 0x0000000082400000, 0x0000000082400000|100%| O|  |TAMS 0x0000000082400000, 0x0000000082300000| Untracked 
|  36|0x0000000082400000, 0x0000000082500000, 0x0000000082500000|100%| O|  |TAMS 0x0000000082500000, 0x0000000082400000| Untracked 
|  37|0x0000000082500000, 0x0000000082600000, 0x0000000082600000|100%| O|  |TAMS 0x0000000082600000, 0x0000000082500000| Untracked 
|  38|0x0000000082600000, 0x0000000082700000, 0x0000000082700000|100%| O|  |TAMS 0x0000000082644a00, 0x0000000082600000| Untracked 
|  39|0x0000000082700000, 0x0000000082800000, 0x0000000082800000|100%| O|  |TAMS 0x0000000082700000, 0x0000000082700000| Untracked 
|  40|0x0000000082800000, 0x0000000082900000, 0x0000000082900000|100%| O|  |TAMS 0x0000000082800000, 0x0000000082800000| Untracked 
|  41|0x0000000082900000, 0x0000000082a00000, 0x0000000082a00000|100%| O|  |TAMS 0x0000000082900000, 0x0000000082900000| Untracked 
|  42|0x0000000082a00000, 0x0000000082b00000, 0x0000000082b00000|100%| O|  |TAMS 0x0000000082a00000, 0x0000000082a00000| Untracked 
|  43|0x0000000082b00000, 0x0000000082c00000, 0x0000000082c00000|100%| O|  |TAMS 0x0000000082b00000, 0x0000000082b00000| Untracked 
|  44|0x0000000082c00000, 0x0000000082d00000, 0x0000000082d00000|100%| O|  |TAMS 0x0000000082c00000, 0x0000000082c00000| Untracked 
|  45|0x0000000082d00000, 0x0000000082e00000, 0x0000000082e00000|100%| O|  |TAMS 0x0000000082d00000, 0x0000000082d00000| Untracked 
|  46|0x0000000082e00000, 0x0000000082f00000, 0x0000000082f00000|100%| O|  |TAMS 0x0000000082e00000, 0x0000000082e00000| Untracked 
|  47|0x0000000082f00000, 0x0000000083000000, 0x0000000083000000|100%| O|  |TAMS 0x0000000082f00000, 0x0000000082f00000| Untracked 
|  48|0x0000000083000000, 0x0000000083100000, 0x0000000083100000|100%| O|  |TAMS 0x0000000083000000, 0x0000000083000000| Untracked 
|  49|0x0000000083100000, 0x0000000083200000, 0x0000000083200000|100%| O|  |TAMS 0x0000000083100000, 0x0000000083100000| Untracked 
|  50|0x0000000083200000, 0x0000000083300000, 0x0000000083300000|100%| O|  |TAMS 0x0000000083200000, 0x0000000083200000| Untracked 
|  51|0x0000000083300000, 0x0000000083400000, 0x0000000083400000|100%| O|  |TAMS 0x0000000083300000, 0x0000000083300000| Untracked 
|  52|0x0000000083400000, 0x0000000083500000, 0x0000000083500000|100%| O|  |TAMS 0x0000000083400000, 0x0000000083400000| Untracked 
|  53|0x0000000083500000, 0x0000000083600000, 0x0000000083600000|100%| O|  |TAMS 0x0000000083500000, 0x0000000083500000| Untracked 
|  54|0x0000000083600000, 0x0000000083700000, 0x0000000083700000|100%| O|  |TAMS 0x0000000083600000, 0x0000000083600000| Untracked 
|  55|0x0000000083700000, 0x0000000083800000, 0x0000000083800000|100%| O|  |TAMS 0x0000000083700000, 0x0000000083700000| Untracked 
|  56|0x0000000083800000, 0x0000000083900000, 0x0000000083900000|100%| O|  |TAMS 0x0000000083800000, 0x0000000083800000| Untracked 
|  57|0x0000000083900000, 0x0000000083a00000, 0x0000000083a00000|100%| O|  |TAMS 0x0000000083900000, 0x0000000083900000| Untracked 
|  58|0x0000000083a00000, 0x0000000083b00000, 0x0000000083b00000|100%| O|  |TAMS 0x0000000083a00000, 0x0000000083a00000| Untracked 
|  59|0x0000000083b00000, 0x0000000083c00000, 0x0000000083c00000|100%| O|  |TAMS 0x0000000083b00000, 0x0000000083b00000| Untracked 
|  60|0x0000000083c00000, 0x0000000083d00000, 0x0000000083d00000|100%| O|  |TAMS 0x0000000083c00000, 0x0000000083c00000| Untracked 
|  61|0x0000000083d00000, 0x0000000083e00000, 0x0000000083e00000|100%| O|  |TAMS 0x0000000083d00000, 0x0000000083d00000| Untracked 
|  62|0x0000000083e00000, 0x0000000083f00000, 0x0000000083f00000|100%| O|  |TAMS 0x0000000083e00000, 0x0000000083e00000| Untracked 
|  63|0x0000000083f00000, 0x0000000084000000, 0x0000000084000000|100%| O|  |TAMS 0x0000000083f00000, 0x0000000083f00000| Untracked 
|  64|0x0000000084000000, 0x0000000084100000, 0x0000000084100000|100%| O|  |TAMS 0x0000000084000000, 0x0000000084000000| Untracked 
|  65|0x0000000084100000, 0x0000000084200000, 0x0000000084200000|100%| O|  |TAMS 0x0000000084100000, 0x0000000084100000| Untracked 
|  66|0x0000000084200000, 0x0000000084300000, 0x0000000084300000|100%| O|  |TAMS 0x0000000084200000, 0x0000000084200000| Untracked 
|  67|0x0000000084300000, 0x0000000084400000, 0x0000000084400000|100%| O|  |TAMS 0x0000000084300000, 0x0000000084300000| Untracked 
|  68|0x0000000084400000, 0x0000000084500000, 0x0000000084500000|100%| O|  |TAMS 0x0000000084400000, 0x0000000084400000| Untracked 
|  69|0x0000000084500000, 0x0000000084600000, 0x0000000084600000|100%| O|  |TAMS 0x0000000084500000, 0x0000000084500000| Untracked 
|  70|0x0000000084600000, 0x0000000084620800, 0x0000000084700000| 12%| O|  |TAMS 0x0000000084600000, 0x0000000084600000| Untracked 
|  71|0x0000000084700000, 0x0000000084700000, 0x0000000084800000|  0%| F|  |TAMS 0x0000000084700000, 0x0000000084700000| Untracked 
|  72|0x0000000084800000, 0x0000000084800000, 0x0000000084900000|  0%| F|  |TAMS 0x0000000084800000, 0x0000000084800000| Untracked 
|  73|0x0000000084900000, 0x0000000084900000, 0x0000000084a00000|  0%| F|  |TAMS 0x0000000084900000, 0x0000000084900000| Untracked 
|  74|0x0000000084a00000, 0x0000000084a00000, 0x0000000084b00000|  0%| F|  |TAMS 0x0000000084a00000, 0x0000000084a00000| Untracked 
|  75|0x0000000084b00000, 0x0000000084b00000, 0x0000000084c00000|  0%| F|  |TAMS 0x0000000084b00000, 0x0000000084b00000| Untracked 
|  76|0x0000000084c00000, 0x0000000084c00000, 0x0000000084d00000|  0%| F|  |TAMS 0x0000000084c00000, 0x0000000084c00000| Untracked 
|  77|0x0000000084d00000, 0x0000000084d00000, 0x0000000084e00000|  0%| F|  |TAMS 0x0000000084d00000, 0x0000000084d00000| Untracked 
|  78|0x0000000084e00000, 0x0000000084e00000, 0x0000000084f00000|  0%| F|  |TAMS 0x0000000084e00000, 0x0000000084e00000| Untracked 
|  79|0x0000000084f00000, 0x0000000084f00000, 0x0000000085000000|  0%| F|  |TAMS 0x0000000084f00000, 0x0000000084f00000| Untracked 
|  80|0x0000000085000000, 0x0000000085000000, 0x0000000085100000|  0%| F|  |TAMS 0x0000000085000000, 0x0000000085000000| Untracked 
|  81|0x0000000085100000, 0x0000000085100000, 0x0000000085200000|  0%| F|  |TAMS 0x0000000085100000, 0x0000000085100000| Untracked 
|  82|0x0000000085200000, 0x0000000085200000, 0x0000000085300000|  0%| F|  |TAMS 0x0000000085200000, 0x0000000085200000| Untracked 
|  83|0x0000000085300000, 0x0000000085300000, 0x0000000085400000|  0%| F|  |TAMS 0x0000000085300000, 0x0000000085300000| Untracked 
|  84|0x0000000085400000, 0x0000000085400000, 0x0000000085500000|  0%| F|  |TAMS 0x0000000085400000, 0x0000000085400000| Untracked 
|  85|0x0000000085500000, 0x0000000085500000, 0x0000000085600000|  0%| F|  |TAMS 0x0000000085500000, 0x0000000085500000| Untracked 
|  86|0x0000000085600000, 0x0000000085600000, 0x0000000085700000|  0%| F|  |TAMS 0x0000000085600000, 0x0000000085600000| Untracked 
|  87|0x0000000085700000, 0x0000000085700000, 0x0000000085800000|  0%| F|  |TAMS 0x0000000085700000, 0x0000000085700000| Untracked 
|  88|0x0000000085800000, 0x0000000085800000, 0x0000000085900000|  0%| F|  |TAMS 0x0000000085800000, 0x0000000085800000| Untracked 
|  89|0x0000000085900000, 0x0000000085a00000, 0x0000000085a00000|100%| S|CS|TAMS 0x0000000085900000, 0x0000000085900000| Complete 
|  90|0x0000000085a00000, 0x0000000085b00000, 0x0000000085b00000|100%| S|CS|TAMS 0x0000000085a00000, 0x0000000085a00000| Complete 
|  91|0x0000000085b00000, 0x0000000085b00000, 0x0000000085c00000|  0%| F|  |TAMS 0x0000000085b00000, 0x0000000085b00000| Untracked 
|  92|0x0000000085c00000, 0x0000000085c00000, 0x0000000085d00000|  0%| F|  |TAMS 0x0000000085c00000, 0x0000000085c00000| Untracked 
|  93|0x0000000085d00000, 0x0000000085d00000, 0x0000000085e00000|  0%| F|  |TAMS 0x0000000085d00000, 0x0000000085d00000| Untracked 
|  94|0x0000000085e00000, 0x0000000085e00000, 0x0000000085f00000|  0%| F|  |TAMS 0x0000000085e00000, 0x0000000085e00000| Untracked 
|  95|0x0000000085f00000, 0x0000000085f00000, 0x0000000086000000|  0%| F|  |TAMS 0x0000000085f00000, 0x0000000085f00000| Untracked 
|  96|0x0000000086000000, 0x0000000086000000, 0x0000000086100000|  0%| F|  |TAMS 0x0000000086000000, 0x0000000086000000| Untracked 
|  97|0x0000000086100000, 0x0000000086100000, 0x0000000086200000|  0%| F|  |TAMS 0x0000000086100000, 0x0000000086100000| Untracked 
|  98|0x0000000086200000, 0x0000000086200000, 0x0000000086300000|  0%| F|  |TAMS 0x0000000086200000, 0x0000000086200000| Untracked 
|  99|0x0000000086300000, 0x0000000086300000, 0x0000000086400000|  0%| F|  |TAMS 0x0000000086300000, 0x0000000086300000| Untracked 
| 100|0x0000000086400000, 0x0000000086400000, 0x0000000086500000|  0%| F|  |TAMS 0x0000000086400000, 0x0000000086400000| Untracked 
| 101|0x0000000086500000, 0x0000000086500000, 0x0000000086600000|  0%| F|  |TAMS 0x0000000086500000, 0x0000000086500000| Untracked 
| 102|0x0000000086600000, 0x0000000086700000, 0x0000000086700000|100%| S|CS|TAMS 0x0000000086600000, 0x0000000086600000| Complete 
| 103|0x0000000086700000, 0x0000000086800000, 0x0000000086800000|100%| S|CS|TAMS 0x0000000086700000, 0x0000000086700000| Complete 
| 104|0x0000000086800000, 0x0000000086900000, 0x0000000086900000|100%| S|CS|TAMS 0x0000000086800000, 0x0000000086800000| Complete 
| 105|0x0000000086900000, 0x0000000086a00000, 0x0000000086a00000|100%| S|CS|TAMS 0x0000000086900000, 0x0000000086900000| Complete 
| 106|0x0000000086a00000, 0x0000000086b00000, 0x0000000086b00000|100%| S|CS|TAMS 0x0000000086a00000, 0x0000000086a00000| Complete 
| 107|0x0000000086b00000, 0x0000000086c00000, 0x0000000086c00000|100%| S|CS|TAMS 0x0000000086b00000, 0x0000000086b00000| Complete 
| 108|0x0000000086c00000, 0x0000000086c00000, 0x0000000086d00000|  0%| F|  |TAMS 0x0000000086c00000, 0x0000000086c00000| Untracked 
| 109|0x0000000086d00000, 0x0000000086e00000, 0x0000000086e00000|100%| S|CS|TAMS 0x0000000086d00000, 0x0000000086d00000| Complete 
| 110|0x0000000086e00000, 0x0000000086f00000, 0x0000000086f00000|100%| S|CS|TAMS 0x0000000086e00000, 0x0000000086e00000| Complete 
| 111|0x0000000086f00000, 0x0000000087000000, 0x0000000087000000|100%| S|CS|TAMS 0x0000000086f00000, 0x0000000086f00000| Complete 
| 112|0x0000000087000000, 0x0000000087100000, 0x0000000087100000|100%| S|CS|TAMS 0x0000000087000000, 0x0000000087000000| Complete 
| 113|0x0000000087100000, 0x0000000087100000, 0x0000000087200000|  0%| F|  |TAMS 0x0000000087100000, 0x0000000087100000| Untracked 
| 114|0x0000000087200000, 0x0000000087200000, 0x0000000087300000|  0%| F|  |TAMS 0x0000000087200000, 0x0000000087200000| Untracked 
| 115|0x0000000087300000, 0x0000000087300000, 0x0000000087400000|  0%| F|  |TAMS 0x0000000087300000, 0x0000000087300000| Untracked 
| 116|0x0000000087400000, 0x0000000087400000, 0x0000000087500000|  0%| F|  |TAMS 0x0000000087400000, 0x0000000087400000| Untracked 
| 117|0x0000000087500000, 0x0000000087500000, 0x0000000087600000|  0%| F|  |TAMS 0x0000000087500000, 0x0000000087500000| Untracked 
| 118|0x0000000087600000, 0x0000000087600000, 0x0000000087700000|  0%| F|  |TAMS 0x0000000087600000, 0x0000000087600000| Untracked 
| 119|0x0000000087700000, 0x0000000087700000, 0x0000000087800000|  0%| F|  |TAMS 0x0000000087700000, 0x0000000087700000| Untracked 
| 120|0x0000000087800000, 0x0000000087800000, 0x0000000087900000|  0%| F|  |TAMS 0x0000000087800000, 0x0000000087800000| Untracked 
| 121|0x0000000087900000, 0x0000000087900000, 0x0000000087a00000|  0%| F|  |TAMS 0x0000000087900000, 0x0000000087900000| Untracked 
| 122|0x0000000087a00000, 0x0000000087a00000, 0x0000000087b00000|  0%| F|  |TAMS 0x0000000087a00000, 0x0000000087a00000| Untracked 
| 123|0x0000000087b00000, 0x0000000087b00000, 0x0000000087c00000|  0%| F|  |TAMS 0x0000000087b00000, 0x0000000087b00000| Untracked 
| 124|0x0000000087c00000, 0x0000000087c00000, 0x0000000087d00000|  0%| F|  |TAMS 0x0000000087c00000, 0x0000000087c00000| Untracked 
| 125|0x0000000087d00000, 0x0000000087d00000, 0x0000000087e00000|  0%| F|  |TAMS 0x0000000087d00000, 0x0000000087d00000| Untracked 
| 126|0x0000000087e00000, 0x0000000087e00000, 0x0000000087f00000|  0%| F|  |TAMS 0x0000000087e00000, 0x0000000087e00000| Untracked 
| 127|0x0000000087f00000, 0x0000000087f00000, 0x0000000088000000|  0%| F|  |TAMS 0x0000000087f00000, 0x0000000087f00000| Untracked 
| 128|0x0000000088000000, 0x0000000088000000, 0x0000000088100000|  0%| F|  |TAMS 0x0000000088000000, 0x0000000088000000| Untracked 
| 129|0x0000000088100000, 0x0000000088100000, 0x0000000088200000|  0%| F|  |TAMS 0x0000000088100000, 0x0000000088100000| Untracked 
| 130|0x0000000088200000, 0x0000000088200000, 0x0000000088300000|  0%| F|  |TAMS 0x0000000088200000, 0x0000000088200000| Untracked 
| 131|0x0000000088300000, 0x0000000088300000, 0x0000000088400000|  0%| F|  |TAMS 0x0000000088300000, 0x0000000088300000| Untracked 
| 132|0x0000000088400000, 0x0000000088400000, 0x0000000088500000|  0%| F|  |TAMS 0x0000000088400000, 0x0000000088400000| Untracked 
| 133|0x0000000088500000, 0x0000000088500000, 0x0000000088600000|  0%| F|  |TAMS 0x0000000088500000, 0x0000000088500000| Untracked 
| 134|0x0000000088600000, 0x0000000088600000, 0x0000000088700000|  0%| F|  |TAMS 0x0000000088600000, 0x0000000088600000| Untracked 
| 135|0x0000000088700000, 0x0000000088700000, 0x0000000088800000|  0%| F|  |TAMS 0x0000000088700000, 0x0000000088700000| Untracked 
| 136|0x0000000088800000, 0x0000000088800000, 0x0000000088900000|  0%| F|  |TAMS 0x0000000088800000, 0x0000000088800000| Untracked 
| 137|0x0000000088900000, 0x0000000088900000, 0x0000000088a00000|  0%| F|  |TAMS 0x0000000088900000, 0x0000000088900000| Untracked 
| 138|0x0000000088a00000, 0x0000000088a00000, 0x0000000088b00000|  0%| F|  |TAMS 0x0000000088a00000, 0x0000000088a00000| Untracked 
| 139|0x0000000088b00000, 0x0000000088b00000, 0x0000000088c00000|  0%| F|  |TAMS 0x0000000088b00000, 0x0000000088b00000| Untracked 
| 140|0x0000000088c00000, 0x0000000088c00000, 0x0000000088d00000|  0%| F|  |TAMS 0x0000000088c00000, 0x0000000088c00000| Untracked 
| 141|0x0000000088d00000, 0x0000000088d00000, 0x0000000088e00000|  0%| F|  |TAMS 0x0000000088d00000, 0x0000000088d00000| Untracked 
| 142|0x0000000088e00000, 0x0000000088e00000, 0x0000000088f00000|  0%| F|  |TAMS 0x0000000088e00000, 0x0000000088e00000| Untracked 
| 143|0x0000000088f00000, 0x0000000088f00000, 0x0000000089000000|  0%| F|  |TAMS 0x0000000088f00000, 0x0000000088f00000| Untracked 
| 144|0x0000000089000000, 0x0000000089000000, 0x0000000089100000|  0%| F|  |TAMS 0x0000000089000000, 0x0000000089000000| Untracked 
| 145|0x0000000089100000, 0x0000000089100000, 0x0000000089200000|  0%| F|  |TAMS 0x0000000089100000, 0x0000000089100000| Untracked 
| 146|0x0000000089200000, 0x0000000089200000, 0x0000000089300000|  0%| F|  |TAMS 0x0000000089200000, 0x0000000089200000| Untracked 
| 147|0x0000000089300000, 0x0000000089300000, 0x0000000089400000|  0%| F|  |TAMS 0x0000000089300000, 0x0000000089300000| Untracked 
| 148|0x0000000089400000, 0x0000000089400000, 0x0000000089500000|  0%| F|  |TAMS 0x0000000089400000, 0x0000000089400000| Untracked 
| 149|0x0000000089500000, 0x0000000089500000, 0x0000000089600000|  0%| F|  |TAMS 0x0000000089500000, 0x0000000089500000| Untracked 
| 150|0x0000000089600000, 0x0000000089600000, 0x0000000089700000|  0%| F|  |TAMS 0x0000000089600000, 0x0000000089600000| Untracked 
| 151|0x0000000089700000, 0x0000000089700000, 0x0000000089800000|  0%| F|  |TAMS 0x0000000089700000, 0x0000000089700000| Untracked 
| 152|0x0000000089800000, 0x0000000089800000, 0x0000000089900000|  0%| F|  |TAMS 0x0000000089800000, 0x0000000089800000| Untracked 
| 153|0x0000000089900000, 0x0000000089900000, 0x0000000089a00000|  0%| F|  |TAMS 0x0000000089900000, 0x0000000089900000| Untracked 
| 154|0x0000000089a00000, 0x0000000089a00000, 0x0000000089b00000|  0%| F|  |TAMS 0x0000000089a00000, 0x0000000089a00000| Untracked 
| 155|0x0000000089b00000, 0x0000000089b00000, 0x0000000089c00000|  0%| F|  |TAMS 0x0000000089b00000, 0x0000000089b00000| Untracked 
| 156|0x0000000089c00000, 0x0000000089c00000, 0x0000000089d00000|  0%| F|  |TAMS 0x0000000089c00000, 0x0000000089c00000| Untracked 
| 157|0x0000000089d00000, 0x0000000089d00000, 0x0000000089e00000|  0%| F|  |TAMS 0x0000000089d00000, 0x0000000089d00000| Untracked 
| 158|0x0000000089e00000, 0x0000000089e00000, 0x0000000089f00000|  0%| F|  |TAMS 0x0000000089e00000, 0x0000000089e00000| Untracked 
| 159|0x0000000089f00000, 0x0000000089f00000, 0x000000008a000000|  0%| F|  |TAMS 0x0000000089f00000, 0x0000000089f00000| Untracked 
| 160|0x000000008a000000, 0x000000008a000000, 0x000000008a100000|  0%| F|  |TAMS 0x000000008a000000, 0x000000008a000000| Untracked 
| 161|0x000000008a100000, 0x000000008a100000, 0x000000008a200000|  0%| F|  |TAMS 0x000000008a100000, 0x000000008a100000| Untracked 
| 162|0x000000008a200000, 0x000000008a200000, 0x000000008a300000|  0%| F|  |TAMS 0x000000008a200000, 0x000000008a200000| Untracked 
| 163|0x000000008a300000, 0x000000008a300000, 0x000000008a400000|  0%| F|  |TAMS 0x000000008a300000, 0x000000008a300000| Untracked 
| 164|0x000000008a400000, 0x000000008a400000, 0x000000008a500000|  0%| F|  |TAMS 0x000000008a400000, 0x000000008a400000| Untracked 
| 165|0x000000008a500000, 0x000000008a500000, 0x000000008a600000|  0%| F|  |TAMS 0x000000008a500000, 0x000000008a500000| Untracked 
| 166|0x000000008a600000, 0x000000008a600000, 0x000000008a700000|  0%| F|  |TAMS 0x000000008a600000, 0x000000008a600000| Untracked 
| 167|0x000000008a700000, 0x000000008a700000, 0x000000008a800000|  0%| F|  |TAMS 0x000000008a700000, 0x000000008a700000| Untracked 
| 168|0x000000008a800000, 0x000000008a800000, 0x000000008a900000|  0%| F|  |TAMS 0x000000008a800000, 0x000000008a800000| Untracked 
| 169|0x000000008a900000, 0x000000008a900000, 0x000000008aa00000|  0%| F|  |TAMS 0x000000008a900000, 0x000000008a900000| Untracked 
| 170|0x000000008aa00000, 0x000000008aa00000, 0x000000008ab00000|  0%| F|  |TAMS 0x000000008aa00000, 0x000000008aa00000| Untracked 
| 171|0x000000008ab00000, 0x000000008ab00000, 0x000000008ac00000|  0%| F|  |TAMS 0x000000008ab00000, 0x000000008ab00000| Untracked 
| 172|0x000000008ac00000, 0x000000008ac00000, 0x000000008ad00000|  0%| F|  |TAMS 0x000000008ac00000, 0x000000008ac00000| Untracked 
| 173|0x000000008ad00000, 0x000000008ad00000, 0x000000008ae00000|  0%| F|  |TAMS 0x000000008ad00000, 0x000000008ad00000| Untracked 
| 174|0x000000008ae00000, 0x000000008ae00000, 0x000000008af00000|  0%| F|  |TAMS 0x000000008ae00000, 0x000000008ae00000| Untracked 
| 175|0x000000008af00000, 0x000000008af00000, 0x000000008b000000|  0%| F|  |TAMS 0x000000008af00000, 0x000000008af00000| Untracked 
| 176|0x000000008b000000, 0x000000008b000000, 0x000000008b100000|  0%| F|  |TAMS 0x000000008b000000, 0x000000008b000000| Untracked 
| 177|0x000000008b100000, 0x000000008b100000, 0x000000008b200000|  0%| F|  |TAMS 0x000000008b100000, 0x000000008b100000| Untracked 
| 178|0x000000008b200000, 0x000000008b200000, 0x000000008b300000|  0%| F|  |TAMS 0x000000008b200000, 0x000000008b200000| Untracked 
| 179|0x000000008b300000, 0x000000008b300000, 0x000000008b400000|  0%| F|  |TAMS 0x000000008b300000, 0x000000008b300000| Untracked 
| 180|0x000000008b400000, 0x000000008b400000, 0x000000008b500000|  0%| F|  |TAMS 0x000000008b400000, 0x000000008b400000| Untracked 
| 181|0x000000008b500000, 0x000000008b500000, 0x000000008b600000|  0%| F|  |TAMS 0x000000008b500000, 0x000000008b500000| Untracked 
| 182|0x000000008b600000, 0x000000008b600000, 0x000000008b700000|  0%| F|  |TAMS 0x000000008b600000, 0x000000008b600000| Untracked 
| 183|0x000000008b700000, 0x000000008b700000, 0x000000008b800000|  0%| F|  |TAMS 0x000000008b700000, 0x000000008b700000| Untracked 
| 184|0x000000008b800000, 0x000000008b800000, 0x000000008b900000|  0%| F|  |TAMS 0x000000008b800000, 0x000000008b800000| Untracked 
| 185|0x000000008b900000, 0x000000008b900000, 0x000000008ba00000|  0%| F|  |TAMS 0x000000008b900000, 0x000000008b900000| Untracked 
| 186|0x000000008ba00000, 0x000000008ba00000, 0x000000008bb00000|  0%| F|  |TAMS 0x000000008ba00000, 0x000000008ba00000| Untracked 
| 187|0x000000008bb00000, 0x000000008bb00000, 0x000000008bc00000|  0%| F|  |TAMS 0x000000008bb00000, 0x000000008bb00000| Untracked 
| 188|0x000000008bc00000, 0x000000008bc00000, 0x000000008bd00000|  0%| F|  |TAMS 0x000000008bc00000, 0x000000008bc00000| Untracked 
| 189|0x000000008bd00000, 0x000000008bd00000, 0x000000008be00000|  0%| F|  |TAMS 0x000000008bd00000, 0x000000008bd00000| Untracked 
| 190|0x000000008be00000, 0x000000008be00000, 0x000000008bf00000|  0%| F|  |TAMS 0x000000008be00000, 0x000000008be00000| Untracked 
| 191|0x000000008bf00000, 0x000000008bf00000, 0x000000008c000000|  0%| F|  |TAMS 0x000000008bf00000, 0x000000008bf00000| Untracked 

Card table byte_map: [0x00000217d1f80000,0x00000217d2380000] _byte_map_base: 0x00000217d1b80000

Marking Bits (Prev, Next): (CMBitMap*) 0x00000217bcff22b0, (CMBitMap*) 0x00000217bcff2278
 Prev Bits: [0x00000217d4780000, 0x00000217d6780000)
 Next Bits: [0x00000217d2780000, 0x00000217d4780000)

Polling page: 0x00000217bd090000

Metaspace:

Usage:
  Non-class:     75.09 MB capacity,    73.68 MB ( 98%) used,     1.17 MB (  2%) free+waste,   252.56 KB ( <1%) overhead. 
      Class:     11.94 MB capacity,    11.10 MB ( 93%) used,   742.52 KB (  6%) free+waste,   118.56 KB ( <1%) overhead. 
       Both:     87.03 MB capacity,    84.78 MB ( 97%) used,     1.89 MB (  2%) free+waste,   371.13 KB ( <1%) overhead. 

Virtual space:
  Non-class space:       76.00 MB reserved,      75.25 MB (>99%) committed 
      Class space:        1.00 GB reserved,      11.95 MB (  1%) committed 
             Both:        1.07 GB reserved,      87.20 MB (  8%) committed 

Chunk freelists:
   Non-Class:  0 bytes
       Class:  0 bytes
        Both:  0 bytes

MaxMetaspaceSize: 17179869184.00 GB
CompressedClassSpaceSize: 1.00 GB

CodeHeap 'non-profiled nmethods': size=120000Kb used=5743Kb max_used=5743Kb free=114256Kb
 bounds [0x00000217c9be0000, 0x00000217ca180000, 0x00000217d1110000]
CodeHeap 'profiled nmethods': size=120000Kb used=21137Kb max_used=21137Kb free=98862Kb
 bounds [0x00000217c26b0000, 0x00000217c3b60000, 0x00000217c9be0000]
CodeHeap 'non-nmethods': size=5760Kb used=2267Kb max_used=2300Kb free=3492Kb
 bounds [0x00000217c2110000, 0x00000217c2380000, 0x00000217c26b0000]
 total_blobs=10405 nmethods=9544 adapters=772
 compilation: enabled
              stopped_count=0, restarted_count=0
 full_count=0

Compilation events (20 events):
Event: 13.928 Thread 0x00000217d9b13800 nmethod 9709 0x00000217ca17a510 code [0x00000217ca17a6c0, 0x00000217ca17a778]
Event: 13.928 Thread 0x00000217d9b13800 9819       3       com.android.tools.r8.C.a.a.h::<init> (7 bytes)
Event: 13.928 Thread 0x00000217d9b13800 nmethod 9819 0x00000217c3b53890 code [0x00000217c3b53a40, 0x00000217c3b53b68]
Event: 13.929 Thread 0x00000217d9b13800 9820       3       com.android.tools.r8.C.a.a.h::<init> (93 bytes)
Event: 13.930 Thread 0x00000217d9b10800 nmethod 9790 0x00000217ca17a810 code [0x00000217ca17aa20, 0x00000217ca17b578]
Event: 13.930 Thread 0x00000217d9b13800 nmethod 9820 0x00000217c3b53c10 code [0x00000217c3b53ea0, 0x00000217c3b54968]
Event: 13.930 Thread 0x00000217d9b13800 9822       3       com.android.tools.r8.C.a.a.f::<init> (10 bytes)
Event: 13.930 Thread 0x00000217d9b10800 9818       4       com.android.tools.r8.graph.Z0::c (177 bytes)
Event: 13.930 Thread 0x00000217d9b13800 nmethod 9822 0x00000217c3b54d10 code [0x00000217c3b54ee0, 0x00000217c3b55088]
Event: 13.931 Thread 0x00000217d9b13800 9823       3       com.android.tools.r8.C.a.a.f::<init> (8 bytes)
Event: 13.931 Thread 0x00000217d9b13800 nmethod 9823 0x00000217c3b55190 code [0x00000217c3b55340, 0x00000217c3b55468]
Event: 13.931 Thread 0x00000217d9b13800 9821       3       java.lang.RuntimeException::<init> (5 bytes)
Event: 13.931 Thread 0x00000217d9b13800 nmethod 9821 0x00000217c3b55510 code [0x00000217c3b55700, 0x00000217c3b55b08]
Event: 13.931 Thread 0x00000217d9b13800 9824       3       com.android.tools.r8.s.a.a.b.D::<init> (12 bytes)
Event: 13.932 Thread 0x00000217d9b13800 nmethod 9824 0x00000217c3b55c10 code [0x00000217c3b55de0, 0x00000217c3b55ff8]
Event: 13.932 Thread 0x00000217d9b13800 9825       3       com.android.tools.r8.s.a.a.a.w::a (4 bytes)
Event: 13.932 Thread 0x00000217d9b13800 nmethod 9825 0x00000217c3b56110 code [0x00000217c3b562c0, 0x00000217c3b563b8]
Event: 13.932 Thread 0x00000217d9b13800 9826       3       java.util.Collections$EmptyList::forEach (6 bytes)
Event: 13.932 Thread 0x00000217d9b13800 nmethod 9826 0x00000217c3b56490 code [0x00000217c3b56660, 0x00000217c3b568a8]
Event: 13.932 Thread 0x00000217d9b13800 9827       3       com.android.tools.r8.graph.a1$b::a (697 bytes)

GC Heap History (20 events):
Event: 2.628 GC heap after
{Heap after GC invocations=4 (full 0):
 garbage-first heap   total 196608K, used 17890K [0x0000000080000000, 0x0000000100000000)
  region size 1024K, 2 young (2048K), 2 survivors (2048K)
 Metaspace       used 24537K, capacity 25080K, committed 25216K, reserved 1071104K
  class space    used 3154K, capacity 3361K, committed 3456K, reserved 1048576K
}
Event: 4.252 GC heap before
{Heap before GC invocations=4 (full 0):
 garbage-first heap   total 196608K, used 83426K [0x0000000080000000, 0x0000000100000000)
  region size 1024K, 67 young (68608K), 2 survivors (2048K)
 Metaspace       used 35118K, capacity 35821K, committed 35840K, reserved 1081344K
  class space    used 4567K, capacity 4856K, committed 4864K, reserved 1048576K
}
Event: 4.264 GC heap after
{Heap after GC invocations=5 (full 0):
 garbage-first heap   total 196608K, used 21330K [0x0000000080000000, 0x0000000100000000)
  region size 1024K, 6 young (6144K), 6 survivors (6144K)
 Metaspace       used 35118K, capacity 35821K, committed 35840K, reserved 1081344K
  class space    used 4567K, capacity 4856K, committed 4864K, reserved 1048576K
}
Event: 6.530 GC heap before
{Heap before GC invocations=6 (full 0):
 garbage-first heap   total 196608K, used 117586K [0x0000000080000000, 0x0000000100000000)
  region size 1024K, 97 young (99328K), 6 survivors (6144K)
 Metaspace       used 43771K, capacity 44748K, committed 44928K, reserved 1087488K
  class space    used 5609K, capacity 5954K, committed 6016K, reserved 1048576K
}
Event: 6.538 GC heap after
{Heap after GC invocations=7 (full 0):
 garbage-first heap   total 196608K, used 25894K [0x0000000080000000, 0x0000000100000000)
  region size 1024K, 10 young (10240K), 10 survivors (10240K)
 Metaspace       used 43771K, capacity 44748K, committed 44928K, reserved 1087488K
  class space    used 5609K, capacity 5954K, committed 6016K, reserved 1048576K
}
Event: 7.820 GC heap before
{Heap before GC invocations=7 (full 0):
 garbage-first heap   total 196608K, used 131366K [0x0000000080000000, 0x0000000100000000)
  region size 1024K, 111 young (113664K), 10 survivors (10240K)
 Metaspace       used 52662K, capacity 53935K, committed 54016K, reserved 1095680K
  class space    used 6674K, capacity 7123K, committed 7168K, reserved 1048576K
}
Event: 7.832 GC heap after
{Heap after GC invocations=8 (full 0):
 garbage-first heap   total 196608K, used 38403K [0x0000000080000000, 0x0000000100000000)
  region size 1024K, 14 young (14336K), 14 survivors (14336K)
 Metaspace       used 52662K, capacity 53935K, committed 54016K, reserved 1095680K
  class space    used 6674K, capacity 7123K, committed 7168K, reserved 1048576K
}
Event: 8.509 GC heap before
{Heap before GC invocations=8 (full 0):
 garbage-first heap   total 196608K, used 91651K [0x0000000080000000, 0x0000000100000000)
  region size 1024K, 67 young (68608K), 14 survivors (14336K)
 Metaspace       used 58787K, capacity 60102K, committed 60160K, reserved 1101824K
  class space    used 7431K, capacity 7927K, committed 7936K, reserved 1048576K
}
Event: 8.525 GC heap after
{Heap after GC invocations=9 (full 0):
 garbage-first heap   total 196608K, used 43749K [0x0000000080000000, 0x0000000100000000)
  region size 1024K, 6 young (6144K), 6 survivors (6144K)
 Metaspace       used 58787K, capacity 60102K, committed 60160K, reserved 1101824K
  class space    used 7431K, capacity 7927K, committed 7936K, reserved 1048576K
}
Event: 9.434 GC heap before
{Heap before GC invocations=10 (full 0):
 garbage-first heap   total 196608K, used 129765K [0x0000000080000000, 0x0000000100000000)
  region size 1024K, 90 young (92160K), 6 survivors (6144K)
 Metaspace       used 64562K, capacity 66019K, committed 66124K, reserved 1105920K
  class space    used 8382K, capacity 8932K, committed 9036K, reserved 1048576K
}
Event: 9.451 GC heap after
{Heap after GC invocations=11 (full 0):
 garbage-first heap   total 196608K, used 49131K [0x0000000080000000, 0x0000000100000000)
  region size 1024K, 11 young (11264K), 11 survivors (11264K)
 Metaspace       used 64562K, capacity 66019K, committed 66124K, reserved 1105920K
  class space    used 8382K, capacity 8932K, committed 9036K, reserved 1048576K
}
Event: 10.491 GC heap before
{Heap before GC invocations=11 (full 0):
 garbage-first heap   total 196608K, used 136171K [0x0000000080000000, 0x0000000100000000)
  region size 1024K, 96 young (98304K), 11 survivors (11264K)
 Metaspace       used 71618K, capacity 73249K, committed 73548K, reserved 1112064K
  class space    used 9407K, capacity 9998K, committed 10060K, reserved 1048576K
}
Event: 10.508 GC heap after
{Heap after GC invocations=12 (full 0):
 garbage-first heap   total 196608K, used 55067K [0x0000000080000000, 0x0000000100000000)
  region size 1024K, 7 young (7168K), 7 survivors (7168K)
 Metaspace       used 71618K, capacity 73249K, committed 73548K, reserved 1112064K
  class space    used 9407K, capacity 9998K, committed 10060K, reserved 1048576K
}
Event: 11.809 GC heap before
{Heap before GC invocations=12 (full 0):
 garbage-first heap   total 196608K, used 141083K [0x0000000080000000, 0x0000000100000000)
  region size 1024K, 92 young (94208K), 7 survivors (7168K)
 Metaspace       used 76088K, capacity 77966K, committed 78284K, reserved 1116160K
  class space    used 9951K, capacity 10620K, committed 10700K, reserved 1048576K
}
Event: 11.822 GC heap after
{Heap after GC invocations=13 (full 0):
 garbage-first heap   total 196608K, used 60231K [0x0000000080000000, 0x0000000100000000)
  region size 1024K, 12 young (12288K), 12 survivors (12288K)
 Metaspace       used 76088K, capacity 77966K, committed 78284K, reserved 1116160K
  class space    used 9951K, capacity 10620K, committed 10700K, reserved 1048576K
}
Event: 12.809 GC heap before
{Heap before GC invocations=13 (full 0):
 garbage-first heap   total 196608K, used 145223K [0x0000000080000000, 0x0000000100000000)
  region size 1024K, 96 young (98304K), 12 survivors (12288K)
 Metaspace       used 77982K, capacity 80036K, committed 80332K, reserved 1118208K
  class space    used 10154K, capacity 10843K, committed 10956K, reserved 1048576K
}
Event: 12.824 GC heap after
{Heap after GC invocations=14 (full 0):
 garbage-first heap   total 196608K, used 65618K [0x0000000080000000, 0x0000000100000000)
  region size 1024K, 11 young (11264K), 11 survivors (11264K)
 Metaspace       used 77982K, capacity 80036K, committed 80332K, reserved 1118208K
  class space    used 10154K, capacity 10843K, committed 10956K, reserved 1048576K
}
Event: 13.325 GC heap before
{Heap before GC invocations=14 (full 0):
 garbage-first heap   total 196608K, used 149586K [0x0000000080000000, 0x0000000100000000)
  region size 1024K, 94 young (96256K), 11 survivors (11264K)
 Metaspace       used 81065K, capacity 83122K, committed 83276K, reserved 1122304K
  class space    used 10579K, capacity 11285K, committed 11340K, reserved 1048576K
}
Event: 13.342 GC heap after
{Heap after GC invocations=15 (full 0):
 garbage-first heap   total 196608K, used 72635K [0x0000000080000000, 0x0000000100000000)
  region size 1024K, 12 young (12288K), 12 survivors (12288K)
 Metaspace       used 81065K, capacity 83122K, committed 83276K, reserved 1122304K
  class space    used 10579K, capacity 11285K, committed 11340K, reserved 1048576K
}
Event: 13.936 GC heap before
{Heap before GC invocations=15 (full 0):
 garbage-first heap   total 196608K, used 152507K [0x0000000080000000, 0x0000000100000000)
  region size 1024K, 91 young (93184K), 12 survivors (12288K)
 Metaspace       used 86813K, capacity 89120K, committed 89292K, reserved 1126400K
  class space    used 11368K, capacity 12230K, committed 12236K, reserved 1048576K
}

Deoptimization events (20 events):
Event: 13.813 Thread 0x00000217df158800 DEOPT PACKING pc=0x00000217ca1631f4 sp=0x000000e9164fa4a0
Event: 13.813 Thread 0x00000217df158800 DEOPT UNPACKING pc=0x00000217c21374af sp=0x000000e9164fa398 mode 2
Event: 13.813 Thread 0x00000217df158800 Uncommon trap: trap_request=0xffffff4d fr.pc=0x00000217c9eb86bc relative=0x000000000000047c
Event: 13.813 Thread 0x00000217df158800 Uncommon trap: reason=unstable_if action=reinterpret pc=0x00000217c9eb86bc method=java.lang.StringUTF16.compress([CII)[B @ 13 c2
Event: 13.813 Thread 0x00000217df158800 DEOPT PACKING pc=0x00000217c9eb86bc sp=0x000000e9164fa320
Event: 13.813 Thread 0x00000217df158800 DEOPT UNPACKING pc=0x00000217c21374af sp=0x000000e9164fa208 mode 2
Event: 13.813 Thread 0x00000217df158800 Uncommon trap: trap_request=0xffffff4d fr.pc=0x00000217ca135aac relative=0x000000000000056c
Event: 13.813 Thread 0x00000217df158800 Uncommon trap: reason=unstable_if action=reinterpret pc=0x00000217ca135aac method=com.android.tools.r8.graph.q0.a(C)I @ 7 c2
Event: 13.813 Thread 0x00000217df158800 DEOPT PACKING pc=0x00000217ca135aac sp=0x000000e9164fa360
Event: 13.813 Thread 0x00000217df158800 DEOPT UNPACKING pc=0x00000217c21374af sp=0x000000e9164fa2b0 mode 2
Event: 13.813 Thread 0x00000217df158800 Uncommon trap: trap_request=0xffffff4d fr.pc=0x00000217ca136a24 relative=0x0000000000000084
Event: 13.813 Thread 0x00000217df158800 Uncommon trap: reason=unstable_if action=reinterpret pc=0x00000217ca136a24 method=com.android.tools.r8.graph.q0.a(C[BI)I @ 7 c2
Event: 13.813 Thread 0x00000217df158800 DEOPT PACKING pc=0x00000217ca136a24 sp=0x000000e9164fa300
Event: 13.813 Thread 0x00000217df158800 DEOPT UNPACKING pc=0x00000217c21374af sp=0x000000e9164fa298 mode 2
Event: 13.852 Thread 0x00000217df158800 Uncommon trap: trap_request=0xffffff4d fr.pc=0x00000217ca1524a4 relative=0x0000000000000084
Event: 13.852 Thread 0x00000217df158800 Uncommon trap: reason=unstable_if action=reinterpret pc=0x00000217ca1524a4 method=com.android.tools.r8.utils.a0.d(I)Z @ 45 c2
Event: 13.852 Thread 0x00000217df158800 DEOPT PACKING pc=0x00000217ca1524a4 sp=0x000000e9164f9ed0
Event: 13.852 Thread 0x00000217df158800 DEOPT UNPACKING pc=0x00000217c21374af sp=0x000000e9164f9e60 mode 2
Event: 13.935 Thread 0x00000217df158800 DEOPT PACKING pc=0x00000217c3a7e396 sp=0x000000e9164faa40
Event: 13.935 Thread 0x00000217df158800 DEOPT UNPACKING pc=0x00000217c21372ce sp=0x000000e9164f9f70 mode 0

Classes redefined (0 events):
No events

Internal exceptions (20 events):
Event: 13.597 Thread 0x00000217df164000 Exception <a 'java/lang/NoSuchMethodError'{0x0000000089c88348}: 'java.lang.Object java.lang.invoke.DirectMethodHandle$Holder.invokeSpecial(java.lang.Object, java.lang.Object, long)'> (0x0000000089c88348) thrown at [./src/hotspot/share/interpreter/linkResolver.cpp, line 773]
Event: 13.598 Thread 0x00000217df164000 Exception <a 'java/lang/NoSuchMethodError'{0x0000000089c8b858}: 'java.lang.Object java.lang.invoke.Invokers$Holder.linkToTargetMethod(long, java.lang.Object)'> (0x0000000089c8b858) thrown at [./src/hotspot/share/interpreter/linkResolver.cpp, line 773]
Event: 13.598 Thread 0x00000217df159000 Exception <a 'java/lang/NoSuchMethodError'{0x0000000089ed5988}: 'java.lang.Object java.lang.invoke.DirectMethodHandle$Holder.invokeSpecial(java.lang.Object, java.lang.Object, long)'> (0x0000000089ed5988) thrown at [./src/hotspot/share/interpreter/linkResolver.cpp, line 773]
Event: 13.598 Thread 0x00000217df159000 Exception <a 'java/lang/NoSuchMethodError'{0x0000000089ed8e98}: 'java.lang.Object java.lang.invoke.Invokers$Holder.linkToTargetMethod(long, java.lang.Object)'> (0x0000000089ed8e98) thrown at [./src/hotspot/share/interpreter/linkResolver.cpp, line 773]
Event: 13.674 Thread 0x00000217df160000 Exception <a 'java/lang/NoSuchMethodError'{0x00000000892b7140}: 'void java.lang.invoke.DirectMethodHandle$Holder.invokeStatic(java.lang.Object, java.lang.Object, java.lang.Object, int)'> (0x00000000892b7140) thrown at [./src/hotspot/share/interpreter/linkResolver.cpp, line 773]
Event: 13.674 Thread 0x00000217df164000 Exception <a 'java/lang/NoSuchMethodError'{0x000000008928f150}: 'void java.lang.invoke.DirectMethodHandle$Holder.invokeStatic(java.lang.Object, java.lang.Object, java.lang.Object, int)'> (0x000000008928f150) thrown at [./src/hotspot/share/interpreter/linkResolver.cpp, line 773]
Event: 13.680 Thread 0x00000217df160000 Exception <a 'java/lang/IncompatibleClassChangeError'{0x00000000892bcde0}: Found class java.lang.Object, but interface was expected> (0x00000000892bcde0) thrown at [./src/hotspot/share/interpreter/linkResolver.cpp, line 839]
Event: 13.683 Thread 0x00000217df160800 Exception <a 'java/lang/IncompatibleClassChangeError'{0x00000000892a7ff0}: Found class java.lang.Object, but interface was expected> (0x00000000892a7ff0) thrown at [./src/hotspot/share/interpreter/linkResolver.cpp, line 839]
Event: 13.794 Thread 0x00000217deff9000 Exception <a 'java/lang/NoSuchMethodError'{0x00000000883db9b0}: 'void java.lang.invoke.DirectMethodHandle$Holder.invokeStatic(java.lang.Object, long)'> (0x00000000883db9b0) thrown at [./src/hotspot/share/interpreter/linkResolver.cpp, line 773]
Event: 13.799 Thread 0x00000217deff9000 Exception <a 'java/lang/NoSuchMethodError'{0x00000000883e65f8}: 'java.lang.Object java.lang.invoke.DirectMethodHandle$Holder.invokeStaticInit(java.lang.Object, java.lang.Object, long, java.lang.Object)'> (0x00000000883e65f8) thrown at [./src/hotspot/share/interpreter/linkResolver.cpp, line 773]
Event: 13.800 Thread 0x00000217deff9000 Exception <a 'java/lang/NoSuchMethodError'{0x00000000883ec790}: 'java.lang.Object java.lang.invoke.DirectMethodHandle$Holder.invokeStatic(java.lang.Object, java.lang.Object, long)'> (0x00000000883ec790) thrown at [./src/hotspot/share/interpreter/linkResolver.cpp, line 773]
Event: 13.876 Thread 0x00000217deff9000 Exception <a 'java/lang/NoSuchMethodError'{0x00000000883f2d08}: 'java.lang.Object java.lang.invoke.Invokers$Holder.linkToTargetMethod(java.lang.Object, long, java.lang.Object)'> (0x00000000883f2d08) thrown at [./src/hotspot/share/interpreter/linkResolver.cpp, line 773]
Event: 13.908 Thread 0x00000217df160800 Exception <a 'java/lang/NoSuchMethodError'{0x000000008743fdf8}: 'long java.lang.invoke.DirectMethodHandle$Holder.invokeStatic(java.lang.Object, java.lang.Object)'> (0x000000008743fdf8) thrown at [./src/hotspot/share/interpreter/linkResolver.cpp, line 773]
Event: 13.909 Thread 0x00000217df161800 Exception <a 'java/lang/NoSuchMethodError'{0x00000000873bf028}: 'long java.lang.invoke.DirectMethodHandle$Holder.invokeStatic(java.lang.Object, java.lang.Object)'> (0x00000000873bf028) thrown at [./src/hotspot/share/interpreter/linkResolver.cpp, line 773]
Event: 13.909 Thread 0x00000217df159000 Exception <a 'java/lang/NoSuchMethodError'{0x000000008846f180}: 'long java.lang.invoke.DirectMethodHandle$Holder.invokeStatic(java.lang.Object, java.lang.Object)'> (0x000000008846f180) thrown at [./src/hotspot/share/interpreter/linkResolver.cpp, line 773]
Event: 13.909 Thread 0x00000217df164000 Exception <a 'java/lang/NoSuchMethodError'{0x00000000873cffd0}: 'long java.lang.invoke.DirectMethodHandle$Holder.invokeStatic(java.lang.Object, java.lang.Object)'> (0x00000000873cffd0) thrown at [./src/hotspot/share/interpreter/linkResolver.cpp, line 773]
Event: 13.909 Thread 0x00000217df163000 Exception <a 'java/lang/NoSuchMethodError'{0x00000000875c33a0}: 'long java.lang.invoke.DirectMethodHandle$Holder.invokeStatic(java.lang.Object, java.lang.Object)'> (0x00000000875c33a0) thrown at [./src/hotspot/share/interpreter/linkResolver.cpp, line 773]
Event: 13.908 Thread 0x00000217df160000 Exception <a 'java/lang/NoSuchMethodError'{0x0000000087eb1700}: 'long java.lang.invoke.DirectMethodHandle$Holder.invokeStatic(java.lang.Object, java.lang.Object)'> (0x0000000087eb1700) thrown at [./src/hotspot/share/interpreter/linkResolver.cpp, line 773]
Event: 13.917 Thread 0x00000217df159000 Exception <a 'java/lang/NoSuchMethodError'{0x0000000087208a80}: 'void java.lang.invoke.DirectMethodHandle$Holder.invokeSpecial(java.lang.Object, java.lang.Object, int, java.lang.Object)'> (0x0000000087208a80) thrown at [./src/hotspot/share/interpreter/linkResolver.cpp, line 773]
Event: 13.917 Thread 0x00000217df160800 Exception <a 'java/lang/NoSuchMethodError'{0x00000000872c8310}: 'void java.lang.invoke.DirectMethodHandle$Holder.invokeSpecial(java.lang.Object, java.lang.Object, int, java.lang.Object)'> (0x00000000872c8310) thrown at [./src/hotspot/share/interpreter/linkResolver.cpp, line 773]

Events (20 events):
Event: 13.930 loading class com/android/tools/r8/graph/l0 done
Event: 13.931 loading class com/android/tools/r8/graph/M1
Event: 13.931 loading class com/android/tools/r8/graph/M1 done
Event: 13.931 loading class com/android/tools/r8/graph/M1
Event: 13.931 loading class com/android/tools/r8/graph/M1 done
Event: 13.931 loading class com/android/tools/r8/graph/M1
Event: 13.931 loading class com/android/tools/r8/graph/M1 done
Event: 13.931 loading class com/android/tools/r8/utils/B1/k
Event: 13.931 loading class com/android/tools/r8/utils/B1/k done
Event: 13.931 loading class com/android/tools/r8/utils/B1/k
Event: 13.931 loading class com/android/tools/r8/utils/B1/k done
Event: 13.931 loading class com/android/tools/r8/utils/B1/k
Event: 13.931 loading class com/android/tools/r8/utils/B1/k done
Event: 13.931 loading class com/android/tools/r8/position/MethodPosition
Event: 13.931 loading class com/android/tools/r8/position/MethodPosition done
Event: 13.932 loading class com/android/tools/r8/references/Reference
Event: 13.932 loading class com/android/tools/r8/references/Reference done
Event: 13.934 loading class com/android/tools/r8/references/PrimitiveReference
Event: 13.934 loading class com/android/tools/r8/references/PrimitiveReference done
Event: 13.936 Executing VM operation: G1CollectForAllocation


Dynamic libraries:
0x00007ff7a51e0000 - 0x00007ff7a51ea000 	C:\Program Files\Android\Android Studio\jre\bin\java.exe
0x00007ffe0c2b0000 - 0x00007ffe0c4a5000 	C:\WINDOWS\SYSTEM32\ntdll.dll
0x00007ffe0b480000 - 0x00007ffe0b53d000 	C:\WINDOWS\System32\KERNEL32.DLL
0x00007ffe09b30000 - 0x00007ffe09df8000 	C:\WINDOWS\System32\KERNELBASE.dll
0x00007ffe0a1b0000 - 0x00007ffe0a2b0000 	C:\WINDOWS\System32\ucrtbase.dll
0x00007ffe052c0000 - 0x00007ffe052d9000 	C:\Program Files\Android\Android Studio\jre\bin\jli.dll
0x00007ffe029f0000 - 0x00007ffe02a07000 	C:\Program Files\Android\Android Studio\jre\bin\VCRUNTIME140.dll
0x00007ffe0c0d0000 - 0x00007ffe0c270000 	C:\WINDOWS\System32\USER32.dll
0x00007ffdf79c0000 - 0x00007ffdf7c5a000 	C:\WINDOWS\WinSxS\amd64_microsoft.windows.common-controls_6595b64144ccf1df_6.0.19041.844_none_ca00b6081b84eb1d\COMCTL32.dll
0x00007ffe0a090000 - 0x00007ffe0a0b2000 	C:\WINDOWS\System32\win32u.dll
0x00007ffe0b710000 - 0x00007ffe0b73a000 	C:\WINDOWS\System32\GDI32.dll
0x00007ffe0b800000 - 0x00007ffe0b89e000 	C:\WINDOWS\System32\msvcrt.dll
0x00007ffe099f0000 - 0x00007ffe09afb000 	C:\WINDOWS\System32\gdi32full.dll
0x00007ffe0a110000 - 0x00007ffe0a1ad000 	C:\WINDOWS\System32\msvcp_win.dll
0x00007ffe0a710000 - 0x00007ffe0a740000 	C:\WINDOWS\System32\IMM32.DLL
0x00007ffdcd6a0000 - 0x00007ffdcd73d000 	C:\Program Files\Android\Android Studio\jre\bin\msvcp140.dll
0x00007ffdbf370000 - 0x00007ffdbfe2c000 	C:\Program Files\Android\Android Studio\jre\bin\server\jvm.dll
0x00007ffe0b3a0000 - 0x00007ffe0b44c000 	C:\WINDOWS\System32\ADVAPI32.dll
0x00007ffe0b660000 - 0x00007ffe0b6fb000 	C:\WINDOWS\System32\sechost.dll
0x00007ffe0a740000 - 0x00007ffe0a86b000 	C:\WINDOWS\System32\RPCRT4.dll
0x00007ffe0afc0000 - 0x00007ffe0afc8000 	C:\WINDOWS\System32\PSAPI.DLL
0x00007ffdf6720000 - 0x00007ffdf6729000 	C:\WINDOWS\SYSTEM32\WSOCK32.dll
0x00007ffdfdb10000 - 0x00007ffdfdb37000 	C:\WINDOWS\SYSTEM32\WINMM.dll
0x00007ffe00f80000 - 0x00007ffe00f8a000 	C:\WINDOWS\SYSTEM32\VERSION.dll
0x00007ffe0b540000 - 0x00007ffe0b5ab000 	C:\WINDOWS\System32\WS2_32.dll
0x00007ffe082d0000 - 0x00007ffe082e2000 	C:\WINDOWS\SYSTEM32\kernel.appcore.dll
0x00007ffe046e0000 - 0x00007ffe046f1000 	C:\Program Files\Android\Android Studio\jre\bin\verify.dll
0x00007ffe07f90000 - 0x00007ffe08174000 	C:\WINDOWS\SYSTEM32\DBGHELP.DLL
0x00007ffdf4d60000 - 0x00007ffdf4d8c000 	C:\WINDOWS\SYSTEM32\dbgcore.DLL
0x00007ffe09e00000 - 0x00007ffe09e80000 	C:\WINDOWS\System32\bcryptPrimitives.dll
0x00007ffdec1f0000 - 0x00007ffdec219000 	C:\Program Files\Android\Android Studio\jre\bin\java.dll
0x00007ffe04810000 - 0x00007ffe0481b000 	C:\Program Files\Android\Android Studio\jre\bin\jimage.dll
0x00007ffe03c30000 - 0x00007ffe03c48000 	C:\Program Files\Android\Android Studio\jre\bin\zip.dll
0x00007ffe0a870000 - 0x00007ffe0afb2000 	C:\WINDOWS\System32\SHELL32.dll
0x00007ffe077f0000 - 0x00007ffe07f80000 	C:\WINDOWS\SYSTEM32\windows.storage.dll
0x00007ffe0b8a0000 - 0x00007ffe0bbf5000 	C:\WINDOWS\System32\combase.dll
0x00007ffe09390000 - 0x00007ffe093bc000 	C:\WINDOWS\SYSTEM32\Wldp.dll
0x00007ffe0b5b0000 - 0x00007ffe0b65e000 	C:\WINDOWS\System32\SHCORE.dll
0x00007ffe0b740000 - 0x00007ffe0b795000 	C:\WINDOWS\System32\shlwapi.dll
0x00007ffe09930000 - 0x00007ffe0994f000 	C:\WINDOWS\SYSTEM32\profapi.dll
0x00007ffe025b0000 - 0x00007ffe025ca000 	C:\Program Files\Android\Android Studio\jre\bin\net.dll
0x00007ffe02470000 - 0x00007ffe0257b000 	C:\WINDOWS\SYSTEM32\WINHTTP.dll
0x00007ffe09170000 - 0x00007ffe091da000 	C:\WINDOWS\system32\mswsock.dll
0x00007ffdfdf60000 - 0x00007ffdfdf74000 	C:\Program Files\Android\Android Studio\jre\bin\nio.dll
0x00007ffdd9c80000 - 0x00007ffdd9ca7000 	C:\Users\COMPUTER\.gradle\native\fdc75f09e3144964f2cf3f50f0aa648679c211496f362492102eb8c894070792\windows-amd64\native-platform.dll
0x00007ffdbc1f0000 - 0x00007ffdbc386000 	C:\Users\COMPUTER\.gradle\native\12488b8bf47d2d4c9fbf2f6322a914ad602e24e48041cd04a747c6da556b65c4\windows-amd64\native-platform-file-events.dll
0x00007ffe046d0000 - 0x00007ffe046da000 	C:\Program Files\Android\Android Studio\jre\bin\management.dll
0x00007ffe04680000 - 0x00007ffe0468c000 	C:\Program Files\Android\Android Studio\jre\bin\management_ext.dll
0x00007ffe093d0000 - 0x00007ffe093e8000 	C:\WINDOWS\SYSTEM32\CRYPTSP.dll
0x00007ffe08ac0000 - 0x00007ffe08af4000 	C:\WINDOWS\system32\rsaenh.dll
0x00007ffe09b00000 - 0x00007ffe09b27000 	C:\WINDOWS\System32\bcrypt.dll
0x00007ffe098f0000 - 0x00007ffe0991e000 	C:\WINDOWS\SYSTEM32\USERENV.dll
0x00007ffe092f0000 - 0x00007ffe092fc000 	C:\WINDOWS\SYSTEM32\CRYPTBASE.dll
0x00007ffe08e30000 - 0x00007ffe08e6b000 	C:\WINDOWS\SYSTEM32\IPHLPAPI.DLL
0x00007ffe0b700000 - 0x00007ffe0b708000 	C:\WINDOWS\System32\NSI.dll
0x00007ffe02240000 - 0x00007ffe02257000 	C:\WINDOWS\SYSTEM32\dhcpcsvc6.DLL
0x00007ffe03290000 - 0x00007ffe032ad000 	C:\WINDOWS\SYSTEM32\dhcpcsvc.DLL
0x00007ffe08e70000 - 0x00007ffe08f3c000 	C:\WINDOWS\SYSTEM32\DNSAPI.dll
0x00007ffe036e0000 - 0x00007ffe036eb000 	C:\WINDOWS\SYSTEM32\WINNSI.DLL

dbghelp: loaded successfully - version: 4.0.5 - missing functions: none
symbol engine: initialized successfully - sym options: 0x614 - pdb path: .;C:\Program Files\Android\Android Studio\jre\bin;C:\WINDOWS\SYSTEM32;C:\WINDOWS\WinSxS\amd64_microsoft.windows.common-controls_6595b64144ccf1df_6.0.19041.844_none_ca00b6081b84eb1d;C:\Program Files\Android\Android Studio\jre\bin\server;C:\Users\COMPUTER\.gradle\native\fdc75f09e3144964f2cf3f50f0aa648679c211496f362492102eb8c894070792\windows-amd64;C:\Users\COMPUTER\.gradle\native\12488b8bf47d2d4c9fbf2f6322a914ad602e24e48041cd04a747c6da556b65c4\windows-amd64

VM Arguments:
jvm_args: --add-opens=java.base/java.util=ALL-UNNAMED --add-opens=java.base/java.lang=ALL-UNNAMED --add-opens=java.base/java.lang.invoke=ALL-UNNAMED --add-opens=java.prefs/java.util.prefs=ALL-UNNAMED -Xmx2048m -Dfile.encoding=windows-1252 -Duser.country=US -Duser.language=en -Duser.variant 
java_command: org.gradle.launcher.daemon.bootstrap.GradleDaemon 6.7.1
java_class_path (initial): C:\Users\COMPUTER\.gradle\wrapper\dists\gradle-6.7.1-all\2moa8rlfac5eqlcfgk98k0deb\gradle-6.7.1\lib\gradle-launcher-6.7.1.jar
Launcher Type: SUN_STANDARD

[Global flags]
     intx CICompilerCount                          = 4                                         {product} {ergonomic}
     uint ConcGCThreads                            = 2                                         {product} {ergonomic}
     uint G1ConcRefinementThreads                  = 8                                         {product} {ergonomic}
   size_t G1HeapRegionSize                         = 1048576                                   {product} {ergonomic}
    uintx GCDrainStackTargetSize                   = 64                                        {product} {ergonomic}
   size_t InitialHeapSize                          = 201326592                                 {product} {ergonomic}
   size_t MarkStackSize                            = 4194304                                   {product} {ergonomic}
   size_t MaxHeapSize                              = 2147483648                                {product} {command line}
   size_t MaxNewSize                               = 1287651328                                {product} {ergonomic}
   size_t MinHeapDeltaBytes                        = 1048576                                   {product} {ergonomic}
    uintx NonNMethodCodeHeapSize                   = 5836300                                {pd product} {ergonomic}
    uintx NonProfiledCodeHeapSize                  = 122910970                              {pd product} {ergonomic}
    uintx ProfiledCodeHeapSize                     = 122910970                              {pd product} {ergonomic}
    uintx ReservedCodeCacheSize                    = 251658240                              {pd product} {ergonomic}
     bool SegmentedCodeCache                       = true                                      {product} {ergonomic}
     bool UseCompressedClassPointers               = true                                 {lp64_product} {ergonomic}
     bool UseCompressedOops                        = true                                 {lp64_product} {ergonomic}
     bool UseG1GC                                  = true                                      {product} {ergonomic}
     bool UseLargePagesIndividualAllocation        = false                                  {pd product} {ergonomic}

Logging:
Log output configuration:
 #0: stdout all=warning uptime,level,tags
 #1: stderr all=off uptime,level,tags

Environment Variables:
JAVA_HOME=C:\Program Files\Java\jdk-15
CLASSPATH=C:\antlr\antlr-4.8-complete.jar
PATH=C:\Program Files\Common Files\Oracle\Java\javapath;C:\Program Files (x86)\Python38-32\Scripts\;C:\Program Files (x86)\Python38-32\;C:\Program Files (x86)\Intel\iCLS Client\;C:\Program Files\Intel\iCLS Client\;C:\Windows\system32;C:\Windows;C:\Windows\System32\Wbem;C:\Windows\System32\WindowsPowerShell\v1.0\;C:\Windows\System32\OpenSSH\;C:\Program Files (x86)\Intel\Intel(R) Management Engine Components\DAL;C:\Program Files\Intel\Intel(R) Management Engine Components\DAL;C:\Program Files (x86)\Intel\Intel(R) Management Engine Components\IPT;C:\Program Files\Intel\Intel(R) Management Engine Components\IPT;C:\Program Files (x86)\NVIDIA Corporation\PhysX\Common;C:\Program Files\NVIDIA Corporation\NVIDIA NvDLISR;C:\Program Files\Intel\WiFi\bin\;C:\Program Files\Common Files\Intel\WirelessCommon\;C:\WINDOWS\system32;C:\WINDOWS;C:\WINDOWS\System32\Wbem;C:\WINDOWS\System32\WindowsPowerShell\v1.0\;C:\WINDOWS\System32\OpenSSH\;C:\src\dart-sdk\bin;C:\Program Files\dotnet\;C:\Program Files\Java\jdk-15\bin;C:\Program Files\Git\cmd;C:\Program Files\nodejs\;C:\Program Files\Microsoft SQL Server\130\Tools\Binn\;C:\Program Files\Microsoft SQL Server\Client SDK\ODBC\170\Tools\Binn\;C:\Program Files\Microsoft SQL Server\120\Tools\Binn\;C:\Program Files\Microsoft SQL Server\Client SDK\ODBC\110\Tools\Binn\;C:\Program Files (x86)\Microsoft SQL Server\120\Tools\Binn\;C:\Program Files\Microsoft SQL Server\120\DTS\Binn\;C:\Program Files (x86)\Microsoft SQL Server\120\Tools\Binn\ManagementStudio\;C:\Program Files (x86)\Microsoft SQL Server\120\DTS\Binn\;C:\Program Files\PuTTY\;C:\Users\COMPUTER\AppData\Local\Programs\Python\Python36-32\Scripts\;C:\Users\COMPUTER\AppData\Local\Programs\Python\Python36-32\;C:\Users\COMPUTER\AppData\Local\Microsoft\WindowsApps;C:\Program Files\Intel\WiFi\bin\;C:\Program Files\Common Files\Intel\WirelessCommon\;C:\src\flutter\bin;C:\Program Files\dotnet\sdk\3.1.401;C:\antlr\antlr-4.8-complete.jar;C:\antlr;C:\Users\COMPUTER\AppData\Local\Programs\Microsoft VS Co
USERNAME=COMPUTER
OS=Windows_NT
PROCESSOR_IDENTIFIER=Intel64 Family 6 Model 142 Stepping 10, GenuineIntel



---------------  S Y S T E M  ---------------

OS: Windows 10 , 64 bit Build 19041 (10.0.19041.928)
OS uptime: 1 days 0:42 hours
HyperV virtualization detected

CPU:total 8 (initial active 8) (4 cores per cpu, 2 threads per core) family 6 model 142 stepping 10, cmov, cx8, fxsr, mmx, sse, sse2, sse3, ssse3, sse4.1, sse4.2, popcnt, avx, avx2, aes, clmul, erms, 3dnowpref, lzcnt, ht, tsc, tscinvbit, bmi1, bmi2, adx, fma

Memory: 4k page, system-wide physical 12170M (2195M free)
TotalPageFile size 14954M (AvailPageFile size 8M)
current process WorkingSet (physical memory assigned to process): 479M, peak: 479M
current process commit charge ("private bytes"): 524M, peak: 563M

vm_info: OpenJDK 64-Bit Server VM (11.0.8+10-b944.6842174) for windows-amd64 JRE (11.0.8+10-b944.6842174), built on Sep 19 2020 01:11:42 by "builder" with MS VC++ 14.0 (VS2015)

END.
